{"/Users/wesleysmits/Local Sites/lavandre/app/public/wp-content/themes/lavandre/assets/js/Module.ts": {"path":"/Users/wesleysmits/Local Sites/lavandre/app/public/wp-content/themes/lavandre/assets/js/Module.ts","statementMap":{"0":{"start":{"line":3,"column":0},"end":{"line":3,"column":null}},"1":{"start":{"line":5,"column":0},"end":{"line":5,"column":null}},"2":{"start":{"line":9,"column":11},"end":{"line":9,"column":40}},"3":{"start":{"line":14,"column":8},"end":{"line":14,"column":13}},"4":{"start":{"line":16,"column":8},"end":{"line":16,"column":13}},"5":{"start":{"line":17,"column":12},"end":{"line":17,"column":17}},"6":{"start":{"line":22,"column":8},"end":{"line":22,"column":13}},"7":{"start":{"line":24,"column":12},"end":{"line":24,"column":21}},"8":{"start":{"line":8,"column":0},"end":{"line":8,"column":30}}},"fnMap":{"0":{"name":"(anonymous_0)","decl":{"start":{"line":8,"column":0},"end":{"line":8,"column":30}},"loc":{"start":{"line":8,"column":0},"end":{"line":27,"column":null}}},"1":{"name":"(anonymous_1)","decl":{"start":{"line":13,"column":11},"end":{"line":13,"column":21}},"loc":{"start":{"line":13,"column":21},"end":{"line":19,"column":null}}},"2":{"name":"(anonymous_2)","decl":{"start":{"line":16,"column":55},"end":{"line":16,"column":79}},"loc":{"start":{"line":16,"column":79},"end":{"line":18,"column":null}}},"3":{"name":"(anonymous_3)","decl":{"start":{"line":21,"column":14},"end":{"line":21,"column":34}},"loc":{"start":{"line":21,"column":78},"end":{"line":26,"column":null}}},"4":{"name":"(anonymous_4)","decl":{"start":{"line":22,"column":33},"end":{"line":22,"column":57}},"loc":{"start":{"line":22,"column":57},"end":{"line":25,"column":null}}}},"branchMap":{"0":{"loc":{"start":{"line":21,"column":70},"end":{"line":21,"column":78}},"type":"default-arg","locations":[{"start":{"line":21,"column":70},"end":{"line":21,"column":78}}]}},"s":{"0":1,"1":1,"2":3,"3":3,"4":3,"5":3,"6":6,"7":114,"8":1},"f":{"0":3,"1":3,"2":3,"3":6,"4":114},"b":{"0":[6]}}
,"/Users/wesleysmits/Local Sites/lavandre/app/public/wp-content/themes/lavandre/assets/js/app.ts": {"path":"/Users/wesleysmits/Local Sites/lavandre/app/public/wp-content/themes/lavandre/assets/js/app.ts","statementMap":{"0":{"start":{"line":1,"column":0},"end":{"line":1,"column":null}},"1":{"start":{"line":2,"column":0},"end":{"line":2,"column":null}},"2":{"start":{"line":4,"column":0},"end":{"line":4,"column":null}},"3":{"start":{"line":5,"column":0},"end":{"line":5,"column":null}},"4":{"start":{"line":6,"column":0},"end":{"line":6,"column":null}},"5":{"start":{"line":7,"column":0},"end":{"line":7,"column":null}},"6":{"start":{"line":8,"column":0},"end":{"line":8,"column":null}},"7":{"start":{"line":9,"column":0},"end":{"line":9,"column":null}},"8":{"start":{"line":10,"column":0},"end":{"line":10,"column":null}},"9":{"start":{"line":11,"column":0},"end":{"line":11,"column":null}},"10":{"start":{"line":12,"column":0},"end":{"line":12,"column":null}},"11":{"start":{"line":13,"column":0},"end":{"line":13,"column":null}},"12":{"start":{"line":14,"column":0},"end":{"line":14,"column":null}},"13":{"start":{"line":15,"column":0},"end":{"line":15,"column":null}},"14":{"start":{"line":16,"column":0},"end":{"line":16,"column":null}},"15":{"start":{"line":17,"column":0},"end":{"line":17,"column":null}},"16":{"start":{"line":18,"column":0},"end":{"line":18,"column":null}},"17":{"start":{"line":19,"column":0},"end":{"line":19,"column":null}},"18":{"start":{"line":20,"column":0},"end":{"line":20,"column":null}},"19":{"start":{"line":21,"column":0},"end":{"line":21,"column":null}},"20":{"start":{"line":22,"column":0},"end":{"line":22,"column":null}},"21":{"start":{"line":23,"column":0},"end":{"line":23,"column":null}},"22":{"start":{"line":24,"column":0},"end":{"line":24,"column":null}},"23":{"start":{"line":25,"column":0},"end":{"line":25,"column":null}},"24":{"start":{"line":26,"column":0},"end":{"line":26,"column":null}},"25":{"start":{"line":27,"column":0},"end":{"line":27,"column":null}},"26":{"start":{"line":28,"column":0},"end":{"line":28,"column":null}},"27":{"start":{"line":29,"column":0},"end":{"line":29,"column":null}},"28":{"start":{"line":30,"column":0},"end":{"line":30,"column":null}},"29":{"start":{"line":31,"column":0},"end":{"line":31,"column":null}},"30":{"start":{"line":32,"column":0},"end":{"line":32,"column":null}},"31":{"start":{"line":33,"column":0},"end":{"line":33,"column":null}},"32":{"start":{"line":36,"column":11},"end":{"line":36,"column":40}},"33":{"start":{"line":38,"column":11},"end":{"line":38,"column":37}},"34":{"start":{"line":61,"column":8},"end":{"line":61,"column":14}},"35":{"start":{"line":62,"column":8},"end":{"line":62,"column":null}},"36":{"start":{"line":64,"column":37},"end":{"line":64,"column":42}},"37":{"start":{"line":67,"column":8},"end":{"line":67,"column":28}},"38":{"start":{"line":68,"column":12},"end":{"line":68,"column":18}},"39":{"start":{"line":69,"column":12},"end":{"line":69,"column":18}},"40":{"start":{"line":70,"column":12},"end":{"line":70,"column":18}},"41":{"start":{"line":71,"column":12},"end":{"line":71,"column":18}},"42":{"start":{"line":72,"column":12},"end":{"line":72,"column":18}},"43":{"start":{"line":35,"column":0},"end":{"line":35,"column":21}},"44":{"start":{"line":77,"column":0},"end":{"line":77,"column":1}},"45":{"start":{"line":78,"column":16},"end":{"line":78,"column":20}},"46":{"start":{"line":79,"column":4},"end":{"line":79,"column":7}},"47":{"start":{"line":81,"column":4},"end":{"line":81,"column":null}},"48":{"start":{"line":82,"column":4},"end":{"line":82,"column":null}},"49":{"start":{"line":86,"column":4},"end":{"line":86,"column":14}},"50":{"start":{"line":87,"column":41},"end":{"line":87,"column":49}},"51":{"start":{"line":88,"column":8},"end":{"line":90,"column":null}},"52":{"start":{"line":89,"column":12},"end":{"line":89,"column":null}},"53":{"start":{"line":92,"column":37},"end":{"line":92,"column":42}},"54":{"start":{"line":93,"column":25},"end":{"line":93,"column":null}},"55":{"start":{"line":95,"column":8},"end":{"line":95,"column":13}},"56":{"start":{"line":96,"column":12},"end":{"line":96,"column":22}},"57":{"start":{"line":99,"column":8},"end":{"line":99,"column":12}},"58":{"start":{"line":104,"column":4},"end":{"line":104,"column":12}},"59":{"start":{"line":105,"column":32},"end":{"line":105,"column":35}},"60":{"start":{"line":107,"column":8},"end":{"line":120,"column":null}},"61":{"start":{"line":108,"column":43},"end":{"line":108,"column":47}},"62":{"start":{"line":109,"column":16},"end":{"line":109,"column":23}},"63":{"start":{"line":110,"column":20},"end":{"line":113,"column":null}},"64":{"start":{"line":111,"column":24},"end":{"line":111,"column":29}},"65":{"start":{"line":112,"column":24},"end":{"line":112,"column":46}},"66":{"start":{"line":117,"column":12},"end":{"line":117,"column":27}},"67":{"start":{"line":118,"column":16},"end":{"line":118,"column":38}},"68":{"start":{"line":124,"column":0},"end":{"line":126,"column":null}},"69":{"start":{"line":125,"column":4},"end":{"line":125,"column":10}}},"fnMap":{"0":{"name":"(anonymous_0)","decl":{"start":{"line":35,"column":0},"end":{"line":35,"column":21}},"loc":{"start":{"line":35,"column":0},"end":{"line":75,"column":null}}},"1":{"name":"(anonymous_1)","decl":{"start":{"line":60,"column":11},"end":{"line":60,"column":21}},"loc":{"start":{"line":60,"column":21},"end":{"line":74,"column":null}}},"2":{"name":"(anonymous_2)","decl":{"start":{"line":67,"column":38},"end":{"line":67,"column":48}},"loc":{"start":{"line":67,"column":48},"end":{"line":73,"column":null}}},"3":{"name":"appInit","decl":{"start":{"line":77,"column":10},"end":{"line":77,"column":17}},"loc":{"start":{"line":77,"column":17},"end":{"line":83,"column":null}}},"4":{"name":"footerUspSlider","decl":{"start":{"line":85,"column":9},"end":{"line":85,"column":24}},"loc":{"start":{"line":85,"column":24},"end":{"line":101,"column":null}}},"5":{"name":"(anonymous_5)","decl":{"start":{"line":86,"column":15},"end":{"line":86,"column":20}},"loc":{"start":{"line":86,"column":20},"end":{"line":100,"column":7}}},"6":{"name":"(anonymous_6)","decl":{"start":{"line":95,"column":23},"end":{"line":95,"column":31}},"loc":{"start":{"line":95,"column":31},"end":{"line":97,"column":null}}},"7":{"name":"lazyBackgrounds","decl":{"start":{"line":103,"column":9},"end":{"line":103,"column":24}},"loc":{"start":{"line":103,"column":24},"end":{"line":122,"column":null}}},"8":{"name":"(anonymous_8)","decl":{"start":{"line":104,"column":50},"end":{"line":104,"column":55}},"loc":{"start":{"line":104,"column":55},"end":{"line":121,"column":null}}},"9":{"name":"(anonymous_9)","decl":{"start":{"line":108,"column":68},"end":{"line":108,"column":69}},"loc":{"start":{"line":108,"column":90},"end":{"line":115,"column":null}}},"10":{"name":"(anonymous_10)","decl":{"start":{"line":109,"column":33},"end":{"line":109,"column":42}},"loc":{"start":{"line":109,"column":42},"end":{"line":114,"column":null}}},"11":{"name":"(anonymous_11)","decl":{"start":{"line":117,"column":37},"end":{"line":117,"column":55}},"loc":{"start":{"line":117,"column":55},"end":{"line":119,"column":null}}}},"branchMap":{"0":{"loc":{"start":{"line":88,"column":8},"end":{"line":90,"column":null}},"type":"if","locations":[{"start":{"line":88,"column":8},"end":{"line":90,"column":null}},{"start":{"line":88,"column":8},"end":{"line":90,"column":null}}]},"1":{"loc":{"start":{"line":107,"column":8},"end":{"line":120,"column":null}},"type":"if","locations":[{"start":{"line":107,"column":8},"end":{"line":120,"column":null}},{"start":{"line":107,"column":8},"end":{"line":120,"column":null}}]},"2":{"loc":{"start":{"line":110,"column":20},"end":{"line":113,"column":null}},"type":"if","locations":[{"start":{"line":110,"column":20},"end":{"line":113,"column":null}},{"start":{"line":110,"column":20},"end":{"line":113,"column":null}}]},"3":{"loc":{"start":{"line":124,"column":0},"end":{"line":126,"column":null}},"type":"if","locations":[{"start":{"line":124,"column":0},"end":{"line":126,"column":null}},{"start":{"line":124,"column":0},"end":{"line":126,"column":null}}]}},"s":{"0":1,"1":1,"2":1,"3":1,"4":1,"5":1,"6":1,"7":1,"8":1,"9":1,"10":1,"11":1,"12":1,"13":1,"14":1,"15":1,"16":1,"17":1,"18":1,"19":1,"20":1,"21":1,"22":1,"23":1,"24":1,"25":1,"26":1,"27":1,"28":1,"29":1,"30":1,"31":1,"32":3,"33":3,"34":3,"35":3,"36":3,"37":3,"38":0,"39":0,"40":0,"41":0,"42":0,"43":1,"44":1,"45":1,"46":1,"47":1,"48":1,"49":1,"50":0,"51":0,"52":0,"53":0,"54":0,"55":0,"56":0,"57":0,"58":1,"59":0,"60":0,"61":0,"62":0,"63":0,"64":0,"65":0,"66":0,"67":0,"68":1,"69":0},"f":{"0":3,"1":3,"2":0,"3":1,"4":1,"5":0,"6":0,"7":1,"8":0,"9":0,"10":0,"11":0},"b":{"0":[0,0],"1":[0,0],"2":[0,0],"3":[0,1]}}
,"/Users/wesleysmits/Local Sites/lavandre/app/public/wp-content/themes/lavandre/assets/js/cart.ts": {"path":"/Users/wesleysmits/Local Sites/lavandre/app/public/wp-content/themes/lavandre/assets/js/cart.ts","statementMap":{"0":{"start":{"line":2,"column":0},"end":{"line":2,"column":null}},"1":{"start":{"line":3,"column":0},"end":{"line":3,"column":null}},"2":{"start":{"line":4,"column":0},"end":{"line":4,"column":null}},"3":{"start":{"line":5,"column":0},"end":{"line":5,"column":null}},"4":{"start":{"line":6,"column":0},"end":{"line":6,"column":null}},"5":{"start":{"line":9,"column":12},"end":{"line":9,"column":41}},"6":{"start":{"line":11,"column":12},"end":{"line":11,"column":35}},"7":{"start":{"line":13,"column":12},"end":{"line":13,"column":40}},"8":{"start":{"line":15,"column":12},"end":{"line":15,"column":43}},"9":{"start":{"line":17,"column":12},"end":{"line":17,"column":44}},"10":{"start":{"line":19,"column":12},"end":{"line":19,"column":52}},"11":{"start":{"line":22,"column":8},"end":{"line":22,"column":13}},"12":{"start":{"line":23,"column":12},"end":{"line":25,"column":null}},"13":{"start":{"line":24,"column":16},"end":{"line":24,"column":null}},"14":{"start":{"line":27,"column":12},"end":{"line":30,"column":null}},"15":{"start":{"line":28,"column":16},"end":{"line":28,"column":21}},"16":{"start":{"line":29,"column":16},"end":{"line":29,"column":21}},"17":{"start":{"line":35,"column":8},"end":{"line":37,"column":null}},"18":{"start":{"line":36,"column":12},"end":{"line":36,"column":null}},"19":{"start":{"line":39,"column":8},"end":{"line":39,"column":13}},"20":{"start":{"line":40,"column":8},"end":{"line":40,"column":13}},"21":{"start":{"line":44,"column":8},"end":{"line":44,"column":15}},"22":{"start":{"line":48,"column":8},"end":{"line":48,"column":13}},"23":{"start":{"line":52,"column":8},"end":{"line":52,"column":15}},"24":{"start":{"line":58,"column":8},"end":{"line":58,"column":13}},"25":{"start":{"line":59,"column":8},"end":{"line":59,"column":13}},"26":{"start":{"line":61,"column":59},"end":{"line":61,"column":64}},"27":{"start":{"line":64,"column":8},"end":{"line":69,"column":null}},"28":{"start":{"line":64,"column":21},"end":{"line":64,"column":24}},"29":{"start":{"line":65,"column":27},"end":{"line":65,"column":49}},"30":{"start":{"line":66,"column":12},"end":{"line":66,"column":18}},"31":{"start":{"line":67,"column":16},"end":{"line":67,"column":21}},"32":{"start":{"line":71,"column":8},"end":{"line":71,"column":13}},"33":{"start":{"line":72,"column":12},"end":{"line":74,"column":null}},"34":{"start":{"line":73,"column":16},"end":{"line":73,"column":null}},"35":{"start":{"line":76,"column":12},"end":{"line":78,"column":null}},"36":{"start":{"line":77,"column":16},"end":{"line":77,"column":22}},"37":{"start":{"line":80,"column":12},"end":{"line":80,"column":17}},"38":{"start":{"line":81,"column":16},"end":{"line":81,"column":21}},"39":{"start":{"line":85,"column":59},"end":{"line":85,"column":64}},"40":{"start":{"line":88,"column":8},"end":{"line":117,"column":null}},"41":{"start":{"line":88,"column":25},"end":{"line":88,"column":28}},"42":{"start":{"line":89,"column":46},"end":{"line":89,"column":68}},"43":{"start":{"line":91,"column":12},"end":{"line":91,"column":18}},"44":{"start":{"line":92,"column":16},"end":{"line":92,"column":21}},"45":{"start":{"line":94,"column":49},"end":{"line":94,"column":null}},"46":{"start":{"line":96,"column":16},"end":{"line":99,"column":null}},"47":{"start":{"line":97,"column":20},"end":{"line":97,"column":26}},"48":{"start":{"line":98,"column":20},"end":{"line":98,"column":null}},"49":{"start":{"line":101,"column":42},"end":{"line":101,"column":null}},"50":{"start":{"line":107,"column":16},"end":{"line":107,"column":null}},"51":{"start":{"line":113,"column":24},"end":{"line":113,"column":30}},"52":{"start":{"line":121,"column":51},"end":{"line":121,"column":59}},"53":{"start":{"line":124,"column":8},"end":{"line":126,"column":null}},"54":{"start":{"line":125,"column":12},"end":{"line":125,"column":null}},"55":{"start":{"line":128,"column":45},"end":{"line":128,"column":49}},"56":{"start":{"line":129,"column":8},"end":{"line":129,"column":21}},"57":{"start":{"line":133,"column":41},"end":{"line":133,"column":46}},"58":{"start":{"line":134,"column":46},"end":{"line":134,"column":null}},"59":{"start":{"line":135,"column":37},"end":{"line":135,"column":null}},"60":{"start":{"line":137,"column":8},"end":{"line":139,"column":null}},"61":{"start":{"line":138,"column":12},"end":{"line":138,"column":18}},"62":{"start":{"line":141,"column":21},"end":{"line":141,"column":null}},"63":{"start":{"line":149,"column":8},"end":{"line":149,"column":24}},"64":{"start":{"line":153,"column":41},"end":{"line":153,"column":47}},"65":{"start":{"line":154,"column":46},"end":{"line":154,"column":null}},"66":{"start":{"line":155,"column":36},"end":{"line":155,"column":null}},"67":{"start":{"line":157,"column":8},"end":{"line":159,"column":null}},"68":{"start":{"line":158,"column":12},"end":{"line":158,"column":18}},"69":{"start":{"line":161,"column":21},"end":{"line":161,"column":null}},"70":{"start":{"line":168,"column":8},"end":{"line":168,"column":24}},"71":{"start":{"line":172,"column":8},"end":{"line":175,"column":null}},"72":{"start":{"line":173,"column":12},"end":{"line":173,"column":17}},"73":{"start":{"line":174,"column":12},"end":{"line":174,"column":null}},"74":{"start":{"line":177,"column":8},"end":{"line":177,"column":13}},"75":{"start":{"line":181,"column":21},"end":{"line":181,"column":null}},"76":{"start":{"line":186,"column":8},"end":{"line":186,"column":null}},"77":{"start":{"line":195,"column":8},"end":{"line":197,"column":null}},"78":{"start":{"line":196,"column":12},"end":{"line":196,"column":null}},"79":{"start":{"line":199,"column":28},"end":{"line":199,"column":null}},"80":{"start":{"line":201,"column":8},"end":{"line":201,"column":13}},"81":{"start":{"line":202,"column":8},"end":{"line":202,"column":13}},"82":{"start":{"line":204,"column":8},"end":{"line":204,"column":30}},"83":{"start":{"line":205,"column":8},"end":{"line":205,"column":13}},"84":{"start":{"line":209,"column":44},"end":{"line":209,"column":49}},"85":{"start":{"line":210,"column":8},"end":{"line":212,"column":null}},"86":{"start":{"line":211,"column":12},"end":{"line":211,"column":null}},"87":{"start":{"line":214,"column":8},"end":{"line":214,"column":13}},"88":{"start":{"line":215,"column":8},"end":{"line":215,"column":13}},"89":{"start":{"line":222,"column":9},"end":{"line":222,"column":null}},"90":{"start":{"line":219,"column":13},"end":{"line":219,"column":17}},"91":{"start":{"line":220,"column":0},"end":{"line":220,"column":4}},"92":{"start":{"line":223,"column":0},"end":{"line":223,"column":15}}},"fnMap":{"0":{"name":"(anonymous_0)","decl":{"start":{"line":21,"column":4},"end":{"line":21,"column":null}},"loc":{"start":{"line":21,"column":4},"end":{"line":32,"column":null}}},"1":{"name":"(anonymous_1)","decl":{"start":{"line":22,"column":55},"end":{"line":22,"column":79}},"loc":{"start":{"line":22,"column":79},"end":{"line":31,"column":null}}},"2":{"name":"(anonymous_2)","decl":{"start":{"line":34,"column":11},"end":{"line":34,"column":21}},"loc":{"start":{"line":34,"column":21},"end":{"line":41,"column":null}}},"3":{"name":"(anonymous_3)","decl":{"start":{"line":43,"column":19},"end":{"line":43,"column":null}},"loc":{"start":{"line":43,"column":19},"end":{"line":45,"column":null}}},"4":{"name":"(anonymous_4)","decl":{"start":{"line":47,"column":19},"end":{"line":47,"column":20}},"loc":{"start":{"line":47,"column":40},"end":{"line":49,"column":null}}},"5":{"name":"(anonymous_5)","decl":{"start":{"line":51,"column":21},"end":{"line":51,"column":null}},"loc":{"start":{"line":51,"column":21},"end":{"line":55,"column":null}}},"6":{"name":"(anonymous_6)","decl":{"start":{"line":57,"column":12},"end":{"line":57,"column":29}},"loc":{"start":{"line":57,"column":29},"end":{"line":118,"column":null}}},"7":{"name":"(anonymous_7)","decl":{"start":{"line":66,"column":45},"end":{"line":66,"column":50}},"loc":{"start":{"line":66,"column":50},"end":{"line":68,"column":null}}},"8":{"name":"(anonymous_8)","decl":{"start":{"line":71,"column":48},"end":{"line":71,"column":75}},"loc":{"start":{"line":71,"column":75},"end":{"line":83,"column":null}}},"9":{"name":"(anonymous_9)","decl":{"start":{"line":80,"column":51},"end":{"line":80,"column":56}},"loc":{"start":{"line":80,"column":56},"end":{"line":82,"column":15}}},"10":{"name":"(anonymous_10)","decl":{"start":{"line":91,"column":46},"end":{"line":91,"column":62}},"loc":{"start":{"line":91,"column":62},"end":{"line":116,"column":null}}},"11":{"name":"(anonymous_11)","decl":{"start":{"line":112,"column":20},"end":{"line":112,"column":25}},"loc":{"start":{"line":112,"column":25},"end":{"line":114,"column":null}}},"12":{"name":"(anonymous_12)","decl":{"start":{"line":120,"column":12},"end":{"line":120,"column":36}},"loc":{"start":{"line":120,"column":36},"end":{"line":130,"column":null}}},"13":{"name":"(anonymous_13)","decl":{"start":{"line":132,"column":12},"end":{"line":132,"column":26}},"loc":{"start":{"line":132,"column":50},"end":{"line":150,"column":null}}},"14":{"name":"(anonymous_14)","decl":{"start":{"line":152,"column":12},"end":{"line":152,"column":26}},"loc":{"start":{"line":152,"column":52},"end":{"line":169,"column":null}}},"15":{"name":"(anonymous_15)","decl":{"start":{"line":171,"column":11},"end":{"line":171,"column":21}},"loc":{"start":{"line":171,"column":35},"end":{"line":178,"column":null}}},"16":{"name":"(anonymous_16)","decl":{"start":{"line":180,"column":12},"end":{"line":180,"column":26}},"loc":{"start":{"line":180,"column":26},"end":{"line":192,"column":null}}},"17":{"name":"(anonymous_17)","decl":{"start":{"line":194,"column":11},"end":{"line":194,"column":28}},"loc":{"start":{"line":194,"column":51},"end":{"line":206,"column":null}}},"18":{"name":"(anonymous_18)","decl":{"start":{"line":208,"column":12},"end":{"line":208,"column":27}},"loc":{"start":{"line":208,"column":64},"end":{"line":216,"column":null}}}},"branchMap":{"0":{"loc":{"start":{"line":23,"column":12},"end":{"line":25,"column":null}},"type":"if","locations":[{"start":{"line":23,"column":12},"end":{"line":25,"column":null}},{"start":{"line":23,"column":12},"end":{"line":25,"column":null}}]},"1":{"loc":{"start":{"line":23,"column":16},"end":{"line":23,"column":28}},"type":"binary-expr","locations":[{"start":{"line":23,"column":16},"end":{"line":23,"column":28}},{"start":{"line":23,"column":28},"end":{"line":23,"column":56}}]},"2":{"loc":{"start":{"line":27,"column":12},"end":{"line":30,"column":null}},"type":"if","locations":[{"start":{"line":27,"column":12},"end":{"line":30,"column":null}},{"start":{"line":27,"column":12},"end":{"line":30,"column":null}}]},"3":{"loc":{"start":{"line":35,"column":8},"end":{"line":37,"column":null}},"type":"if","locations":[{"start":{"line":35,"column":8},"end":{"line":37,"column":null}},{"start":{"line":35,"column":8},"end":{"line":37,"column":null}}]},"4":{"loc":{"start":{"line":53,"column":14},"end":{"line":53,"column":null}},"type":"cond-expr","locations":[{"start":{"line":53,"column":14},"end":{"line":53,"column":null}},{"start":{"line":54,"column":14},"end":{"line":54,"column":null}}]},"5":{"loc":{"start":{"line":52,"column":15},"end":{"line":52,"column":36}},"type":"binary-expr","locations":[{"start":{"line":52,"column":15},"end":{"line":52,"column":36}},{"start":{"line":52,"column":36},"end":{"line":52,"column":41}}]},"6":{"loc":{"start":{"line":72,"column":12},"end":{"line":74,"column":null}},"type":"if","locations":[{"start":{"line":72,"column":12},"end":{"line":74,"column":null}},{"start":{"line":72,"column":12},"end":{"line":74,"column":null}}]},"7":{"loc":{"start":{"line":76,"column":12},"end":{"line":78,"column":null}},"type":"if","locations":[{"start":{"line":76,"column":12},"end":{"line":78,"column":null}},{"start":{"line":76,"column":12},"end":{"line":78,"column":null}}]},"8":{"loc":{"start":{"line":96,"column":16},"end":{"line":99,"column":null}},"type":"if","locations":[{"start":{"line":96,"column":16},"end":{"line":99,"column":null}},{"start":{"line":96,"column":16},"end":{"line":99,"column":null}}]},"9":{"loc":{"start":{"line":124,"column":8},"end":{"line":126,"column":null}},"type":"if","locations":[{"start":{"line":124,"column":8},"end":{"line":126,"column":null}},{"start":{"line":124,"column":8},"end":{"line":126,"column":null}}]},"10":{"loc":{"start":{"line":134,"column":50},"end":{"line":134,"column":52}},"type":"cond-expr","locations":[{"start":{"line":134,"column":50},"end":{"line":134,"column":52}},{"start":{"line":134,"column":46},"end":{"line":134,"column":null}}]},"11":{"loc":{"start":{"line":134,"column":46},"end":{"line":134,"column":52}},"type":"binary-expr","locations":[{"start":{"line":134,"column":46},"end":{"line":134,"column":52}},{"start":{"line":134,"column":46},"end":{"line":134,"column":52}}]},"12":{"loc":{"start":{"line":135,"column":70},"end":{"line":135,"column":74}},"type":"cond-expr","locations":[{"start":{"line":135,"column":70},"end":{"line":135,"column":74}},{"start":{"line":135,"column":74},"end":{"line":135,"column":null}}]},"13":{"loc":{"start":{"line":135,"column":37},"end":{"line":135,"column":74}},"type":"binary-expr","locations":[{"start":{"line":135,"column":37},"end":{"line":135,"column":74}},{"start":{"line":135,"column":70},"end":{"line":135,"column":74}}]},"14":{"loc":{"start":{"line":135,"column":48},"end":{"line":135,"column":50}},"type":"cond-expr","locations":[{"start":{"line":135,"column":48},"end":{"line":135,"column":50}},{"start":{"line":135,"column":44},"end":{"line":135,"column":70}}]},"15":{"loc":{"start":{"line":135,"column":44},"end":{"line":135,"column":50}},"type":"binary-expr","locations":[{"start":{"line":135,"column":44},"end":{"line":135,"column":50}},{"start":{"line":135,"column":44},"end":{"line":135,"column":50}}]},"16":{"loc":{"start":{"line":137,"column":8},"end":{"line":139,"column":null}},"type":"if","locations":[{"start":{"line":137,"column":8},"end":{"line":139,"column":null}},{"start":{"line":137,"column":8},"end":{"line":139,"column":null}}]},"17":{"loc":{"start":{"line":137,"column":12},"end":{"line":137,"column":21}},"type":"binary-expr","locations":[{"start":{"line":137,"column":12},"end":{"line":137,"column":21}},{"start":{"line":137,"column":21},"end":{"line":137,"column":33}}]},"18":{"loc":{"start":{"line":155,"column":36},"end":{"line":155,"column":66}},"type":"binary-expr","locations":[{"start":{"line":155,"column":36},"end":{"line":155,"column":66}},{"start":{"line":155,"column":66},"end":{"line":155,"column":null}}]},"19":{"loc":{"start":{"line":157,"column":8},"end":{"line":159,"column":null}},"type":"if","locations":[{"start":{"line":157,"column":8},"end":{"line":159,"column":null}},{"start":{"line":157,"column":8},"end":{"line":159,"column":null}}]},"20":{"loc":{"start":{"line":157,"column":12},"end":{"line":157,"column":21}},"type":"binary-expr","locations":[{"start":{"line":157,"column":12},"end":{"line":157,"column":21}},{"start":{"line":157,"column":21},"end":{"line":157,"column":35}},{"start":{"line":157,"column":35},"end":{"line":157,"column":49}}]},"21":{"loc":{"start":{"line":172,"column":8},"end":{"line":175,"column":null}},"type":"if","locations":[{"start":{"line":172,"column":8},"end":{"line":175,"column":null}},{"start":{"line":172,"column":8},"end":{"line":175,"column":null}}]},"22":{"loc":{"start":{"line":195,"column":8},"end":{"line":197,"column":null}},"type":"if","locations":[{"start":{"line":195,"column":8},"end":{"line":197,"column":null}},{"start":{"line":195,"column":8},"end":{"line":197,"column":null}}]},"23":{"loc":{"start":{"line":195,"column":12},"end":{"line":195,"column":25}},"type":"binary-expr","locations":[{"start":{"line":195,"column":12},"end":{"line":195,"column":25}},{"start":{"line":195,"column":25},"end":{"line":195,"column":43}},{"start":{"line":195,"column":43},"end":{"line":195,"column":67}}]},"24":{"loc":{"start":{"line":210,"column":8},"end":{"line":212,"column":null}},"type":"if","locations":[{"start":{"line":210,"column":8},"end":{"line":212,"column":null}},{"start":{"line":210,"column":8},"end":{"line":212,"column":null}}]}},"s":{"0":1,"1":1,"2":1,"3":1,"4":1,"5":1,"6":1,"7":1,"8":1,"9":1,"10":1,"11":1,"12":1,"13":1,"14":0,"15":0,"16":0,"17":1,"18":1,"19":0,"20":0,"21":0,"22":0,"23":0,"24":0,"25":0,"26":0,"27":0,"28":0,"29":0,"30":0,"31":0,"32":0,"33":0,"34":0,"35":0,"36":0,"37":0,"38":0,"39":0,"40":0,"41":0,"42":0,"43":0,"44":0,"45":0,"46":0,"47":0,"48":0,"49":0,"50":0,"51":0,"52":0,"53":0,"54":0,"55":0,"56":0,"57":0,"58":0,"59":0,"60":0,"61":0,"62":0,"63":0,"64":0,"65":0,"66":0,"67":0,"68":0,"69":0,"70":0,"71":0,"72":0,"73":0,"74":0,"75":0,"76":0,"77":0,"78":0,"79":0,"80":0,"81":0,"82":0,"83":0,"84":0,"85":0,"86":0,"87":0,"88":0,"89":1,"90":1,"91":1,"92":1},"f":{"0":1,"1":1,"2":1,"3":0,"4":0,"5":0,"6":0,"7":0,"8":0,"9":0,"10":0,"11":0,"12":0,"13":0,"14":0,"15":0,"16":0,"17":0,"18":0},"b":{"0":[1,0],"1":[1,0],"2":[0,0],"3":[1,0],"4":[0,0],"5":[0,0],"6":[0,0],"7":[0,0],"8":[0,0],"9":[0,0],"10":[0,0],"11":[0,0],"12":[0,0],"13":[0,0],"14":[0,0],"15":[0,0],"16":[0,0],"17":[0,0],"18":[0,0],"19":[0,0],"20":[0,0,0],"21":[0,0],"22":[0,0],"23":[0,0,0],"24":[0,0]}}
,"/Users/wesleysmits/Local Sites/lavandre/app/public/wp-content/themes/lavandre/assets/js/common/Component.ts": {"path":"/Users/wesleysmits/Local Sites/lavandre/app/public/wp-content/themes/lavandre/assets/js/common/Component.ts","statementMap":{"0":{"start":{"line":1,"column":0},"end":{"line":1,"column":30}}},"fnMap":{"0":{"name":"(anonymous_0)","decl":{"start":{"line":2,"column":24},"end":{"line":2,"column":25}},"loc":{"start":{"line":2,"column":68},"end":{"line":2,"column":null}}}},"branchMap":{"0":{"loc":{"start":{"line":2,"column":60},"end":{"line":2,"column":68}},"type":"default-arg","locations":[{"start":{"line":2,"column":60},"end":{"line":2,"column":68}}]}},"s":{"0":5},"f":{"0":18},"b":{"0":[18]}}
,"/Users/wesleysmits/Local Sites/lavandre/app/public/wp-content/themes/lavandre/assets/js/common/DataLayer.ts": {"path":"/Users/wesleysmits/Local Sites/lavandre/app/public/wp-content/themes/lavandre/assets/js/common/DataLayer.ts","statementMap":{"0":{"start":{"line":10,"column":8},"end":{"line":10,"column":13}},"1":{"start":{"line":14,"column":8},"end":{"line":14,"column":13}},"2":{"start":{"line":15,"column":8},"end":{"line":15,"column":13}},"3":{"start":{"line":18,"column":9},"end":{"line":18,"column":null}},"4":{"start":{"line":19,"column":0},"end":{"line":19,"column":15}}},"fnMap":{"0":{"name":"(anonymous_0)","decl":{"start":{"line":9,"column":4},"end":{"line":9,"column":null}},"loc":{"start":{"line":9,"column":4},"end":{"line":11,"column":null}}},"1":{"name":"(anonymous_1)","decl":{"start":{"line":13,"column":11},"end":{"line":13,"column":15}},"loc":{"start":{"line":13,"column":31},"end":{"line":16,"column":null}}}},"branchMap":{"0":{"loc":{"start":{"line":10,"column":44},"end":{"line":10,"column":63}},"type":"cond-expr","locations":[{"start":{"line":10,"column":44},"end":{"line":10,"column":63}},{"start":{"line":10,"column":63},"end":{"line":10,"column":null}}]}},"s":{"0":5,"1":1,"2":1,"3":2,"4":2},"f":{"0":5,"1":1},"b":{"0":[2,3]}}
,"/Users/wesleysmits/Local Sites/lavandre/app/public/wp-content/themes/lavandre/assets/js/common/EventEmitter.ts": {"path":"/Users/wesleysmits/Local Sites/lavandre/app/public/wp-content/themes/lavandre/assets/js/common/EventEmitter.ts","statementMap":{"0":{"start":{"line":4,"column":12},"end":{"line":4,"column":40}},"1":{"start":{"line":10,"column":8},"end":{"line":12,"column":null}},"2":{"start":{"line":11,"column":12},"end":{"line":11,"column":17}},"3":{"start":{"line":13,"column":8},"end":{"line":13,"column":13}},"4":{"start":{"line":14,"column":8},"end":{"line":14,"column":15}},"5":{"start":{"line":14,"column":21},"end":{"line":14,"column":26}},"6":{"start":{"line":21,"column":8},"end":{"line":23,"column":null}},"7":{"start":{"line":22,"column":12},"end":{"line":22,"column":19}},"8":{"start":{"line":25,"column":30},"end":{"line":25,"column":35}},"9":{"start":{"line":26,"column":8},"end":{"line":28,"column":null}},"10":{"start":{"line":27,"column":12},"end":{"line":27,"column":17}},"11":{"start":{"line":30,"column":8},"end":{"line":30,"column":15}},"12":{"start":{"line":37,"column":8},"end":{"line":39,"column":null}},"13":{"start":{"line":38,"column":12},"end":{"line":38,"column":19}},"14":{"start":{"line":40,"column":8},"end":{"line":40,"column":15}},"15":{"start":{"line":41,"column":8},"end":{"line":41,"column":15}},"16":{"start":{"line":48,"column":8},"end":{"line":50,"column":null}},"17":{"start":{"line":49,"column":12},"end":{"line":49,"column":19}},"18":{"start":{"line":52,"column":8},"end":{"line":52,"column":13}},"19":{"start":{"line":52,"column":49},"end":{"line":52,"column":57}},"20":{"start":{"line":54,"column":8},"end":{"line":54,"column":15}},"21":{"start":{"line":61,"column":33},"end":{"line":61,"column":38}},"22":{"start":{"line":62,"column":12},"end":{"line":62,"column":null}},"23":{"start":{"line":63,"column":12},"end":{"line":63,"column":20}},"24":{"start":{"line":68,"column":9},"end":{"line":68,"column":null}},"25":{"start":{"line":69,"column":0},"end":{"line":69,"column":15}}},"fnMap":{"0":{"name":"(anonymous_0)","decl":{"start":{"line":3,"column":0},"end":{"line":3,"column":6}},"loc":{"start":{"line":3,"column":0},"end":{"line":66,"column":null}}},"1":{"name":"(anonymous_1)","decl":{"start":{"line":9,"column":4},"end":{"line":9,"column":6}},"loc":{"start":{"line":9,"column":40},"end":{"line":15,"column":null}}},"2":{"name":"(anonymous_2)","decl":{"start":{"line":14,"column":15},"end":{"line":14,"column":21}},"loc":{"start":{"line":14,"column":21},"end":{"line":14,"column":26}}},"3":{"name":"(anonymous_3)","decl":{"start":{"line":20,"column":4},"end":{"line":20,"column":18}},"loc":{"start":{"line":20,"column":52},"end":{"line":31,"column":null}}},"4":{"name":"(anonymous_4)","decl":{"start":{"line":36,"column":4},"end":{"line":36,"column":22}},"loc":{"start":{"line":36,"column":36},"end":{"line":42,"column":null}}},"5":{"name":"(anonymous_5)","decl":{"start":{"line":47,"column":4},"end":{"line":47,"column":8}},"loc":{"start":{"line":47,"column":38},"end":{"line":55,"column":null}}},"6":{"name":"(anonymous_6)","decl":{"start":{"line":52,"column":36},"end":{"line":52,"column":49}},"loc":{"start":{"line":52,"column":49},"end":{"line":52,"column":57}}},"7":{"name":"(anonymous_7)","decl":{"start":{"line":60,"column":4},"end":{"line":60,"column":8}},"loc":{"start":{"line":60,"column":42},"end":{"line":65,"column":null}}},"8":{"name":"(anonymous_8)","decl":{"start":{"line":61,"column":48},"end":{"line":61,"column":49}},"loc":{"start":{"line":61,"column":67},"end":{"line":64,"column":null}}}},"branchMap":{"0":{"loc":{"start":{"line":10,"column":8},"end":{"line":12,"column":null}},"type":"if","locations":[{"start":{"line":10,"column":8},"end":{"line":12,"column":null}},{"start":{"line":10,"column":8},"end":{"line":12,"column":null}}]},"1":{"loc":{"start":{"line":21,"column":8},"end":{"line":23,"column":null}},"type":"if","locations":[{"start":{"line":21,"column":8},"end":{"line":23,"column":null}},{"start":{"line":21,"column":8},"end":{"line":23,"column":null}}]},"2":{"loc":{"start":{"line":26,"column":8},"end":{"line":28,"column":null}},"type":"if","locations":[{"start":{"line":26,"column":8},"end":{"line":28,"column":null}},{"start":{"line":26,"column":8},"end":{"line":28,"column":null}}]},"3":{"loc":{"start":{"line":37,"column":8},"end":{"line":39,"column":null}},"type":"if","locations":[{"start":{"line":37,"column":8},"end":{"line":39,"column":null}},{"start":{"line":37,"column":8},"end":{"line":39,"column":null}}]},"4":{"loc":{"start":{"line":48,"column":8},"end":{"line":50,"column":null}},"type":"if","locations":[{"start":{"line":48,"column":8},"end":{"line":50,"column":null}},{"start":{"line":48,"column":8},"end":{"line":50,"column":null}}]}},"s":{"0":3,"1":10,"2":7,"3":10,"4":10,"5":1,"6":3,"7":1,"8":2,"9":2,"10":2,"11":2,"12":2,"13":1,"14":1,"15":1,"16":5,"17":2,"18":3,"19":6,"20":3,"21":1,"22":1,"23":1,"24":3,"25":3},"f":{"0":3,"1":10,"2":1,"3":3,"4":2,"5":5,"6":6,"7":1,"8":1},"b":{"0":[7,3],"1":[1,2],"2":[2,0],"3":[1,1],"4":[2,3]}}
,"/Users/wesleysmits/Local Sites/lavandre/app/public/wp-content/themes/lavandre/assets/js/common/HttpClient.ts": {"path":"/Users/wesleysmits/Local Sites/lavandre/app/public/wp-content/themes/lavandre/assets/js/common/HttpClient.ts","statementMap":{"0":{"start":{"line":6,"column":8},"end":{"line":6,"column":15}},"1":{"start":{"line":13,"column":44},"end":{"line":13,"column":null}},"2":{"start":{"line":21,"column":28},"end":{"line":21,"column":49}},"3":{"start":{"line":23,"column":8},"end":{"line":23,"column":15}},"4":{"start":{"line":30,"column":44},"end":{"line":30,"column":null}},"5":{"start":{"line":38,"column":28},"end":{"line":38,"column":49}},"6":{"start":{"line":40,"column":8},"end":{"line":40,"column":15}},"7":{"start":{"line":47,"column":44},"end":{"line":47,"column":null}},"8":{"start":{"line":52,"column":28},"end":{"line":52,"column":49}},"9":{"start":{"line":54,"column":8},"end":{"line":54,"column":15}},"10":{"start":{"line":61,"column":44},"end":{"line":61,"column":null}},"11":{"start":{"line":70,"column":28},"end":{"line":70,"column":49}},"12":{"start":{"line":72,"column":8},"end":{"line":72,"column":15}},"13":{"start":{"line":79,"column":8},"end":{"line":81,"column":null}},"14":{"start":{"line":80,"column":12},"end":{"line":80,"column":19}},"15":{"start":{"line":82,"column":8},"end":{"line":84,"column":null}},"16":{"start":{"line":83,"column":12},"end":{"line":83,"column":19}},"17":{"start":{"line":83,"column":50},"end":{"line":83,"column":57}},"18":{"start":{"line":86,"column":8},"end":{"line":86,"column":15}},"19":{"start":{"line":93,"column":43},"end":{"line":93,"column":51}},"20":{"start":{"line":95,"column":8},"end":{"line":97,"column":null}},"21":{"start":{"line":96,"column":12},"end":{"line":96,"column":19}},"22":{"start":{"line":99,"column":8},"end":{"line":99,"column":15}},"23":{"start":{"line":106,"column":8},"end":{"line":106,"column":15}},"24":{"start":{"line":110,"column":39},"end":{"line":110,"column":43}},"25":{"start":{"line":111,"column":0},"end":{"line":111,"column":15}}},"fnMap":{"0":{"name":"(anonymous_0)","decl":{"start":{"line":5,"column":4},"end":{"line":5,"column":7}},"loc":{"start":{"line":5,"column":42},"end":{"line":7,"column":null}}},"1":{"name":"(anonymous_1)","decl":{"start":{"line":12,"column":4},"end":{"line":12,"column":8}},"loc":{"start":{"line":12,"column":60},"end":{"line":24,"column":null}}},"2":{"name":"(anonymous_2)","decl":{"start":{"line":29,"column":4},"end":{"line":29,"column":7}},"loc":{"start":{"line":29,"column":59},"end":{"line":41,"column":null}}},"3":{"name":"(anonymous_3)","decl":{"start":{"line":46,"column":4},"end":{"line":46,"column":10}},"loc":{"start":{"line":46,"column":62},"end":{"line":55,"column":null}}},"4":{"name":"(anonymous_4)","decl":{"start":{"line":60,"column":4},"end":{"line":60,"column":11}},"loc":{"start":{"line":60,"column":46},"end":{"line":73,"column":null}}},"5":{"name":"(anonymous_5)","decl":{"start":{"line":78,"column":4},"end":{"line":78,"column":17}},"loc":{"start":{"line":78,"column":36},"end":{"line":87,"column":null}}},"6":{"name":"(anonymous_6)","decl":{"start":{"line":83,"column":41},"end":{"line":83,"column":50}},"loc":{"start":{"line":83,"column":50},"end":{"line":83,"column":57}}},"7":{"name":"(anonymous_7)","decl":{"start":{"line":92,"column":4},"end":{"line":92,"column":16}},"loc":{"start":{"line":92,"column":35},"end":{"line":100,"column":null}}},"8":{"name":"(anonymous_8)","decl":{"start":{"line":105,"column":4},"end":{"line":105,"column":32}},"loc":{"start":{"line":105,"column":47},"end":{"line":107,"column":null}}}},"branchMap":{"0":{"loc":{"start":{"line":79,"column":8},"end":{"line":81,"column":null}},"type":"if","locations":[{"start":{"line":79,"column":8},"end":{"line":81,"column":null}},{"start":{"line":79,"column":8},"end":{"line":81,"column":null}}]},"1":{"loc":{"start":{"line":79,"column":12},"end":{"line":79,"column":38}},"type":"binary-expr","locations":[{"start":{"line":79,"column":12},"end":{"line":79,"column":38}},{"start":{"line":79,"column":38},"end":{"line":79,"column":61}}]},"2":{"loc":{"start":{"line":82,"column":8},"end":{"line":84,"column":null}},"type":"if","locations":[{"start":{"line":82,"column":8},"end":{"line":84,"column":null}},{"start":{"line":82,"column":8},"end":{"line":84,"column":null}}]},"3":{"loc":{"start":{"line":82,"column":12},"end":{"line":82,"column":38}},"type":"binary-expr","locations":[{"start":{"line":82,"column":12},"end":{"line":82,"column":38}},{"start":{"line":82,"column":38},"end":{"line":82,"column":61}}]},"4":{"loc":{"start":{"line":95,"column":8},"end":{"line":97,"column":null}},"type":"if","locations":[{"start":{"line":95,"column":8},"end":{"line":97,"column":null}},{"start":{"line":95,"column":8},"end":{"line":97,"column":null}}]},"5":{"loc":{"start":{"line":95,"column":12},"end":{"line":95,"column":36}},"type":"binary-expr","locations":[{"start":{"line":95,"column":12},"end":{"line":95,"column":36}},{"start":{"line":95,"column":36},"end":{"line":95,"column":84}}]}},"s":{"0":2,"1":3,"2":3,"3":3,"4":1,"5":1,"6":1,"7":1,"8":1,"9":1,"10":7,"11":7,"12":7,"13":9,"14":7,"15":2,"16":1,"17":1,"18":1,"19":8,"20":8,"21":1,"22":7,"23":1,"24":4,"25":4},"f":{"0":2,"1":3,"2":1,"3":1,"4":7,"5":9,"6":1,"7":8,"8":1},"b":{"0":[7,2],"1":[9,9],"2":[1,1],"3":[2,2],"4":[1,7],"5":[8,8]}}
,"/Users/wesleysmits/Local Sites/lavandre/app/public/wp-content/themes/lavandre/assets/js/components/AddCouponCode.ts": {"path":"/Users/wesleysmits/Local Sites/lavandre/app/public/wp-content/themes/lavandre/assets/js/components/AddCouponCode.ts","statementMap":{"0":{"start":{"line":1,"column":0},"end":{"line":1,"column":null}},"1":{"start":{"line":2,"column":0},"end":{"line":2,"column":null}},"2":{"start":{"line":3,"column":0},"end":{"line":3,"column":null}},"3":{"start":{"line":12,"column":12},"end":{"line":12,"column":35}},"4":{"start":{"line":14,"column":12},"end":{"line":14,"column":44}},"5":{"start":{"line":19,"column":8},"end":{"line":19,"column":13}},"6":{"start":{"line":20,"column":8},"end":{"line":20,"column":13}},"7":{"start":{"line":21,"column":8},"end":{"line":21,"column":13}},"8":{"start":{"line":25,"column":8},"end":{"line":25,"column":13}},"9":{"start":{"line":26,"column":12},"end":{"line":26,"column":17}},"10":{"start":{"line":28,"column":39},"end":{"line":28,"column":43}},"11":{"start":{"line":29,"column":51},"end":{"line":29,"column":null}},"12":{"start":{"line":31,"column":12},"end":{"line":33,"column":null}},"13":{"start":{"line":32,"column":16},"end":{"line":32,"column":26}},"14":{"start":{"line":35,"column":38},"end":{"line":35,"column":null}},"15":{"start":{"line":40,"column":12},"end":{"line":40,"column":28}},"16":{"start":{"line":41,"column":12},"end":{"line":41,"column":null}},"17":{"start":{"line":51,"column":12},"end":{"line":51,"column":19}},"18":{"start":{"line":56,"column":48},"end":{"line":56,"column":53}},"19":{"start":{"line":57,"column":8},"end":{"line":59,"column":null}},"20":{"start":{"line":58,"column":12},"end":{"line":58,"column":17}},"21":{"start":{"line":61,"column":8},"end":{"line":61,"column":13}},"22":{"start":{"line":65,"column":8},"end":{"line":65,"column":24}},"23":{"start":{"line":66,"column":8},"end":{"line":66,"column":14}},"24":{"start":{"line":5,"column":0},"end":{"line":5,"column":21}}},"fnMap":{"0":{"name":"(anonymous_0)","decl":{"start":{"line":18,"column":4},"end":{"line":18,"column":16}},"loc":{"start":{"line":18,"column":37},"end":{"line":22,"column":null}}},"1":{"name":"(anonymous_1)","decl":{"start":{"line":24,"column":11},"end":{"line":24,"column":21}},"loc":{"start":{"line":24,"column":21},"end":{"line":53,"column":null}}},"2":{"name":"(anonymous_2)","decl":{"start":{"line":25,"column":46},"end":{"line":25,"column":62}},"loc":{"start":{"line":25,"column":62},"end":{"line":52,"column":null}}},"3":{"name":"(anonymous_3)","decl":{"start":{"line":55,"column":12},"end":{"line":55,"column":21}},"loc":{"start":{"line":55,"column":59},"end":{"line":62,"column":null}}},"4":{"name":"(anonymous_4)","decl":{"start":{"line":64,"column":12},"end":{"line":64,"column":21}},"loc":{"start":{"line":64,"column":34},"end":{"line":67,"column":null}}}},"branchMap":{"0":{"loc":{"start":{"line":29,"column":51},"end":{"line":29,"column":59}},"type":"binary-expr","locations":[{"start":{"line":29,"column":51},"end":{"line":29,"column":59}},{"start":{"line":29,"column":82},"end":{"line":29,"column":null}}]},"1":{"loc":{"start":{"line":31,"column":12},"end":{"line":33,"column":null}},"type":"if","locations":[{"start":{"line":31,"column":12},"end":{"line":33,"column":null}},{"start":{"line":31,"column":12},"end":{"line":33,"column":null}}]},"2":{"loc":{"start":{"line":31,"column":16},"end":{"line":31,"column":31}},"type":"binary-expr","locations":[{"start":{"line":31,"column":16},"end":{"line":31,"column":31}},{"start":{"line":31,"column":31},"end":{"line":31,"column":63}}]},"3":{"loc":{"start":{"line":57,"column":8},"end":{"line":59,"column":null}},"type":"if","locations":[{"start":{"line":57,"column":8},"end":{"line":59,"column":null}},{"start":{"line":57,"column":8},"end":{"line":59,"column":null}}]}},"s":{"0":1,"1":1,"2":1,"3":0,"4":0,"5":0,"6":0,"7":0,"8":0,"9":0,"10":0,"11":0,"12":0,"13":0,"14":0,"15":0,"16":0,"17":0,"18":0,"19":0,"20":0,"21":0,"22":0,"23":0,"24":1},"f":{"0":0,"1":0,"2":0,"3":0,"4":0},"b":{"0":[0,0],"1":[0,0],"2":[0,0],"3":[0,0]}}
,"/Users/wesleysmits/Local Sites/lavandre/app/public/wp-content/themes/lavandre/assets/js/components/AjaxLogin.ts": {"path":"/Users/wesleysmits/Local Sites/lavandre/app/public/wp-content/themes/lavandre/assets/js/components/AjaxLogin.ts","statementMap":{"0":{"start":{"line":1,"column":0},"end":{"line":1,"column":null}},"1":{"start":{"line":2,"column":0},"end":{"line":2,"column":null}},"2":{"start":{"line":3,"column":0},"end":{"line":3,"column":null}},"3":{"start":{"line":4,"column":0},"end":{"line":4,"column":null}},"4":{"start":{"line":5,"column":0},"end":{"line":5,"column":null}},"5":{"start":{"line":6,"column":0},"end":{"line":6,"column":null}},"6":{"start":{"line":14,"column":8},"end":{"line":14,"column":null}},"7":{"start":{"line":9,"column":12},"end":{"line":9,"column":35}},"8":{"start":{"line":15,"column":8},"end":{"line":15,"column":13}},"9":{"start":{"line":19,"column":8},"end":{"line":21,"column":null}},"10":{"start":{"line":20,"column":12},"end":{"line":20,"column":null}},"11":{"start":{"line":23,"column":8},"end":{"line":23,"column":13}},"12":{"start":{"line":27,"column":43},"end":{"line":27,"column":48}},"13":{"start":{"line":31,"column":8},"end":{"line":33,"column":null}},"14":{"start":{"line":32,"column":12},"end":{"line":32,"column":26}},"15":{"start":{"line":35,"column":8},"end":{"line":46,"column":null}},"16":{"start":{"line":35,"column":25},"end":{"line":35,"column":28}},"17":{"start":{"line":36,"column":26},"end":{"line":36,"column":33}},"18":{"start":{"line":37,"column":47},"end":{"line":37,"column":51}},"19":{"start":{"line":39,"column":12},"end":{"line":39,"column":22}},"20":{"start":{"line":40,"column":16},"end":{"line":42,"column":null}},"21":{"start":{"line":41,"column":20},"end":{"line":41,"column":25}},"22":{"start":{"line":45,"column":12},"end":{"line":45,"column":21}},"23":{"start":{"line":48,"column":55},"end":{"line":48,"column":60}},"24":{"start":{"line":49,"column":8},"end":{"line":51,"column":null}},"25":{"start":{"line":50,"column":12},"end":{"line":50,"column":null}},"26":{"start":{"line":53,"column":8},"end":{"line":53,"column":20}},"27":{"start":{"line":55,"column":8},"end":{"line":55,"column":13}},"28":{"start":{"line":56,"column":12},"end":{"line":56,"column":17}},"29":{"start":{"line":58,"column":8},"end":{"line":58,"column":20}},"30":{"start":{"line":59,"column":12},"end":{"line":59,"column":17}},"31":{"start":{"line":64,"column":8},"end":{"line":64,"column":13}},"32":{"start":{"line":66,"column":29},"end":{"line":66,"column":null}},"33":{"start":{"line":68,"column":8},"end":{"line":73,"column":null}},"34":{"start":{"line":68,"column":25},"end":{"line":68,"column":28}},"35":{"start":{"line":69,"column":26},"end":{"line":69,"column":33}},"36":{"start":{"line":70,"column":12},"end":{"line":70,"column":17}},"37":{"start":{"line":72,"column":12},"end":{"line":72,"column":17}},"38":{"start":{"line":75,"column":8},"end":{"line":77,"column":null}},"39":{"start":{"line":76,"column":12},"end":{"line":76,"column":19}},"40":{"start":{"line":79,"column":35},"end":{"line":79,"column":39}},"41":{"start":{"line":80,"column":33},"end":{"line":80,"column":null}},"42":{"start":{"line":81,"column":33},"end":{"line":81,"column":null}},"43":{"start":{"line":83,"column":8},"end":{"line":85,"column":null}},"44":{"start":{"line":84,"column":12},"end":{"line":84,"column":19}},"45":{"start":{"line":88,"column":31},"end":{"line":88,"column":null}},"46":{"start":{"line":91,"column":21},"end":{"line":91,"column":null}},"47":{"start":{"line":99,"column":13},"end":{"line":100,"column":null}},"48":{"start":{"line":103,"column":8},"end":{"line":133,"column":null}},"49":{"start":{"line":104,"column":12},"end":{"line":104,"column":22}},"50":{"start":{"line":105,"column":16},"end":{"line":105,"column":26}},"51":{"start":{"line":106,"column":20},"end":{"line":106,"column":24}},"52":{"start":{"line":109,"column":25},"end":{"line":111,"column":null}},"53":{"start":{"line":112,"column":20},"end":{"line":112,"column":null}},"54":{"start":{"line":124,"column":12},"end":{"line":124,"column":null}},"55":{"start":{"line":135,"column":8},"end":{"line":135,"column":15}},"56":{"start":{"line":139,"column":8},"end":{"line":141,"column":null}},"57":{"start":{"line":140,"column":12},"end":{"line":140,"column":19}},"58":{"start":{"line":143,"column":8},"end":{"line":143,"column":15}},"59":{"start":{"line":147,"column":30},"end":{"line":147,"column":null}},"60":{"start":{"line":148,"column":8},"end":{"line":150,"column":null}},"61":{"start":{"line":149,"column":12},"end":{"line":149,"column":18}},"62":{"start":{"line":152,"column":43},"end":{"line":152,"column":null}},"63":{"start":{"line":157,"column":8},"end":{"line":157,"column":18}},"64":{"start":{"line":159,"column":29},"end":{"line":159,"column":null}},"65":{"start":{"line":160,"column":8},"end":{"line":160,"column":14}},"66":{"start":{"line":164,"column":25},"end":{"line":164,"column":29}},"67":{"start":{"line":167,"column":12},"end":{"line":168,"column":null}},"68":{"start":{"line":170,"column":8},"end":{"line":170,"column":29}},"69":{"start":{"line":174,"column":46},"end":{"line":174,"column":51}},"70":{"start":{"line":178,"column":8},"end":{"line":180,"column":null}},"71":{"start":{"line":179,"column":12},"end":{"line":179,"column":null}},"72":{"start":{"line":182,"column":8},"end":{"line":182,"column":18}},"73":{"start":{"line":183,"column":41},"end":{"line":183,"column":45}},"74":{"start":{"line":184,"column":12},"end":{"line":184,"column":21}},"75":{"start":{"line":8,"column":0},"end":{"line":8,"column":21}}},"fnMap":{"0":{"name":"(anonymous_0)","decl":{"start":{"line":13,"column":4},"end":{"line":13,"column":16}},"loc":{"start":{"line":13,"column":37},"end":{"line":16,"column":null}}},"1":{"name":"(anonymous_1)","decl":{"start":{"line":18,"column":11},"end":{"line":18,"column":21}},"loc":{"start":{"line":18,"column":21},"end":{"line":24,"column":null}}},"2":{"name":"(anonymous_2)","decl":{"start":{"line":26,"column":12},"end":{"line":26,"column":29}},"loc":{"start":{"line":26,"column":29},"end":{"line":61,"column":null}}},"3":{"name":"(anonymous_3)","decl":{"start":{"line":39,"column":23},"end":{"line":39,"column":28}},"loc":{"start":{"line":39,"column":28},"end":{"line":43,"column":15}}},"4":{"name":"(anonymous_4)","decl":{"start":{"line":55,"column":46},"end":{"line":55,"column":62}},"loc":{"start":{"line":55,"column":62},"end":{"line":57,"column":null}}},"5":{"name":"(anonymous_5)","decl":{"start":{"line":58,"column":49},"end":{"line":58,"column":65}},"loc":{"start":{"line":58,"column":65},"end":{"line":60,"column":null}}},"6":{"name":"(anonymous_6)","decl":{"start":{"line":63,"column":12},"end":{"line":63,"column":20}},"loc":{"start":{"line":63,"column":61},"end":{"line":136,"column":null}}},"7":{"name":"(anonymous_7)","decl":{"start":{"line":104,"column":29},"end":{"line":104,"column":34}},"loc":{"start":{"line":104,"column":34},"end":{"line":122,"column":null}}},"8":{"name":"(anonymous_8)","decl":{"start":{"line":105,"column":75},"end":{"line":105,"column":92}},"loc":{"start":{"line":105,"column":92},"end":{"line":121,"column":null}}},"9":{"name":"(anonymous_9)","decl":{"start":{"line":138,"column":12},"end":{"line":138,"column":19}},"loc":{"start":{"line":138,"column":19},"end":{"line":144,"column":null}}},"10":{"name":"(anonymous_10)","decl":{"start":{"line":146,"column":12},"end":{"line":146,"column":21}},"loc":{"start":{"line":146,"column":44},"end":{"line":161,"column":null}}},"11":{"name":"(anonymous_11)","decl":{"start":{"line":163,"column":12},"end":{"line":163,"column":21}},"loc":{"start":{"line":163,"column":33},"end":{"line":171,"column":null}}},"12":{"name":"(anonymous_12)","decl":{"start":{"line":173,"column":24},"end":{"line":173,"column":25}},"loc":{"start":{"line":173,"column":68},"end":{"line":186,"column":null}}},"13":{"name":"(anonymous_13)","decl":{"start":{"line":182,"column":28},"end":{"line":182,"column":36}},"loc":{"start":{"line":182,"column":36},"end":{"line":185,"column":null}}}},"branchMap":{"0":{"loc":{"start":{"line":19,"column":8},"end":{"line":21,"column":null}},"type":"if","locations":[{"start":{"line":19,"column":8},"end":{"line":21,"column":null}},{"start":{"line":19,"column":8},"end":{"line":21,"column":null}}]},"1":{"loc":{"start":{"line":31,"column":8},"end":{"line":33,"column":null}},"type":"if","locations":[{"start":{"line":31,"column":8},"end":{"line":33,"column":null}},{"start":{"line":31,"column":8},"end":{"line":33,"column":null}}]},"2":{"loc":{"start":{"line":40,"column":16},"end":{"line":42,"column":null}},"type":"if","locations":[{"start":{"line":40,"column":16},"end":{"line":42,"column":null}},{"start":{"line":40,"column":16},"end":{"line":42,"column":null}}]},"3":{"loc":{"start":{"line":49,"column":8},"end":{"line":51,"column":null}},"type":"if","locations":[{"start":{"line":49,"column":8},"end":{"line":51,"column":null}},{"start":{"line":49,"column":8},"end":{"line":51,"column":null}}]},"4":{"loc":{"start":{"line":58,"column":20},"end":{"line":58,"column":22}},"type":"cond-expr","locations":[{"start":{"line":58,"column":20},"end":{"line":58,"column":22}},{"start":{"line":58,"column":8},"end":{"line":58,"column":20}}]},"5":{"loc":{"start":{"line":58,"column":8},"end":{"line":58,"column":22}},"type":"binary-expr","locations":[{"start":{"line":58,"column":8},"end":{"line":58,"column":22}},{"start":{"line":58,"column":8},"end":{"line":58,"column":22}}]},"6":{"loc":{"start":{"line":75,"column":8},"end":{"line":77,"column":null}},"type":"if","locations":[{"start":{"line":75,"column":8},"end":{"line":77,"column":null}},{"start":{"line":75,"column":8},"end":{"line":77,"column":null}}]},"7":{"loc":{"start":{"line":80,"column":33},"end":{"line":80,"column":59}},"type":"binary-expr","locations":[{"start":{"line":80,"column":33},"end":{"line":80,"column":59}},{"start":{"line":80,"column":73},"end":{"line":80,"column":null}}]},"8":{"loc":{"start":{"line":80,"column":57},"end":{"line":80,"column":59}},"type":"cond-expr","locations":[{"start":{"line":80,"column":57},"end":{"line":80,"column":59}},{"start":{"line":80,"column":57},"end":{"line":80,"column":59}}]},"9":{"loc":{"start":{"line":80,"column":33},"end":{"line":80,"column":59}},"type":"binary-expr","locations":[{"start":{"line":80,"column":33},"end":{"line":80,"column":59}},{"start":{"line":80,"column":57},"end":{"line":80,"column":59}}]},"10":{"loc":{"start":{"line":81,"column":33},"end":{"line":81,"column":59}},"type":"binary-expr","locations":[{"start":{"line":81,"column":33},"end":{"line":81,"column":59}},{"start":{"line":81,"column":73},"end":{"line":81,"column":null}}]},"11":{"loc":{"start":{"line":81,"column":57},"end":{"line":81,"column":59}},"type":"cond-expr","locations":[{"start":{"line":81,"column":57},"end":{"line":81,"column":59}},{"start":{"line":81,"column":57},"end":{"line":81,"column":59}}]},"12":{"loc":{"start":{"line":81,"column":33},"end":{"line":81,"column":59}},"type":"binary-expr","locations":[{"start":{"line":81,"column":33},"end":{"line":81,"column":59}},{"start":{"line":81,"column":57},"end":{"line":81,"column":59}}]},"13":{"loc":{"start":{"line":83,"column":8},"end":{"line":85,"column":null}},"type":"if","locations":[{"start":{"line":83,"column":8},"end":{"line":85,"column":null}},{"start":{"line":83,"column":8},"end":{"line":85,"column":null}}]},"14":{"loc":{"start":{"line":83,"column":12},"end":{"line":83,"column":25}},"type":"binary-expr","locations":[{"start":{"line":83,"column":12},"end":{"line":83,"column":25}},{"start":{"line":83,"column":25},"end":{"line":83,"column":36}}]},"15":{"loc":{"start":{"line":99,"column":13},"end":{"line":99,"column":18}},"type":"binary-expr","locations":[{"start":{"line":99,"column":13},"end":{"line":99,"column":18}},{"start":{"line":100,"column":12},"end":{"line":100,"column":null}}]},"16":{"loc":{"start":{"line":103,"column":8},"end":{"line":133,"column":null}},"type":"if","locations":[{"start":{"line":103,"column":8},"end":{"line":133,"column":null}},{"start":{"line":103,"column":8},"end":{"line":133,"column":null}}]},"17":{"loc":{"start":{"line":109,"column":25},"end":{"line":109,"column":30}},"type":"binary-expr","locations":[{"start":{"line":109,"column":25},"end":{"line":109,"column":30}},{"start":{"line":111,"column":51},"end":{"line":111,"column":null}}]},"18":{"loc":{"start":{"line":139,"column":8},"end":{"line":141,"column":null}},"type":"if","locations":[{"start":{"line":139,"column":8},"end":{"line":141,"column":null}},{"start":{"line":139,"column":8},"end":{"line":141,"column":null}}]},"19":{"loc":{"start":{"line":148,"column":8},"end":{"line":150,"column":null}},"type":"if","locations":[{"start":{"line":148,"column":8},"end":{"line":150,"column":null}},{"start":{"line":148,"column":8},"end":{"line":150,"column":null}}]},"20":{"loc":{"start":{"line":159,"column":29},"end":{"line":159,"column":62}},"type":"binary-expr","locations":[{"start":{"line":159,"column":29},"end":{"line":159,"column":62}},{"start":{"line":159,"column":62},"end":{"line":159,"column":null}}]},"21":{"loc":{"start":{"line":167,"column":12},"end":{"line":167,"column":null}},"type":"binary-expr","locations":[{"start":{"line":167,"column":12},"end":{"line":167,"column":null}},{"start":{"line":168,"column":12},"end":{"line":168,"column":null}}]},"22":{"loc":{"start":{"line":173,"column":60},"end":{"line":173,"column":68}},"type":"default-arg","locations":[{"start":{"line":173,"column":60},"end":{"line":173,"column":68}}]},"23":{"loc":{"start":{"line":178,"column":8},"end":{"line":180,"column":null}},"type":"if","locations":[{"start":{"line":178,"column":8},"end":{"line":180,"column":null}},{"start":{"line":178,"column":8},"end":{"line":180,"column":null}}]}},"s":{"0":1,"1":1,"2":1,"3":1,"4":1,"5":1,"6":0,"7":0,"8":0,"9":0,"10":0,"11":0,"12":0,"13":0,"14":0,"15":0,"16":0,"17":0,"18":0,"19":0,"20":0,"21":0,"22":0,"23":0,"24":0,"25":0,"26":0,"27":0,"28":0,"29":0,"30":0,"31":0,"32":0,"33":0,"34":0,"35":0,"36":0,"37":0,"38":0,"39":0,"40":0,"41":0,"42":0,"43":0,"44":0,"45":0,"46":0,"47":0,"48":0,"49":0,"50":0,"51":0,"52":0,"53":0,"54":0,"55":0,"56":0,"57":0,"58":0,"59":0,"60":0,"61":0,"62":0,"63":0,"64":0,"65":0,"66":0,"67":0,"68":0,"69":6,"70":6,"71":6,"72":0,"73":0,"74":0,"75":1},"f":{"0":0,"1":0,"2":0,"3":0,"4":0,"5":0,"6":0,"7":0,"8":0,"9":0,"10":0,"11":0,"12":6,"13":0},"b":{"0":[0,0],"1":[0,0],"2":[0,0],"3":[0,0],"4":[0,0],"5":[0,0],"6":[0,0],"7":[0,0],"8":[0,0],"9":[0,0],"10":[0,0],"11":[0,0],"12":[0,0],"13":[0,0],"14":[0,0],"15":[0,0],"16":[0,0],"17":[0,0],"18":[0,0],"19":[0,0],"20":[0,0],"21":[0,0],"22":[0],"23":[6,0]}}
,"/Users/wesleysmits/Local Sites/lavandre/app/public/wp-content/themes/lavandre/assets/js/components/AjaxRegister.ts": {"path":"/Users/wesleysmits/Local Sites/lavandre/app/public/wp-content/themes/lavandre/assets/js/components/AjaxRegister.ts","statementMap":{"0":{"start":{"line":1,"column":0},"end":{"line":1,"column":null}},"1":{"start":{"line":2,"column":0},"end":{"line":2,"column":null}},"2":{"start":{"line":3,"column":0},"end":{"line":3,"column":null}},"3":{"start":{"line":4,"column":0},"end":{"line":4,"column":null}},"4":{"start":{"line":5,"column":0},"end":{"line":5,"column":null}},"5":{"start":{"line":6,"column":0},"end":{"line":6,"column":null}},"6":{"start":{"line":7,"column":0},"end":{"line":7,"column":null}},"7":{"start":{"line":15,"column":8},"end":{"line":15,"column":null}},"8":{"start":{"line":10,"column":12},"end":{"line":10,"column":35}},"9":{"start":{"line":16,"column":8},"end":{"line":16,"column":13}},"10":{"start":{"line":20,"column":8},"end":{"line":22,"column":null}},"11":{"start":{"line":21,"column":12},"end":{"line":21,"column":null}},"12":{"start":{"line":24,"column":8},"end":{"line":24,"column":13}},"13":{"start":{"line":28,"column":52},"end":{"line":28,"column":57}},"14":{"start":{"line":29,"column":8},"end":{"line":32,"column":null}},"15":{"start":{"line":30,"column":53},"end":{"line":30,"column":57}},"16":{"start":{"line":31,"column":12},"end":{"line":31,"column":27}},"17":{"start":{"line":35,"column":12},"end":{"line":35,"column":17}},"18":{"start":{"line":37,"column":12},"end":{"line":37,"column":17}},"19":{"start":{"line":38,"column":8},"end":{"line":44,"column":null}},"20":{"start":{"line":39,"column":57},"end":{"line":39,"column":61}},"21":{"start":{"line":43,"column":12},"end":{"line":43,"column":29}},"22":{"start":{"line":46,"column":43},"end":{"line":46,"column":48}},"23":{"start":{"line":50,"column":8},"end":{"line":52,"column":null}},"24":{"start":{"line":51,"column":12},"end":{"line":51,"column":26}},"25":{"start":{"line":54,"column":8},"end":{"line":58,"column":null}},"26":{"start":{"line":54,"column":25},"end":{"line":54,"column":28}},"27":{"start":{"line":55,"column":26},"end":{"line":55,"column":33}},"28":{"start":{"line":56,"column":47},"end":{"line":56,"column":51}},"29":{"start":{"line":57,"column":12},"end":{"line":57,"column":21}},"30":{"start":{"line":60,"column":8},"end":{"line":60,"column":13}},"31":{"start":{"line":61,"column":12},"end":{"line":61,"column":17}},"32":{"start":{"line":63,"column":33},"end":{"line":63,"column":null}},"33":{"start":{"line":65,"column":12},"end":{"line":70,"column":null}},"34":{"start":{"line":65,"column":29},"end":{"line":65,"column":32}},"35":{"start":{"line":66,"column":30},"end":{"line":66,"column":37}},"36":{"start":{"line":67,"column":16},"end":{"line":67,"column":21}},"37":{"start":{"line":69,"column":16},"end":{"line":69,"column":21}},"38":{"start":{"line":72,"column":12},"end":{"line":74,"column":null}},"39":{"start":{"line":73,"column":16},"end":{"line":73,"column":23}},"40":{"start":{"line":76,"column":39},"end":{"line":76,"column":43}},"41":{"start":{"line":77,"column":34},"end":{"line":77,"column":null}},"42":{"start":{"line":78,"column":38},"end":{"line":78,"column":null}},"43":{"start":{"line":79,"column":37},"end":{"line":79,"column":null}},"44":{"start":{"line":80,"column":37},"end":{"line":80,"column":null}},"45":{"start":{"line":82,"column":12},"end":{"line":84,"column":null}},"46":{"start":{"line":83,"column":16},"end":{"line":83,"column":23}},"47":{"start":{"line":87,"column":35},"end":{"line":87,"column":null}},"48":{"start":{"line":88,"column":25},"end":{"line":88,"column":null}},"49":{"start":{"line":98,"column":17},"end":{"line":99,"column":null}},"50":{"start":{"line":102,"column":12},"end":{"line":129,"column":null}},"51":{"start":{"line":103,"column":16},"end":{"line":103,"column":26}},"52":{"start":{"line":104,"column":20},"end":{"line":104,"column":30}},"53":{"start":{"line":107,"column":28},"end":{"line":107,"column":32}},"54":{"start":{"line":108,"column":28},"end":{"line":108,"column":null}},"55":{"start":{"line":120,"column":16},"end":{"line":120,"column":null}},"56":{"start":{"line":131,"column":12},"end":{"line":131,"column":19}},"57":{"start":{"line":136,"column":8},"end":{"line":138,"column":null}},"58":{"start":{"line":137,"column":12},"end":{"line":137,"column":19}},"59":{"start":{"line":140,"column":8},"end":{"line":140,"column":15}},"60":{"start":{"line":144,"column":30},"end":{"line":144,"column":null}},"61":{"start":{"line":145,"column":8},"end":{"line":147,"column":null}},"62":{"start":{"line":146,"column":12},"end":{"line":146,"column":18}},"63":{"start":{"line":149,"column":43},"end":{"line":149,"column":null}},"64":{"start":{"line":154,"column":8},"end":{"line":154,"column":18}},"65":{"start":{"line":156,"column":29},"end":{"line":156,"column":null}},"66":{"start":{"line":157,"column":8},"end":{"line":157,"column":14}},"67":{"start":{"line":161,"column":53},"end":{"line":161,"column":61}},"68":{"start":{"line":163,"column":8},"end":{"line":165,"column":null}},"69":{"start":{"line":164,"column":12},"end":{"line":164,"column":null}},"70":{"start":{"line":167,"column":43},"end":{"line":167,"column":47}},"71":{"start":{"line":168,"column":8},"end":{"line":168,"column":20}},"72":{"start":{"line":9,"column":0},"end":{"line":9,"column":21}}},"fnMap":{"0":{"name":"(anonymous_0)","decl":{"start":{"line":14,"column":4},"end":{"line":14,"column":16}},"loc":{"start":{"line":14,"column":37},"end":{"line":17,"column":null}}},"1":{"name":"(anonymous_1)","decl":{"start":{"line":19,"column":11},"end":{"line":19,"column":21}},"loc":{"start":{"line":19,"column":21},"end":{"line":25,"column":null}}},"2":{"name":"(anonymous_2)","decl":{"start":{"line":27,"column":12},"end":{"line":27,"column":29}},"loc":{"start":{"line":27,"column":29},"end":{"line":133,"column":null}}},"3":{"name":"(anonymous_3)","decl":{"start":{"line":60,"column":46},"end":{"line":60,"column":71}},"loc":{"start":{"line":60,"column":71},"end":{"line":132,"column":null}}},"4":{"name":"(anonymous_4)","decl":{"start":{"line":103,"column":33},"end":{"line":103,"column":38}},"loc":{"start":{"line":103,"column":38},"end":{"line":118,"column":null}}},"5":{"name":"(anonymous_5)","decl":{"start":{"line":106,"column":31},"end":{"line":106,"column":48}},"loc":{"start":{"line":106,"column":48},"end":{"line":117,"column":null}}},"6":{"name":"(anonymous_6)","decl":{"start":{"line":135,"column":12},"end":{"line":135,"column":19}},"loc":{"start":{"line":135,"column":19},"end":{"line":141,"column":null}}},"7":{"name":"(anonymous_7)","decl":{"start":{"line":143,"column":12},"end":{"line":143,"column":21}},"loc":{"start":{"line":143,"column":44},"end":{"line":158,"column":null}}},"8":{"name":"(anonymous_8)","decl":{"start":{"line":160,"column":24},"end":{"line":160,"column":25}},"loc":{"start":{"line":160,"column":68},"end":{"line":169,"column":null}}}},"branchMap":{"0":{"loc":{"start":{"line":20,"column":8},"end":{"line":22,"column":null}},"type":"if","locations":[{"start":{"line":20,"column":8},"end":{"line":22,"column":null}},{"start":{"line":20,"column":8},"end":{"line":22,"column":null}}]},"1":{"loc":{"start":{"line":29,"column":8},"end":{"line":32,"column":null}},"type":"if","locations":[{"start":{"line":29,"column":8},"end":{"line":32,"column":null}},{"start":{"line":29,"column":8},"end":{"line":32,"column":null}}]},"2":{"loc":{"start":{"line":38,"column":8},"end":{"line":44,"column":null}},"type":"if","locations":[{"start":{"line":38,"column":8},"end":{"line":44,"column":null}},{"start":{"line":38,"column":8},"end":{"line":44,"column":null}}]},"3":{"loc":{"start":{"line":38,"column":12},"end":{"line":38,"column":25}},"type":"binary-expr","locations":[{"start":{"line":38,"column":12},"end":{"line":38,"column":25}},{"start":{"line":38,"column":29},"end":{"line":38,"column":51}}]},"4":{"loc":{"start":{"line":50,"column":8},"end":{"line":52,"column":null}},"type":"if","locations":[{"start":{"line":50,"column":8},"end":{"line":52,"column":null}},{"start":{"line":50,"column":8},"end":{"line":52,"column":null}}]},"5":{"loc":{"start":{"line":72,"column":12},"end":{"line":74,"column":null}},"type":"if","locations":[{"start":{"line":72,"column":12},"end":{"line":74,"column":null}},{"start":{"line":72,"column":12},"end":{"line":74,"column":null}}]},"6":{"loc":{"start":{"line":77,"column":34},"end":{"line":77,"column":57}},"type":"binary-expr","locations":[{"start":{"line":77,"column":34},"end":{"line":77,"column":57}},{"start":{"line":77,"column":71},"end":{"line":77,"column":null}}]},"7":{"loc":{"start":{"line":77,"column":55},"end":{"line":77,"column":57}},"type":"cond-expr","locations":[{"start":{"line":77,"column":55},"end":{"line":77,"column":57}},{"start":{"line":77,"column":55},"end":{"line":77,"column":57}}]},"8":{"loc":{"start":{"line":77,"column":34},"end":{"line":77,"column":57}},"type":"binary-expr","locations":[{"start":{"line":77,"column":34},"end":{"line":77,"column":57}},{"start":{"line":77,"column":55},"end":{"line":77,"column":57}}]},"9":{"loc":{"start":{"line":78,"column":38},"end":{"line":78,"column":66}},"type":"binary-expr","locations":[{"start":{"line":78,"column":38},"end":{"line":78,"column":66}},{"start":{"line":78,"column":80},"end":{"line":78,"column":null}}]},"10":{"loc":{"start":{"line":78,"column":64},"end":{"line":78,"column":66}},"type":"cond-expr","locations":[{"start":{"line":78,"column":64},"end":{"line":78,"column":66}},{"start":{"line":78,"column":64},"end":{"line":78,"column":66}}]},"11":{"loc":{"start":{"line":78,"column":38},"end":{"line":78,"column":66}},"type":"binary-expr","locations":[{"start":{"line":78,"column":38},"end":{"line":78,"column":66}},{"start":{"line":78,"column":64},"end":{"line":78,"column":66}}]},"12":{"loc":{"start":{"line":79,"column":37},"end":{"line":79,"column":64}},"type":"binary-expr","locations":[{"start":{"line":79,"column":37},"end":{"line":79,"column":64}},{"start":{"line":79,"column":78},"end":{"line":79,"column":null}}]},"13":{"loc":{"start":{"line":79,"column":62},"end":{"line":79,"column":64}},"type":"cond-expr","locations":[{"start":{"line":79,"column":62},"end":{"line":79,"column":64}},{"start":{"line":79,"column":62},"end":{"line":79,"column":64}}]},"14":{"loc":{"start":{"line":79,"column":37},"end":{"line":79,"column":64}},"type":"binary-expr","locations":[{"start":{"line":79,"column":37},"end":{"line":79,"column":64}},{"start":{"line":79,"column":62},"end":{"line":79,"column":64}}]},"15":{"loc":{"start":{"line":80,"column":37},"end":{"line":80,"column":63}},"type":"binary-expr","locations":[{"start":{"line":80,"column":37},"end":{"line":80,"column":63}},{"start":{"line":80,"column":77},"end":{"line":80,"column":null}}]},"16":{"loc":{"start":{"line":80,"column":61},"end":{"line":80,"column":63}},"type":"cond-expr","locations":[{"start":{"line":80,"column":61},"end":{"line":80,"column":63}},{"start":{"line":80,"column":61},"end":{"line":80,"column":63}}]},"17":{"loc":{"start":{"line":80,"column":37},"end":{"line":80,"column":63}},"type":"binary-expr","locations":[{"start":{"line":80,"column":37},"end":{"line":80,"column":63}},{"start":{"line":80,"column":61},"end":{"line":80,"column":63}}]},"18":{"loc":{"start":{"line":82,"column":12},"end":{"line":84,"column":null}},"type":"if","locations":[{"start":{"line":82,"column":12},"end":{"line":84,"column":null}},{"start":{"line":82,"column":12},"end":{"line":84,"column":null}}]},"19":{"loc":{"start":{"line":82,"column":16},"end":{"line":82,"column":26}},"type":"binary-expr","locations":[{"start":{"line":82,"column":16},"end":{"line":82,"column":26}},{"start":{"line":82,"column":26},"end":{"line":82,"column":37}}]},"20":{"loc":{"start":{"line":98,"column":17},"end":{"line":98,"column":22}},"type":"binary-expr","locations":[{"start":{"line":98,"column":17},"end":{"line":98,"column":22}},{"start":{"line":99,"column":16},"end":{"line":99,"column":null}}]},"21":{"loc":{"start":{"line":102,"column":12},"end":{"line":129,"column":null}},"type":"if","locations":[{"start":{"line":102,"column":12},"end":{"line":129,"column":null}},{"start":{"line":102,"column":12},"end":{"line":129,"column":null}}]},"22":{"loc":{"start":{"line":136,"column":8},"end":{"line":138,"column":null}},"type":"if","locations":[{"start":{"line":136,"column":8},"end":{"line":138,"column":null}},{"start":{"line":136,"column":8},"end":{"line":138,"column":null}}]},"23":{"loc":{"start":{"line":145,"column":8},"end":{"line":147,"column":null}},"type":"if","locations":[{"start":{"line":145,"column":8},"end":{"line":147,"column":null}},{"start":{"line":145,"column":8},"end":{"line":147,"column":null}}]},"24":{"loc":{"start":{"line":156,"column":29},"end":{"line":156,"column":62}},"type":"binary-expr","locations":[{"start":{"line":156,"column":29},"end":{"line":156,"column":62}},{"start":{"line":156,"column":62},"end":{"line":156,"column":null}}]},"25":{"loc":{"start":{"line":160,"column":60},"end":{"line":160,"column":68}},"type":"default-arg","locations":[{"start":{"line":160,"column":60},"end":{"line":160,"column":68}}]},"26":{"loc":{"start":{"line":163,"column":8},"end":{"line":165,"column":null}},"type":"if","locations":[{"start":{"line":163,"column":8},"end":{"line":165,"column":null}},{"start":{"line":163,"column":8},"end":{"line":165,"column":null}}]}},"s":{"0":1,"1":1,"2":1,"3":1,"4":1,"5":1,"6":1,"7":0,"8":0,"9":0,"10":0,"11":0,"12":0,"13":0,"14":0,"15":0,"16":0,"17":0,"18":0,"19":0,"20":0,"21":0,"22":0,"23":0,"24":0,"25":0,"26":0,"27":0,"28":0,"29":0,"30":0,"31":0,"32":0,"33":0,"34":0,"35":0,"36":0,"37":0,"38":0,"39":0,"40":0,"41":0,"42":0,"43":0,"44":0,"45":0,"46":0,"47":0,"48":0,"49":0,"50":0,"51":0,"52":0,"53":0,"54":0,"55":0,"56":0,"57":0,"58":0,"59":0,"60":0,"61":0,"62":0,"63":0,"64":0,"65":0,"66":0,"67":6,"68":6,"69":6,"70":0,"71":0,"72":1},"f":{"0":0,"1":0,"2":0,"3":0,"4":0,"5":0,"6":0,"7":0,"8":6},"b":{"0":[0,0],"1":[0,0],"2":[0,0],"3":[0,0],"4":[0,0],"5":[0,0],"6":[0,0],"7":[0,0],"8":[0,0],"9":[0,0],"10":[0,0],"11":[0,0],"12":[0,0],"13":[0,0],"14":[0,0],"15":[0,0],"16":[0,0],"17":[0,0],"18":[0,0],"19":[0,0],"20":[0,0],"21":[0,0],"22":[0,0],"23":[0,0],"24":[0,0],"25":[0],"26":[6,0]}}
,"/Users/wesleysmits/Local Sites/lavandre/app/public/wp-content/themes/lavandre/assets/js/components/AmountSelector.ts": {"path":"/Users/wesleysmits/Local Sites/lavandre/app/public/wp-content/themes/lavandre/assets/js/components/AmountSelector.ts","statementMap":{"0":{"start":{"line":1,"column":0},"end":{"line":1,"column":null}},"1":{"start":{"line":2,"column":0},"end":{"line":2,"column":null}},"2":{"start":{"line":3,"column":0},"end":{"line":3,"column":null}},"3":{"start":{"line":11,"column":8},"end":{"line":11,"column":null}},"4":{"start":{"line":6,"column":12},"end":{"line":6,"column":43}},"5":{"start":{"line":8,"column":12},"end":{"line":8,"column":41}},"6":{"start":{"line":49,"column":12},"end":{"line":49,"column":41}},"7":{"start":{"line":50,"column":36},"end":{"line":50,"column":null}},"8":{"start":{"line":51,"column":8},"end":{"line":53,"column":null}},"9":{"start":{"line":52,"column":12},"end":{"line":52,"column":null}},"10":{"start":{"line":55,"column":23},"end":{"line":55,"column":29}},"11":{"start":{"line":56,"column":8},"end":{"line":58,"column":null}},"12":{"start":{"line":57,"column":12},"end":{"line":57,"column":null}},"13":{"start":{"line":60,"column":22},"end":{"line":60,"column":28}},"14":{"start":{"line":61,"column":8},"end":{"line":63,"column":null}},"15":{"start":{"line":62,"column":12},"end":{"line":62,"column":null}},"16":{"start":{"line":65,"column":8},"end":{"line":65,"column":13}},"17":{"start":{"line":13,"column":8},"end":{"line":13,"column":13}},"18":{"start":{"line":17,"column":46},"end":{"line":32,"column":null}},"19":{"start":{"line":18,"column":44},"end":{"line":18,"column":null}},"20":{"start":{"line":19,"column":12},"end":{"line":21,"column":null}},"21":{"start":{"line":20,"column":16},"end":{"line":20,"column":null}},"22":{"start":{"line":23,"column":12},"end":{"line":25,"column":null}},"23":{"start":{"line":24,"column":16},"end":{"line":24,"column":21}},"24":{"start":{"line":27,"column":12},"end":{"line":29,"column":null}},"25":{"start":{"line":28,"column":16},"end":{"line":28,"column":21}},"26":{"start":{"line":31,"column":12},"end":{"line":31,"column":17}},"27":{"start":{"line":34,"column":43},"end":{"line":34,"column":48}},"28":{"start":{"line":35,"column":8},"end":{"line":39,"column":null}},"29":{"start":{"line":35,"column":25},"end":{"line":35,"column":28}},"30":{"start":{"line":36,"column":26},"end":{"line":36,"column":33}},"31":{"start":{"line":37,"column":12},"end":{"line":37,"column":17}},"32":{"start":{"line":38,"column":12},"end":{"line":38,"column":17}},"33":{"start":{"line":41,"column":8},"end":{"line":46,"column":null}},"34":{"start":{"line":41,"column":25},"end":{"line":41,"column":28}},"35":{"start":{"line":42,"column":27},"end":{"line":42,"column":32}},"36":{"start":{"line":44,"column":12},"end":{"line":44,"column":18}},"37":{"start":{"line":45,"column":12},"end":{"line":45,"column":18}},"38":{"start":{"line":69,"column":20},"end":{"line":69,"column":27}},"39":{"start":{"line":70,"column":21},"end":{"line":70,"column":28}},"40":{"start":{"line":72,"column":8},"end":{"line":76,"column":null}},"41":{"start":{"line":73,"column":12},"end":{"line":73,"column":17}},"42":{"start":{"line":75,"column":12},"end":{"line":75,"column":17}},"43":{"start":{"line":78,"column":8},"end":{"line":78,"column":13}},"44":{"start":{"line":79,"column":8},"end":{"line":79,"column":13}},"45":{"start":{"line":83,"column":31},"end":{"line":83,"column":35}},"46":{"start":{"line":84,"column":8},"end":{"line":84,"column":22}},"47":{"start":{"line":5,"column":0},"end":{"line":5,"column":21}}},"fnMap":{"0":{"name":"(anonymous_0)","decl":{"start":{"line":10,"column":4},"end":{"line":10,"column":16}},"loc":{"start":{"line":10,"column":59},"end":{"line":14,"column":null}}},"1":{"name":"(anonymous_1)","decl":{"start":{"line":49,"column":42},"end":{"line":49,"column":58}},"loc":{"start":{"line":49,"column":58},"end":{"line":66,"column":null}}},"2":{"name":"(anonymous_2)","decl":{"start":{"line":16,"column":11},"end":{"line":16,"column":21}},"loc":{"start":{"line":16,"column":21},"end":{"line":47,"column":null}}},"3":{"name":"(anonymous_3)","decl":{"start":{"line":17,"column":46},"end":{"line":17,"column":62}},"loc":{"start":{"line":17,"column":62},"end":{"line":32,"column":null}}},"4":{"name":"(anonymous_4)","decl":{"start":{"line":68,"column":12},"end":{"line":68,"column":24}},"loc":{"start":{"line":68,"column":69},"end":{"line":80,"column":null}}},"5":{"name":"(anonymous_5)","decl":{"start":{"line":82,"column":24},"end":{"line":82,"column":25}},"loc":{"start":{"line":82,"column":68},"end":{"line":85,"column":null}}}},"branchMap":{"0":{"loc":{"start":{"line":10,"column":51},"end":{"line":10,"column":59}},"type":"default-arg","locations":[{"start":{"line":10,"column":51},"end":{"line":10,"column":59}}]},"1":{"loc":{"start":{"line":51,"column":8},"end":{"line":53,"column":null}},"type":"if","locations":[{"start":{"line":51,"column":8},"end":{"line":53,"column":null}},{"start":{"line":51,"column":8},"end":{"line":53,"column":null}}]},"2":{"loc":{"start":{"line":51,"column":12},"end":{"line":51,"column":23}},"type":"binary-expr","locations":[{"start":{"line":51,"column":12},"end":{"line":51,"column":23}},{"start":{"line":51,"column":23},"end":{"line":51,"column":46}}]},"3":{"loc":{"start":{"line":56,"column":8},"end":{"line":58,"column":null}},"type":"if","locations":[{"start":{"line":56,"column":8},"end":{"line":58,"column":null}},{"start":{"line":56,"column":8},"end":{"line":58,"column":null}}]},"4":{"loc":{"start":{"line":56,"column":12},"end":{"line":56,"column":23}},"type":"binary-expr","locations":[{"start":{"line":56,"column":12},"end":{"line":56,"column":23}},{"start":{"line":56,"column":23},"end":{"line":56,"column":46}}]},"5":{"loc":{"start":{"line":61,"column":8},"end":{"line":63,"column":null}},"type":"if","locations":[{"start":{"line":61,"column":8},"end":{"line":63,"column":null}},{"start":{"line":61,"column":8},"end":{"line":63,"column":null}}]},"6":{"loc":{"start":{"line":61,"column":12},"end":{"line":61,"column":22}},"type":"binary-expr","locations":[{"start":{"line":61,"column":12},"end":{"line":61,"column":22}},{"start":{"line":61,"column":22},"end":{"line":61,"column":24}}]},"7":{"loc":{"start":{"line":19,"column":12},"end":{"line":21,"column":null}},"type":"if","locations":[{"start":{"line":19,"column":12},"end":{"line":21,"column":null}},{"start":{"line":19,"column":12},"end":{"line":21,"column":null}}]},"8":{"loc":{"start":{"line":23,"column":12},"end":{"line":25,"column":null}},"type":"if","locations":[{"start":{"line":23,"column":12},"end":{"line":25,"column":null}},{"start":{"line":23,"column":12},"end":{"line":25,"column":null}}]},"9":{"loc":{"start":{"line":23,"c
[...]
rt":{"line":82,"column":8},"end":{"line":85,"column":null}},{"start":{"line":82,"column":8},"end":{"line":85,"column":null}}]},"4":{"loc":{"start":{"line":88,"column":8},"end":{"line":90,"column":null}},"type":"if","locations":[{"start":{"line":88,"column":8},"end":{"line":90,"column":null}},{"start":{"line":88,"column":8},"end":{"line":90,"column":null}}]},"5":{"loc":{"start":{"line":88,"column":12},"end":{"line":88,"column":23}},"type":"binary-expr","locations":[{"start":{"line":88,"column":12},"end":{"line":88,"column":23}},{"start":{"line":88,"column":23},"end":{"line":88,"column":43}},{"start":{"line":88,"column":43},"end":{"line":88,"column":61}}]},"6":{"loc":{"start":{"line":136,"column":12},"end":{"line":138,"column":null}},"type":"if","locations":[{"start":{"line":136,"column":12},"end":{"line":138,"column":null}},{"start":{"line":136,"column":12},"end":{"line":138,"column":null}}]},"7":{"loc":{"start":{"line":151,"column":8},"end":{"line":153,"column":null}},"type":"if","locations":[{"start":{"line":151,"column":8},"end":{"line":153,"column":null}},{"start":{"line":151,"column":8},"end":{"line":153,"column":null}}]},"8":{"loc":{"start":{"line":162,"column":8},"end":{"line":164,"column":null}},"type":"if","locations":[{"start":{"line":162,"column":8},"end":{"line":164,"column":null}},{"start":{"line":162,"column":8},"end":{"line":164,"column":null}}]},"9":{"loc":{"start":{"line":178,"column":8},"end":{"line":184,"column":null}},"type":"if","locations":[{"start":{"line":178,"column":8},"end":{"line":184,"column":null}},{"start":{"line":178,"column":8},"end":{"line":184,"column":null}}]},"10":{"loc":{"start":{"line":188,"column":12},"end":{"line":192,"column":null}},"type":"if","locations":[{"start":{"line":188,"column":12},"end":{"line":192,"column":null}},{"start":{"line":188,"column":12},"end":{"line":192,"column":null}}]}},"s":{"0":1,"1":1,"2":0,"3":0,"4":0,"5":0,"6":0,"7":0,"8":0,"9":0,"10":0,"11":0,"12":0,"13":0,"14":0,"15":0,"16":0,"17":0,"18":0,"19":0,"20":0,"21":0,"22":0,"23":0,"24":0,"25":0,"26":0,"27":0,"28":0,"29":0,"30":0,"31":0,"32":0,"33":0,"34":0,"35":0,"36":0,"37":0,"38":0,"39":0,"40":0,"41":0,"42":0,"43":0,"44":0,"45":0,"46":0,"47":0,"48":0,"49":0,"50":0,"51":0,"52":0,"53":0,"54":0,"55":0,"56":0,"57":0,"58":0,"59":0,"60":0,"61":0,"62":0,"63":0,"64":0,"65":0,"66":0,"67":0,"68":0,"69":0,"70":0,"71":0,"72":0,"73":0,"74":0,"75":0,"76":0,"77":0,"78":0,"79":1,"80":0,"81":0,"82":0,"83":0,"84":0,"85":0,"86":0,"87":0,"88":0,"89":0,"90":0,"91":0,"92":0,"93":0,"94":0,"95":0,"96":0,"97":0,"98":0,"99":0,"100":0,"101":0,"102":0,"103":0,"104":1},"f":{"0":0,"1":0,"2":0,"3":0,"4":0,"5":0,"6":0,"7":0,"8":0,"9":0,"10":0,"11":0,"12":0,"13":0,"14":0,"15":0,"16":0,"17":0,"18":0,"19":0,"20":0,"21":0,"22":0,"23":0},"b":{"0":[0],"1":[0],"2":[0,0],"3":[0,0],"4":[0,0],"5":[0,0,0],"6":[0,0],"7":[0,0],"8":[0,0],"9":[0,0],"10":[0,0]}}
,"/Users/wesleysmits/Local Sites/lavandre/app/public/wp-content/themes/lavandre/assets/js/web-components/LavandreToggle.ts": {"path":"/Users/wesleysmits/Local Sites/lavandre/app/public/wp-content/themes/lavandre/assets/js/web-components/LavandreToggle.ts","statementMap":{"0":{"start":{"line":2,"column":4},"end":{"line":2,"column":31}},"1":{"start":{"line":4,"column":4},"end":{"line":4,"column":36}},"2":{"start":{"line":13,"column":8},"end":{"line":13,"column":12}},"3":{"start":{"line":14,"column":8},"end":{"line":14,"column":12}},"4":{"start":{"line":16,"column":8},"end":{"line":16,"column":12}},"5":{"start":{"line":17,"column":12},"end":{"line":17,"column":18}},"6":{"start":{"line":20,"column":8},"end":{"line":20,"column":13}},"7":{"start":{"line":1,"column":0},"end":{"line":1,"column":21}},"8":{"start":{"line":7,"column":8},"end":{"line":7,"column":12}},"9":{"start":{"line":8,"column":12},"end":{"line":8,"column":19}},"10":{"start":{"line":24,"column":0},"end":{"line":24,"column":14}}},"fnMap":{"0":{"name":"(anonymous_2)","decl":{"start":{"line":1,"column":0},"end":{"line":1,"column":21}},"loc":{"start":{"line":1,"column":0},"end":{"line":22,"column":null}}},"1":{"name":"(anonymous_3)","decl":{"start":{"line":12,"column":14},"end":{"line":12,"column":31}},"loc":{"start":{"line":12,"column":31},"end":{"line":21,"column":null}}},"2":{"name":"(anonymous_4)","decl":{"start":{"line":16,"column":31},"end":{"line":16,"column":41}},"loc":{"start":{"line":16,"column":41},"end":{"line":18,"column":null}}},"3":{"name":"(anonymous_6)","decl":{"start":{"line":7,"column":32},"end":{"line":7,"column":43}},"loc":{"start":{"line":7,"column":43},"end":{"line":9,"column":null}}}},"branchMap":{},"s":{"0":0,"1":0,"2":0,"3":0,"4":0,"5":0,"6":0,"7":1,"8":0,"9":0,"10":1},"f":{"0":0,"1":0,"2":0,"3":0},"b":{}}
,"/Users/wesleysmits/Local Sites/lavandre/app/public/wp-content/themes/lavandre/assets/js/web-components/SignupBlock.ts": {"path":"/Users/wesleysmits/Local Sites/lavandre/app/public/wp-content/themes/lavandre/assets/js/web-components/SignupBlock.ts","statementMap":{"0":{"start":{"line":1,"column":0},"end":{"line":1,"column":null}},"1":{"start":{"line":2,"column":0},"end":{"line":2,"column":null}},"2":{"start":{"line":3,"column":0},"end":{"line":3,"column":null}},"3":{"start":{"line":6,"column":4},"end":{"line":6,"column":44}},"4":{"start":{"line":8,"column":4},"end":{"line":8,"column":35}},"5":{"start":{"line":10,"column":4},"end":{"line":10,"column":27}},"6":{"start":{"line":12,"column":4},"end":{"line":12,"column":22}},"7":{"start":{"line":14,"column":4},"end":{"line":14,"column":20}},"8":{"start":{"line":16,"column":4},"end":{"line":16,"column":26}},"9":{"start":{"line":18,"column":4},"end":{"line":18,"column":26}},"10":{"start":{"line":22,"column":4},"end":{"line":22,"column":26}},"11":{"start":{"line":24,"column":4},"end":{"line":24,"column":25}},"12":{"start":{"line":67,"column":4},"end":{"line":67,"column":25}},"13":{"start":{"line":68,"column":8},"end":{"line":71,"column":null}},"14":{"start":{"line":69,"column":12},"end":{"line":69,"column":16}},"15":{"start":{"line":70,"column":12},"end":{"line":70,"column":null}},"16":{"start":{"line":73,"column":8},"end":{"line":73,"column":12}},"17":{"start":{"line":74,"column":8},"end":{"line":74,"column":12}},"18":{"start":{"line":77,"column":4},"end":{"line":77,"column":25}},"19":{"start":{"line":78,"column":8},"end":{"line":80,"column":null}},"20":{"start":{"line":79,"column":12},"end":{"line":79,"column":17}},"21":{"start":{"line":82,"column":8},"end":{"line":82,"column":12}},"22":{"start":{"line":85,"column":4},"end":{"line":85,"column":20}},"23":{"start":{"line":86,"column":8},"end":{"line":88,"column":null}},"24":{"start":{"line":87,"column":12},"end":{"line":87,"column":null}},"25":{"start":{"line":90,"column":21},"end":{"line":90,"column":null}},"26":{"start":{"line":97,"column":8},"end":{"line":97,"column":24}},"27":{"start":{"line":98,"column":12},"end":{"line":98,"column":17}},"28":{"start":{"line":101,"column":8},"end":{"line":101,"column":14}},"29":{"start":{"line":27,"column":8},"end":{"line":27,"column":15}},"30":{"start":{"line":31,"column":8},"end":{"line":31,"column":12}},"31":{"start":{"line":33,"column":8},"end":{"line":33,"column":12}},"32":{"start":{"line":34,"column":8},"end":{"line":34,"column":12}},"33":{"start":{"line":35,"column":8},"end":{"line":35,"column":13}},"34":{"start":{"line":36,"column":8},"end":{"line":36,"column":12}},"35":{"start":{"line":38,"column":38},"end":{"line":38,"column":43}},"36":{"start":{"line":42,"column":8},"end":{"line":42,"column":14}},"37":{"start":{"line":43,"column":12},"end":{"line":43,"column":17}},"38":{"start":{"line":105,"column":8},"end":{"line":105,"column":12}},"39":{"start":{"line":107,"column":8},"end":{"line":115,"column":null}},"40":{"start":{"line":108,"column":12},"end":{"line":108,"column":17}},"41":{"start":{"line":109,"column":12},"end":{"line":109,"column":17}},"42":{"start":{"line":110,"column":12},"end":{"line":110,"column":17}},"43":{"start":{"line":112,"column":12},"end":{"line":112,"column":17}},"44":{"start":{"line":113,"column":12},"end":{"line":113,"column":17}},"45":{"start":{"line":114,"column":12},"end":{"line":114,"column":17}},"46":{"start":{"line":116,"column":8},"end":{"line":116,"column":35}},"47":{"start":{"line":134,"column":8},"end":{"line":134,"column":13}},"48":{"start":{"line":135,"column":8},"end":{"line":135,"column":13}},"49":{"start":{"line":136,"column":8},"end":{"line":136,"column":13}},"50":{"start":{"line":138,"column":8},"end":{"line":138,"column":38}},"51":{"start":{"line":140,"column":8},"end":{"line":142,"column":null}},"52":{"start":{"line":141,"column":12},"end":{"line":141,"column":17}},"53":{"start":{"line":5,"column":0},"end":{"line":5,"column":21}},"54":{"start":{"line":48,"column":8},"end":{"line":48,"column":12}},"55":{"start":{"line":49,"column":8},"end":{"line":49,"column":15}},"56":{"start":{"line":53,"column":8},"end":{"line":55,"column":null}},"57":{"start":{"line":54,"column":12},"end":{"line":54,"column":16}},"58":{"start":{"line":57,"column":8},"end":{"line":57,"column":13}},"59":{"start":{"line":58,"column":8},"end":{"line":58,"column":12}},"60":{"start":{"line":59,"column":61},"end":{"line":59,"column":66}},"61":{"start":{"line":60,"column":8},"end":{"line":62,"column":null}},"62":{"start":{"line":61,"column":12},"end":{"line":61,"column":null}},"63":{"start":{"line":64,"column":8},"end":{"line":64,"column":26}},"64":{"start":{"line":120,"column":8},"end":{"line":130,"column":null}},"65":{"start":{"line":121,"column":65},"end":{"line":121,"column":80}},"66":{"start":{"line":125,"column":12},"end":{"line":127,"column":null}},"67":{"start":{"line":126,"column":16},"end":{"line":126,"column":null}},"68":{"start":{"line":129,"column":12},"end":{"line":129,"column":18}},"69":{"start":{"line":146,"column":25},"end":{"line":146,"column":33}},"70":{"start":{"line":148,"column":8},"end":{"line":150,"column":null}},"71":{"start":{"line":149,"column":12},"end":{"line":149,"column":19}},"72":{"start":{"line":152,"column":8},"end":{"line":159,"column":null}},"73":{"start":{"line":153,"column":12},"end":{"line":153,"column":null}},"74":{"start":{"line":161,"column":29},"end":{"line":161,"column":37}},"75":{"start":{"line":165,"column":8},"end":{"line":167,"column":null}},"76":{"start":{"line":166,"column":12},"end":{"line":166,"column":19}},"77":{"start":{"line":169,"column":8},"end":{"line":169,"column":15}},"78":{"start":{"line":173,"column":0},"end":{"line":173,"column":14}}},"fnMap":{"0":{"name":"(anonymous_2)","decl":{"start":{"line":5,"column":0},"end":{"line":5,"column":21}},"loc":{"start":{"line":5,"column":0},"end":{"line":171,"column":null}}},"1":{"name":"(anonymous_3)","decl":{"start":{"line":67,"column":25},"end":{"line":67,"column":30}},"loc":{"start":{"line":67,"column":30},"end":{"line":75,"column":null}}},"2":{"name":"(anonymous_4)","decl":{"start":{"line":77,"column":26},"end":{"line":77,"column":42}},"loc":{"start":{"line":77,"column":42},"end":{"line":83,"column":null}}},"3":{"name":"(anonymous_5)","decl":{"start":{"line":85,"column":20},"end":{"line":85,"column":25}},"loc":{"start":{"line":85,"column":25},"end":{"line":102,"column":null}}},"4":{"name":"(anonymous_6)","decl":{"start":{"line":97,"column":52},"end":{"line":97,"column":57}},"loc":{"start":{"line":97,"column":57},"end":{"line":99,"column":null}}},"5":{"name":"(anonymous_7)","decl":{"start":{"line":26,"column":17},"end":{"line":26,"column":null}},"loc":{"start":{"line":26,"column":17},"end":{"line":28,"column":null}}},"6":{"name":"(anonymous_8)","decl":{"start":{"line":30,"column":17},"end":{"line":30,"column":18}},"loc":{"start":{"line":30,"column":32},"end":{"line":45,"column":null}}},"7":{"name":"(anonymous_9)","decl":{"start":{"line":42,"column":24},"end":{"line":42,"column":33}},"loc":{"start":{"line":42,"column":33},"end":{"line":44,"column":null}}},"8":{"name":"(anonymous_10)","decl":{"start":{"line":104,"column":14},"end":{"line":104,"column":31}},"loc":{"start":{"line":104,"column":31},"end":{"line":117,"column":null}}},"9":{"name":"(anonymous_11)","decl":{"start":{"line":133,"column":14},"end":{"line":133,"column":34}},"loc":{"start":{"line":133,"column":34},"end":{"line":143,"column":null}}},"10":{"name":"_SignupBlock_setTemplate","decl":{"start":{"line":50,"column":5},"end":{"line":50,"column":null}},"loc":{"start":{"line":50,"column":5},"end":{"line":65,"column":null}}},"11":{"name":"_SignupBlock_setOverlayEventListeners","decl":{"start":{"line":65,"column":5},"end":{"line":65,"column":null}},"loc":{"start":{"line":65,"column":5},"end":{"line":131,"column":null}}},"12":{"name":"_SignupBlock_getTemplate","decl":{"start":{"line":131,"column":5},"end":{"line":131,"column":null}},"loc":{"start":{"line":131,"column":5},"end":{"line":170,"column":null}}}},"branchMap":{"0":{"loc":{"start":{"line":10,"column":27},"end":{"line":10,"column":48}},"type":"binary-expr","locations":[{"start":{"line":10,"column":27},"end":{"line":10,"column":48}},{"start":{"line":10,"column":48},"end":{"line":10,"column":null}}]},"1":{"loc":{"start":{"line":12,"column":22},"end":{"line":12,"column":29}},"type":"binary-expr","locations":[{"start":{"line":12,"column":22},"end":{"line":12,"column":29}},{"start":{"line":12,"column":53},"end":{"line":12,"column":null}}]},"2":{"loc":{"start":{"line":14,"column":20},"end":{"line":14,"column":25}},"type":"binary-expr","locations":[{"start":{"line":14,"column":20},"end":{"line":14,"column":25}},{"start":{"line":14,"column":49},"end":{"line":14,"column":null}}]},"3":{"loc":{"start":{"line":16,"column":26},"end":{"line":16,"column":31}},"type":"binary-expr","locations":[{"start":{"line":16,"column":26},"end":{"line":16,"column":31}},{"start":{"line":16,"column":60},"end":{"line":16,"column":null}}]},"4":{"loc":{"start":{"line":68,"column":8},"end":{"line":71,"column":null}},"type":"if","locations":[{"start":{"line":68,"column":8},"end":{"line":71,"column":null}},{"start":{"line":68,"column":8},"end":{"line":71,"column":null}}]},"5":{"loc":{"start":{"line":78,"column":8},"end":{"line":80,"column":null}},"type":"if","locations":[{"start":{"line":78,"column":8},"end":{"line":80,"column":null}},{"start":{"line":78,"column":8},"end":{"line":80,"column":null}}]},"6":{"loc":{"start":{"line":82,"column":21},"end":{"line":82,"column":23}},"type":"cond-expr","locations":[{"start":{"line":82,"column":21},"end":{"line":82,"column":23}},{"start":{"line":82,"column":21},"end":{"line":82,"column":23}}]},"7":{"loc":{"start":{"line":82,"column":8},"end":{"line":82,"column":23}},"type":"binary-expr","locations":[{"start":{"line":82,"column":8},"end":{"line":82,"column":23}},{"start":{"line":82,"column":21},"end":{"line":82,"column":23}}]},"8":{"loc":{"start":{"line":86,"column":8},"end":{"line":88,"column":null}},"type":"if","locations":[{"start":{"line":86,"column":8},"end":{"line":88,"column":null}},{"start":{"line":86,"column":8},"end":{"line":88,"column":null}}]},"9":{"loc":{"start":{"line":35,"column":51},"end":{"line":35,"column":53}},"type":"cond-expr","locations":[{"start":{"line":35,"column":51},"end":{"line":35,"column":53}},{"start":{"line":35,"column":51},"end":{"line":35,"column":53}}]},"10":{"loc":{"start":{"line":35,"column":8},"end":{"line":35,"column":53}},"type":"binary-expr","locations":[{"start":{"line":35,"column":8},"end":{"line":35,"column":53}},{"start":{"line":35,"column":51},"end":{"line":35,"column":53}}]},"11":{"loc":{"start":{"line":107,"column":8},"end":{"line":115,"column":null}},"type":"if","locations":[{"start":{"line":107,"column":8},"end":{"line":115,"column":null}},{"start":{"line":107,"column":8},"end":{"line":115,"column":null}}]},"12":{"loc":{"start":{"line":140,"column":8},"end":{"line":142,"column":null}},"type":"if","locations":[{"start":{"line":140,"column":8},"end":{"line":142,"column":null}},{"start":{"line":140,"column":8},"end":{"line":142,"column":null}}]},"13":{"loc":{"start":{"line":53,"column":8},"end":{"line":55,"column":null}},"type":"if","locations":[{"start":{"line":53,"column":8},"end":{"line":55,"column":null}},{"start":{"line":53,"column":8},"end":{"line":55,"column":null}}]},"14":{"loc":{"start":{"line":57,"column":39},"end":{"line":57,"column":41}},"type":"cond-expr","locations":[{"start":{"line":57,"column":39},"end":{"line":57,"column":41}},{"start":{"line":57,"column":39},"end":{"line":57,"column":41}}]},"15":{"loc":{"start":{"line":57,"column":25},"end":{"line":57,"column":41}},"type":"binary-expr","locations":[{"start":{"line":57,"column":25},"end":{"line":57,"column":41}},{"start":{"line":57,"column":39},"end":{"line":57,"column":41}}]},"16":{"loc":{"start":{"line":60,"column":8},"end":{"line":62,"column":null}},"type":"if","locations":[{"start":{"line":60,"column":8},"end":{"line":62,"column":null}},{"start":{"line":60,"column":8},"end":{"line":62,"column":null}}]},"17":{"loc":{"start":{"line":120,"column":8},"end":{"line":130,"column":null}},"type":"if","locations":[{"start":{"line":120,"column":8},"end":{"line":130,"column":null}},{"start":{"line":120,"column":8},"end":{"line":130,"column":null}}]},"18":{"loc":{"start":{"line":121,"column":78},"end":{"line":121,"column":80}},"type":"cond-expr","locations":[{"start":{"line":121,"column":78},"end":{"line":121,"column":80}},{"start":{"line":121,"column":78},"end":{"line":121,"column":80}}]},"19":{"loc":{"start":{"line":121,"column":65},"end":{"line":121,"column":80}},"type":"binary-expr","locations":[{"start":{"line":121,"column":65},"end":{"line":121,"column":80}},{"start":{"line":121,"column":78},"end":{"line":121,"column":80}}]},"20":{"loc":{"start":{"line":125,"column":12},"end":{"line":127,"column":null}},"type":"if","locations":[{"start":{"line":125,"column":12},"end":{"line":127,"column":null}},{"start":{"line":125,"column":12},"end":{"line":127,"column":null}}]},"21":{"loc":{"start":{"line":148,"column":8},"end":{"line":150,"column":null}},"type":"if","locations":[{"start":{"line":148,"column":8},"end":{"line":150,"column":null}},{"start":{"line":148,"column":8},"end":{"line":150,"column":null}}]},"22":{"loc":{"start":{"line":152,"column":8},"end":{"line":159,"column":null}},"type":"if","locations":[{"start":{"line":152,"column":8},"end":{"line":159,"column":null}},{"start":{"line":152,"column":8},"end":{"line":159,"column":null}}]},"23":{"loc":{"start":{"line":154,"column":17},"end":{"line":154,"column":25}},"type":"binary-expr","locations":[{"start":{"line":154,"column":17},"end":{"line":154,"column":25}},{"start":{"line":157,"column":17},"end":{"line":157,"column":25}}]},"24":{"loc":{"start":{"line":165,"column":8},"end":{"line":167,"column":null}},"type":"if","locations":[{"start":{"line":165,"column":8},"end":{"line":167,"column":null}},{"start":{"line":165,"column":8},"end":{"line":167,"column":null}}]}},"s":{"0":1,"1":1,"2":1,"3":0,"4":0,"5":0,"6":0,"7":0,"8":0,"9":0,"10":0,"11":0,"12":0,"13":0,"14":0,"15":0,"16":0,"17":0,"18":0,"19":0,"20":0,"21":0,"22":0,"23":0,"24":0,"25":0,"26":0,"27":0,"28":0,"29":0,"30":0,"31":0,"32":0,"33":0,"34":0,"35":0,"36":0,"37":0,"38":0,"39":0,"40":0,"41":0,"42":0,"43":0,"44":0,"45":0,"46":0,"47":0,"48":0,"49":0,"50":0,"51":0,"52":0,"53":1,"54":0,"55":0,"56":0,"57":0,"58":0,"59":0,"60":0,"61":0,"62":0,"63":0,"64":0,"65":0,"66":0,"67":0,"68":0,"69":0,"70":0,"71":0,"72":0,"73":0,"74":0,"75":0,"76":0,"77":0,"78":1},"f":{"0":0,"1":0,"2":0,"3":0,"4":0,"5":0,"6":0,"7":0,"8":0,"9":0,"10":0,"11":0,"12":0},"b":{"0":[0,0],"1":[0,0],"2":[0,0],"3":[0,0],"4":[0,0],"5":[0,0],"6":[0,0],"7":[0,0],"8":[0,0],"9":[0,0],"10":[0,0],"11":[0,0],"12":[0,0],"13":[0,0],"14":[0,0],"15":[0,0],"16":[0,0],"17":[0,0],"18":[0,0],"19":[0,0],"20":[0,0],"21":[0,0],"22":[0,0],"23":[0,0],"24":[0,0]}}
,"/Users/wesleysmits/Local Sites/lavandre/app/public/wp-content/themes/lavandre/mocks/styleMock.js": {"path":"/Users/wesleysmits/Local Sites/lavandre/app/public/wp-content/themes/lavandre/mocks/styleMock.js","statementMap":{"0":{"start":{"line":1,"column":0},"end":{"line":1,"column":6}}},"fnMap":{},"branchMap":{},"s":{"0":3},"f":{},"b":{}}
}
