{"/Users/wesleysmits/Local Sites/lavandre/app/public/wp-content/themes/lavandre/assets/js/Module.ts": {"path":"/Users/wesleysmits/Local Sites/lavandre/app/public/wp-content/themes/lavandre/assets/js/Module.ts","statementMap":{"0":{"start":{"line":3,"column":0},"end":{"line":3,"column":null}},"1":{"start":{"line":5,"column":0},"end":{"line":5,"column":null}},"2":{"start":{"line":9,"column":11},"end":{"line":9,"column":40}},"3":{"start":{"line":14,"column":8},"end":{"line":14,"column":13}},"4":{"start":{"line":16,"column":8},"end":{"line":16,"column":13}},"5":{"start":{"line":17,"column":12},"end":{"line":17,"column":17}},"6":{"start":{"line":22,"column":8},"end":{"line":22,"column":13}},"7":{"start":{"line":24,"column":12},"end":{"line":24,"column":21}},"8":{"start":{"line":8,"column":0},"end":{"line":8,"column":30}}},"fnMap":{"0":{"name":"(anonymous_0)","decl":{"start":{"line":8,"column":0},"end":{"line":8,"column":30}},"loc":{"start":{"line":8,"column":0},"end":{"line":27,"column":null}}},"1":{"name":"(anonymous_1)","decl":{"start":{"line":13,"column":11},"end":{"line":13,"column":21}},"loc":{"start":{"line":13,"column":21},"end":{"line":19,"column":null}}},"2":{"name":"(anonymous_2)","decl":{"start":{"line":16,"column":55},"end":{"line":16,"column":79}},"loc":{"start":{"line":16,"column":79},"end":{"line":18,"column":null}}},"3":{"name":"(anonymous_3)","decl":{"start":{"line":21,"column":14},"end":{"line":21,"column":34}},"loc":{"start":{"line":21,"column":78},"end":{"line":26,"column":null}}},"4":{"name":"(anonymous_4)","decl":{"start":{"line":22,"column":33},"end":{"line":22,"column":57}},"loc":{"start":{"line":22,"column":57},"end":{"line":25,"column":null}}}},"branchMap":{"0":{"loc":{"start":{"line":21,"column":70},"end":{"line":21,"column":78}},"type":"default-arg","locations":[{"start":{"line":21,"column":70},"end":{"line":21,"column":78}}]}},"s":{"0":1,"1":1,"2":3,"3":3,"4":3,"5":3,"6":6,"7":30,"8":1},"f":{"0":3,"1":3,"2":3,"3":6,"4":30},"b":{"0":[6]}}
,"/Users/wesleysmits/Local Sites/lavandre/app/public/wp-content/themes/lavandre/assets/js/app.ts": {"path":"/Users/wesleysmits/Local Sites/lavandre/app/public/wp-content/themes/lavandre/assets/js/app.ts","statementMap":{"0":{"start":{"line":1,"column":0},"end":{"line":1,"column":null}},"1":{"start":{"line":2,"column":0},"end":{"line":2,"column":null}},"2":{"start":{"line":4,"column":0},"end":{"line":4,"column":null}},"3":{"start":{"line":5,"column":0},"end":{"line":5,"column":null}},"4":{"start":{"line":6,"column":0},"end":{"line":6,"column":null}},"5":{"start":{"line":7,"column":0},"end":{"line":7,"column":null}},"6":{"start":{"line":8,"column":0},"end":{"line":8,"column":null}},"7":{"start":{"line":9,"column":0},"end":{"line":9,"column":null}},"8":{"start":{"line":10,"column":0},"end":{"line":10,"column":null}},"9":{"start":{"line":11,"column":0},"end":{"line":11,"column":null}},"10":{"start":{"line":12,"column":0},"end":{"line":12,"column":null}},"11":{"start":{"line":13,"column":0},"end":{"line":13,"column":null}},"12":{"start":{"line":14,"column":0},"end":{"line":14,"column":null}},"13":{"start":{"line":15,"column":0},"end":{"line":15,"column":null}},"14":{"start":{"line":16,"column":0},"end":{"line":16,"column":null}},"15":{"start":{"line":17,"column":0},"end":{"line":17,"column":null}},"16":{"start":{"line":18,"column":0},"end":{"line":18,"column":null}},"17":{"start":{"line":19,"column":0},"end":{"line":19,"column":null}},"18":{"start":{"line":20,"column":0},"end":{"line":20,"column":null}},"19":{"start":{"line":21,"column":0},"end":{"line":21,"column":null}},"20":{"start":{"line":22,"column":0},"end":{"line":22,"column":null}},"21":{"start":{"line":23,"column":0},"end":{"line":23,"column":null}},"22":{"start":{"line":24,"column":0},"end":{"line":24,"column":null}},"23":{"start":{"line":25,"column":0},"end":{"line":25,"column":null}},"24":{"start":{"line":26,"column":0},"end":{"line":26,"column":null}},"25":{"start":{"line":27,"column":0},"end":{"line":27,"column":null}},"26":{"start":{"line":30,"column":11},"end":{"line":30,"column":37}},"27":{"start":{"line":39,"column":8},"end":{"line":39,"column":14}},"28":{"start":{"line":40,"column":8},"end":{"line":40,"column":null}},"29":{"start":{"line":42,"column":37},"end":{"line":42,"column":42}},"30":{"start":{"line":45,"column":8},"end":{"line":45,"column":28}},"31":{"start":{"line":46,"column":12},"end":{"line":46,"column":18}},"32":{"start":{"line":47,"column":12},"end":{"line":47,"column":18}},"33":{"start":{"line":48,"column":12},"end":{"line":48,"column":18}},"34":{"start":{"line":49,"column":12},"end":{"line":49,"column":18}},"35":{"start":{"line":50,"column":12},"end":{"line":50,"column":18}},"36":{"start":{"line":29,"column":0},"end":{"line":29,"column":21}},"37":{"start":{"line":55,"column":0},"end":{"line":55,"column":1}},"38":{"start":{"line":56,"column":16},"end":{"line":56,"column":20}},"39":{"start":{"line":57,"column":4},"end":{"line":57,"column":7}},"40":{"start":{"line":60,"column":0},"end":{"line":62,"column":null}},"41":{"start":{"line":61,"column":4},"end":{"line":61,"column":10}}},"fnMap":{"0":{"name":"(anonymous_0)","decl":{"start":{"line":29,"column":0},"end":{"line":29,"column":21}},"loc":{"start":{"line":29,"column":0},"end":{"line":53,"column":null}}},"1":{"name":"(anonymous_1)","decl":{"start":{"line":38,"column":11},"end":{"line":38,"column":21}},"loc":{"start":{"line":38,"column":21},"end":{"line":52,"column":null}}},"2":{"name":"(anonymous_2)","decl":{"start":{"line":45,"column":38},"end":{"line":45,"column":48}},"loc":{"start":{"line":45,"column":48},"end":{"line":51,"column":null}}},"3":{"name":"appInit","decl":{"start":{"line":55,"column":10},"end":{"line":55,"column":17}},"loc":{"start":{"line":55,"column":17},"end":{"line":58,"column":null}}}},"branchMap":{"0":{"loc":{"start":{"line":60,"column":0},"end":{"line":62,"column":null}},"type":"if","locations":[{"start":{"line":60,"column":0},"end":{"line":62,"column":null}},{"start":{"line":60,"column":0},"end":{"line":62,"column":null}}]}},"s":{"0":1,"1":1,"2":1,"3":1,"4":1,"5":1,"6":1,"7":1,"8":1,"9":1,"10":1,"11":1,"12":1,"13":1,"14":1,"15":1,"16":1,"17":1,"18":1,"19":1,"20":1,"21":1,"22":1,"23":1,"24":1,"25":1,"26":3,"27":3,"28":3,"29":3,"30":3,"31":0,"32":0,"33":0,"34":0,"35":0,"36":1,"37":1,"38":1,"39":1,"40":1,"41":0},"f":{"0":3,"1":3,"2":0,"3":1},"b":{"0":[0,1]}}
,"/Users/wesleysmits/Local Sites/lavandre/app/public/wp-content/themes/lavandre/assets/js/cart.ts": {"path":"/Users/wesleysmits/Local Sites/lavandre/app/public/wp-content/themes/lavandre/assets/js/cart.ts","statementMap":{"0":{"start":{"line":2,"column":0},"end":{"line":2,"column":null}},"1":{"start":{"line":3,"column":0},"end":{"line":3,"column":null}},"2":{"start":{"line":4,"column":0},"end":{"line":4,"column":null}},"3":{"start":{"line":5,"column":0},"end":{"line":5,"column":null}},"4":{"start":{"line":6,"column":0},"end":{"line":6,"column":null}},"5":{"start":{"line":9,"column":12},"end":{"line":9,"column":41}},"6":{"start":{"line":11,"column":12},"end":{"line":11,"column":35}},"7":{"start":{"line":13,"column":12},"end":{"line":13,"column":40}},"8":{"start":{"line":15,"column":12},"end":{"line":15,"column":43}},"9":{"start":{"line":17,"column":12},"end":{"line":17,"column":44}},"10":{"start":{"line":19,"column":12},"end":{"line":19,"column":52}},"11":{"start":{"line":22,"column":8},"end":{"line":22,"column":13}},"12":{"start":{"line":23,"column":12},"end":{"line":25,"column":null}},"13":{"start":{"line":24,"column":16},"end":{"line":24,"column":null}},"14":{"start":{"line":27,"column":12},"end":{"line":30,"column":null}},"15":{"start":{"line":28,"column":16},"end":{"line":28,"column":21}},"16":{"start":{"line":29,"column":16},"end":{"line":29,"column":21}},"17":{"start":{"line":35,"column":8},"end":{"line":37,"column":null}},"18":{"start":{"line":36,"column":12},"end":{"line":36,"column":null}},"19":{"start":{"line":39,"column":8},"end":{"line":39,"column":13}},"20":{"start":{"line":40,"column":8},"end":{"line":40,"column":13}},"21":{"start":{"line":44,"column":8},"end":{"line":44,"column":15}},"22":{"start":{"line":48,"column":8},"end":{"line":48,"column":13}},"23":{"start":{"line":52,"column":8},"end":{"line":52,"column":15}},"24":{"start":{"line":58,"column":8},"end":{"line":58,"column":13}},"25":{"start":{"line":59,"column":8},"end":{"line":59,"column":13}},"26":{"start":{"line":61,"column":59},"end":{"line":61,"column":64}},"27":{"start":{"line":64,"column":8},"end":{"line":69,"column":null}},"28":{"start":{"line":64,"column":21},"end":{"line":64,"column":24}},"29":{"start":{"line":65,"column":27},"end":{"line":65,"column":49}},"30":{"start":{"line":66,"column":12},"end":{"line":66,"column":18}},"31":{"start":{"line":67,"column":16},"end":{"line":67,"column":21}},"32":{"start":{"line":71,"column":8},"end":{"line":71,"column":13}},"33":{"start":{"line":72,"column":12},"end":{"line":74,"column":null}},"34":{"start":{"line":73,"column":16},"end":{"line":73,"column":null}},"35":{"start":{"line":76,"column":12},"end":{"line":78,"column":null}},"36":{"start":{"line":77,"column":16},"end":{"line":77,"column":22}},"37":{"start":{"line":80,"column":12},"end":{"line":80,"column":17}},"38":{"start":{"line":81,"column":16},"end":{"line":81,"column":21}},"39":{"start":{"line":85,"column":59},"end":{"line":85,"column":64}},"40":{"start":{"line":88,"column":8},"end":{"line":117,"column":null}},"41":{"start":{"line":88,"column":25},"end":{"line":88,"column":28}},"42":{"start":{"line":89,"column":46},"end":{"line":89,"column":68}},"43":{"start":{"line":91,"column":12},"end":{"line":91,"column":18}},"44":{"start":{"line":92,"column":16},"end":{"line":92,"column":21}},"45":{"start":{"line":94,"column":49},"end":{"line":94,"column":null}},"46":{"start":{"line":96,"column":16},"end":{"line":99,"column":null}},"47":{"start":{"line":97,"column":20},"end":{"line":97,"column":26}},"48":{"start":{"line":98,"column":20},"end":{"line":98,"column":null}},"49":{"start":{"line":101,"column":42},"end":{"line":101,"column":null}},"50":{"start":{"line":107,"column":16},"end":{"line":107,"column":null}},"51":{"start":{"line":113,"column":24},"end":{"line":113,"column":30}},"52":{"start":{"line":121,"column":51},"end":{"line":121,"column":59}},"53":{"start":{"line":124,"column":8},"end":{"line":126,"column":null}},"54":{"start":{"line":125,"column":12},"end":{"line":125,"column":null}},"55":{"start":{"line":128,"column":45},"end":{"line":128,"column":49}},"56":{"start":{"line":129,"column":8},"end":{"line":129,"column":21}},"57":{"start":{"line":133,"column":41},"end":{"line":133,"column":46}},"58":{"start":{"line":134,"column":46},"end":{"line":134,"column":null}},"59":{"start":{"line":135,"column":37},"end":{"line":135,"column":null}},"60":{"start":{"line":137,"column":8},"end":{"line":139,"column":null}},"61":{"start":{"line":138,"column":12},"end":{"line":138,"column":18}},"62":{"start":{"line":141,"column":21},"end":{"line":141,"column":null}},"63":{"start":{"line":149,"column":8},"end":{"line":149,"column":24}},"64":{"start":{"line":153,"column":41},"end":{"line":153,"column":47}},"65":{"start":{"line":154,"column":46},"end":{"line":154,"column":null}},"66":{"start":{"line":155,"column":36},"end":{"line":155,"column":null}},"67":{"start":{"line":157,"column":8},"end":{"line":159,"column":null}},"68":{"start":{"line":158,"column":12},"end":{"line":158,"column":18}},"69":{"start":{"line":161,"column":21},"end":{"line":161,"column":null}},"70":{"start":{"line":168,"column":8},"end":{"line":168,"column":24}},"71":{"start":{"line":172,"column":8},"end":{"line":175,"column":null}},"72":{"start":{"line":173,"column":12},"end":{"line":173,"column":17}},"73":{"start":{"line":174,"column":12},"end":{"line":174,"column":null}},"74":{"start":{"line":177,"column":8},"end":{"line":177,"column":13}},"75":{"start":{"line":181,"column":21},"end":{"line":181,"column":null}},"76":{"start":{"line":186,"column":8},"end":{"line":186,"column":null}},"77":{"start":{"line":195,"column":8},"end":{"line":197,"column":null}},"78":{"start":{"line":196,"column":12},"end":{"line":196,"column":null}},"79":{"start":{"line":199,"column":28},"end":{"line":199,"column":null}},"80":{"start":{"line":201,"column":8},"end":{"line":201,"column":13}},"81":{"start":{"line":202,"column":8},"end":{"line":202,"column":13}},"82":{"start":{"line":204,"column":8},"end":{"line":204,"column":30}},"83":{"start":{"line":205,"column":8},"end":{"line":205,"column":13}},"84":{"start":{"line":209,"column":44},"end":{"line":209,"column":49}},"85":{"start":{"line":210,"column":8},"end":{"line":212,"column":null}},"86":{"start":{"line":211,"column":12},"end":{"line":211,"column":null}},"87":{"start":{"line":214,"column":8},"end":{"line":214,"column":13}},"88":{"start":{"line":215,"column":8},"end":{"line":215,"column":13}},"89":{"start":{"line":222,"column":9},"end":{"line":222,"column":null}},"90":{"start":{"line":219,"column":13},"end":{"line":219,"column":17}},"91":{"start":{"line":220,"column":0},"end":{"line":220,"column":4}},"92":{"start":{"line":223,"column":0},"end":{"line":223,"column":15}}},"fnMap":{"0":{"name":"(anonymous_0)","decl":{"start":{"line":21,"column":4},"end":{"line":21,"column":null}},"loc":{"start":{"line":21,"column":4},"end":{"line":32,"column":null}}},"1":{"name":"(anonymous_1)","decl":{"start":{"line":22,"column":55},"end":{"line":22,"column":79}},"loc":{"start":{"line":22,"column":79},"end":{"line":31,"column":null}}},"2":{"name":"(anonymous_2)","decl":{"start":{"line":34,"column":11},"end":{"line":34,"column":21}},"loc":{"start":{"line":34,"column":21},"end":{"line":41,"column":null}}},"3":{"name":"(anonymous_3)","decl":{"start":{"line":43,"column":19},"end":{"line":43,"column":null}},"loc":{"start":{"line":43,"column":19},"end":{"line":45,"column":null}}},"4":{"name":"(anonymous_4)","decl":{"start":{"line":47,"column":19},"end":{"line":47,"column":20}},"loc":{"start":{"line":47,"column":40},"end":{"line":49,"column":null}}},"5":{"name":"(anonymous_5)","decl":{"start":{"line":51,"column":21},"end":{"line":51,"column":null}},"loc":{"start":{"line":51,"column":21},"end":{"line":55,"column":null}}},"6":{"name":"(anonymous_6)","decl":{"start":{"line":57,"column":12},"end":{"line":57,"column":29}},"loc":{"start":{"line":57,"column":29},"end":{"line":118,"column":null}}},"7":{"name":"(anonymous_7)","decl":{"start":{"line":66,"column":45},"end":{"line":66,"column":50}},"loc":{"start":{"line":66,"column":50},"end":{"line":68,"column":null}}},"8":{"name":"(anonymous_8)","decl":{"start":{"line":71,"column":48},"end":{"line":71,"column":75}},"loc":{"start":{"line":71,"column":75},"end":{"line":83,"column":null}}},"9":{"name":"(anonymous_9)","decl":{"start":{"line":80,"column":51},"end":{"line":80,"column":56}},"loc":{"start":{"line":80,"column":56},"end":{"line":82,"column":15}}},"10":{"name":"(anonymous_10)","decl":{"start":{"line":91,"column":46},"end":{"line":91,"column":62}},"loc":{"start":{"line":91,"column":62},"end":{"line":116,"column":null}}},"11":{"name":"(anonymous_11)","decl":{"start":{"line":112,"column":20},"end":{"line":112,"column":25}},"loc":{"start":{"line":112,"column":25},"end":{"line":114,"column":null}}},"12":{"name":"(anonymous_12)","decl":{"start":{"line":120,"column":12},"end":{"line":120,"column":36}},"loc":{"start":{"line":120,"column":36},"end":{"line":130,"column":null}}},"13":{"name":"(anonymous_13)","decl":{"start":{"line":132,"column":12},"end":{"line":132,"column":26}},"loc":{"start":{"line":132,"column":50},"end":{"line":150,"column":null}}},"14":{"name":"(anonymous_14)","decl":{"start":{"line":152,"column":12},"end":{"line":152,"column":26}},"loc":{"start":{"line":152,"column":52},"end":{"line":169,"column":null}}},"15":{"name":"(anonymous_15)","decl":{"start":{"line":171,"column":11},"end":{"line":171,"column":21}},"loc":{"start":{"line":171,"column":35},"end":{"line":178,"column":null}}},"16":{"name":"(anonymous_16)","decl":{"start":{"line":180,"column":12},"end":{"line":180,"column":26}},"loc":{"start":{"line":180,"column":26},"end":{"line":192,"column":null}}},"17":{"name":"(anonymous_17)","decl":{"start":{"line":194,"column":11},"end":{"line":194,"column":28}},"loc":{"start":{"line":194,"column":51},"end":{"line":206,"column":null}}},"18":{"name":"(anonymous_18)","decl":{"start":{"line":208,"column":12},"end":{"line":208,"column":27}},"loc":{"start":{"line":208,"column":64},"end":{"line":216,"column":null}}}},"branchMap":{"0":{"loc":{"start":{"line":23,"column":12},"end":{"line":25,"column":null}},"type":"if","locations":[{"start":{"line":23,"column":12},"end":{"line":25,"column":null}},{"start":{"line":23,"column":12},"end":{"line":25,"column":null}}]},"1":{"loc":{"start":{"line":23,"column":16},"end":{"line":23,"column":28}},"type":"binary-expr","locations":[{"start":{"line":23,"column":16},"end":{"line":23,"column":28}},{"start":{"line":23,"column":28},"end":{"line":23,"column":56}}]},"2":{"loc":{"start":{"line":27,"column":12},"end":{"line":30,"column":null}},"type":"if","locations":[{"start":{"line":27,"column":12},"end":{"line":30,"column":null}},{"start":{"line":27,"column":12},"end":{"line":30,"column":null}}]},"3":{"loc":{"start":{"line":35,"column":8},"end":{"line":37,"column":null}},"type":"if","locations":[{"start":{"line":35,"column":8},"end":{"line":37,"column":null}},{"start":{"line":35,"column":8},"end":{"line":37,"column":null}}]},"4":{"loc":{"start":{"line":53,"column":14},"end":{"line":53,"column":null}},"type":"cond-expr","locations":[{"start":{"line":53,"column":14},"end":{"line":53,"column":null}},{"start":{"line":54,"column":14},"end":{"line":54,"column":null}}]},"5":{"loc":{"start":{"line":52,"column":15},"end":{"line":52,"column":36}},"type":"binary-expr","locations":[{"start":{"line":52,"column":15},"end":{"line":52,"column":36}},{"start":{"line":52,"column":36},"end":{"line":52,"column":41}}]},"6":{"loc":{"start":{"line":72,"column":12},"end":{"line":74,"column":null}},"type":"if","locations":[{"start":{"line":72,"column":12},"end":{"line":74,"column":null}},{"start":{"line":72,"column":12},"end":{"line":74,"column":null}}]},"7":{"loc":{"start":{"line":76,"column":12},"end":{"line":78,"column":null}},"type":"if","locations":[{"start":{"line":76,"column":12},"end":{"line":78,"column":null}},{"start":{"line":76,"column":12},"end":{"line":78,"column":null}}]},"8":{"loc":{"start":{"line":96,"column":16},"end":{"line":99,"column":null}},"type":"if","locations":[{"start":{"line":96,"column":16},"end":{"line":99,"column":null}},{"start":{"line":96,"column":16},"end":{"line":99,"column":null}}]},"9":{"loc":{"start":{"line":124,"column":8},"end":{"line":126,"column":null}},"type":"if","locations":[{"start":{"line":124,"column":8},"end":{"line":126,"column":null}},{"start":{"line":124,"column":8},"end":{"line":126,"column":null}}]},"10":{"loc":{"start":{"line":134,"column":50},"end":{"line":134,"column":52}},"type":"cond-expr","locations":[{"start":{"line":134,"column":50},"end":{"line":134,"column":52}},{"start":{"line":134,"column":46},"end":{"line":134,"column":null}}]},"11":{"loc":{"start":{"line":134,"column":46},"end":{"line":134,"column":52}},"type":"binary-expr","locations":[{"start":{"line":134,"column":46},"end":{"line":134,"column":52}},{"start":{"line":134,"column":46},"end":{"line":134,"column":52}}]},"12":{"loc":{"start":{"line":135,"column":70},"end":{"line":135,"column":74}},"type":"cond-expr","locations":[{"start":{"line":135,"column":70},"end":{"line":135,"column":74}},{"start":{"line":135,"column":74},"end":{"line":135,"column":null}}]},"13":{"loc":{"start":{"line":135,"column":37},"end":{"line":135,"column":74}},"type":"binary-expr","locations":[{"start":{"line":135,"column":37},"end":{"line":135,"column":74}},{"start":{"line":135,"column":70},"end":{"line":135,"column":74}}]},"14":{"loc":{"start":{"line":135,"column":48},"end":{"line":135,"column":50}},"type":"cond-expr","locations":[{"start":{"line":135,"column":48},"end":{"line":135,"column":50}},{"start":{"line":135,"column":44},"end":{"line":135,"column":70}}]},"15":{"loc":{"start":{"line":135,"column":44},"end":{"line":135,"column":50}},"type":"binary-expr","locations":[{"start":{"line":135,"column":44},"end":{"line":135,"column":50}},{"start":{"line":135,"column":44},"end":{"line":135,"column":50}}]},"16":{"loc":{"start":{"line":137,"column":8},"end":{"line":139,"column":null}},"type":"if","locations":[{"start":{"line":137,"column":8},"end":{"line":139,"column":null}},{"start":{"line":137,"column":8},"end":{"line":139,"column":null}}]},"17":{"loc":{"start":{"line":137,"column":12},"end":{"line":137,"column":21}},"type":"binary-expr","locations":[{"start":{"line":137,"column":12},"end":{"line":137,"column":21}},{"start":{"line":137,"column":21},"end":{"line":137,"column":33}}]},"18":{"loc":{"start":{"line":155,"column":36},"end":{"line":155,"column":66}},"type":"binary-expr","locations":[{"start":{"line":155,"column":36},"end":{"line":155,"column":66}},{"start":{"line":155,"column":66},"end":{"line":155,"column":null}}]},"19":{"loc":{"start":{"line":157,"column":8},"end":{"line":159,"column":null}},"type":"if","locations":[{"start":{"line":157,"column":8},"end":{"line":159,"column":null}},{"start":{"line":157,"column":8},"end":{"line":159,"column":null}}]},"20":{"loc":{"start":{"line":157,"column":12},"end":{"line":157,"column":21}},"type":"binary-expr","locations":[{"start":{"line":157,"column":12},"end":{"line":157,"column":21}},{"start":{"line":157,"column":21},"end":{"line":157,"column":35}},{"start":{"line":157,"column":35},"end":{"line":157,"column":49}}]},"21":{"loc":{"start":{"line":172,"column":8},"end":{"line":175,"column":null}},"type":"if","locations":[{"start":{"line":172,"column":8},"end":{"line":175,"column":null}},{"start":{"line":172,"column":8},"end":{"line":175,"column":null}}]},"22":{"loc":{"start":{"line":195,"column":8},"end":{"line":197,"column":null}},"type":"if","locations":[{"start":{"line":195,"column":8},"end":{"line":197,"column":null}},{"start":{"line":195,"column":8},"end":{"line":197,"column":null}}]},"23":{"loc":{"start":{"line":195,"column":12},"end":{"line":195,"column":25}},"type":"binary-expr","locations":[{"start":{"line":195,"column":12},"end":{"line":195,"column":25}},{"start":{"line":195,"column":25},"end":{"line":195,"column":43}},{"start":{"line":195,"column":43},"end":{"line":195,"column":67}}]},"24":{"loc":{"start":{"line":210,"column":8},"end":{"line":212,"column":null}},"type":"if","locations":[{"start":{"line":210,"column":8},"end":{"line":212,"column":null}},{"start":{"line":210,"column":8},"end":{"line":212,"column":null}}]}},"s":{"0":1,"1":1,"2":1,"3":1,"4":1,"5":1,"6":1,"7":1,"8":1,"9":1,"10":1,"11":1,"12":1,"13":1,"14":0,"15":0,"16":0,"17":1,"18":1,"19":0,"20":0,"21":0,"22":0,"23":0,"24":0,"25":0,"26":0,"27":0,"28":0,"29":0,"30":0,"31":0,"32":0,"33":0,"34":0,"35":0,"36":0,"37":0,"38":0,"39":0,"40":0,"41":0,"42":0,"43":0,"44":0,"45":0,"46":0,"47":0,"48":0,"49":0,"50":0,"51":0,"52":0,"53":0,"54":0,"55":0,"56":0,"57":0,"58":0,"59":0,"60":0,"61":0,"62":0,"63":0,"64":0,"65":0,"66":0,"67":0,"68":0,"69":0,"70":0,"71":0,"72":0,"73":0,"74":0,"75":0,"76":0,"77":0,"78":0,"79":0,"80":0,"81":0,"82":0,"83":0,"84":0,"85":0,"86":0,"87":0,"88":0,"89":1,"90":1,"91":1,"92":1},"f":{"0":1,"1":1,"2":1,"3":0,"4":0,"5":0,"6":0,"7":0,"8":0,"9":0,"10":0,"11":0,"12":0,"13":0,"14":0,"15":0,"16":0,"17":0,"18":0},"b":{"0":[1,0],"1":[1,0],"2":[0,0],"3":[1,0],"4":[0,0],"5":[0,0],"6":[0,0],"7":[0,0],"8":[0,0],"9":[0,0],"10":[0,0],"11":[0,0],"12":[0,0],"13":[0,0],"14":[0,0],"15":[0,0],"16":[0,0],"17":[0,0],"18":[0,0],"19":[0,0],"20":[0,0,0],"21":[0,0],"22":[0,0],"23":[0,0,0],"24":[0,0]}}
,"/Users/wesleysmits/Local Sites/lavandre/app/public/wp-content/themes/lavandre/assets/js/common/Component.ts": {"path":"/Users/wesleysmits/Local Sites/lavandre/app/public/wp-content/themes/lavandre/assets/js/common/Component.ts","statementMap":{"0":{"start":{"line":1,"column":0},"end":{"line":1,"column":30}}},"fnMap":{"0":{"name":"(anonymous_0)","decl":{"start":{"line":2,"column":24},"end":{"line":2,"column":25}},"loc":{"start":{"line":2,"column":68},"end":{"line":2,"column":null}}}},"branchMap":{"0":{"loc":{"start":{"line":2,"column":60},"end":{"line":2,"column":68}},"type":"default-arg","locations":[{"start":{"line":2,"column":60},"end":{"line":2,"column":68}}]}},"s":{"0":4},"f":{"0":11},"b":{"0":[11]}}
,"/Users/wesleysmits/Local Sites/lavandre/app/public/wp-content/themes/lavandre/assets/js/common/DataLayer.ts": {"path":"/Users/wesleysmits/Local Sites/lavandre/app/public/wp-content/themes/lavandre/assets/js/common/DataLayer.ts","statementMap":{"0":{"start":{"line":10,"column":8},"end":{"line":10,"column":13}},"1":{"start":{"line":14,"column":8},"end":{"line":14,"column":13}},"2":{"start":{"line":15,"column":8},"end":{"line":15,"column":13}},"3":{"start":{"line":18,"column":9},"end":{"line":18,"column":null}},"4":{"start":{"line":19,"column":0},"end":{"line":19,"column":15}}},"fnMap":{"0":{"name":"(anonymous_0)","decl":{"start":{"line":9,"column":4},"end":{"line":9,"column":null}},"loc":{"start":{"line":9,"column":4},"end":{"line":11,"column":null}}},"1":{"name":"(anonymous_1)","decl":{"start":{"line":13,"column":11},"end":{"line":13,"column":15}},"loc":{"start":{"line":13,"column":31},"end":{"line":16,"column":null}}}},"branchMap":{"0":{"loc":{"start":{"line":10,"column":44},"end":{"line":10,"column":63}},"type":"cond-expr","locations":[{"start":{"line":10,"column":44},"end":{"line":10,"column":63}},{"start":{"line":10,"column":63},"end":{"line":10,"column":null}}]}},"s":{"0":5,"1":1,"2":1,"3":2,"4":2},"f":{"0":5,"1":1},"b":{"0":[2,3]}}
,"/Users/wesleysmits/Local Sites/lavandre/app/public/wp-content/themes/lavandre/assets/js/common/EventEmitter.ts": {"path":"/Users/wesleysmits/Local Sites/lavandre/app/public/wp-content/themes/lavandre/assets/js/common/EventEmitter.ts","statementMap":{"0":{"start":{"line":4,"column":12},"end":{"line":4,"column":40}},"1":{"start":{"line":10,"column":8},"end":{"line":12,"column":null}},"2":{"start":{"line":11,"column":12},"end":{"line":11,"column":17}},"3":{"start":{"line":13,"column":8},"end":{"line":13,"column":13}},"4":{"start":{"line":14,"column":8},"end":{"line":14,"column":15}},"5":{"start":{"line":14,"column":21},"end":{"line":14,"column":26}},"6":{"start":{"line":21,"column":8},"end":{"line":23,"column":null}},"7":{"start":{"line":22,"column":12},"end":{"line":22,"column":19}},"8":{"start":{"line":25,"column":30},"end":{"line":25,"column":35}},"9":{"start":{"line":26,"column":8},"end":{"line":28,"column":null}},"10":{"start":{"line":27,"column":12},"end":{"line":27,"column":17}},"11":{"start":{"line":30,"column":8},"end":{"line":30,"column":15}},"12":{"start":{"line":37,"column":8},"end":{"line":39,"column":null}},"13":{"start":{"line":38,"column":12},"end":{"line":38,"column":19}},"14":{"start":{"line":40,"column":8},"end":{"line":40,"column":15}},"15":{"start":{"line":41,"column":8},"end":{"line":41,"column":15}},"16":{"start":{"line":48,"column":8},"end":{"line":50,"column":null}},"17":{"start":{"line":49,"column":12},"end":{"line":49,"column":19}},"18":{"start":{"line":52,"column":8},"end":{"line":52,"column":13}},"19":{"start":{"line":52,"column":49},"end":{"line":52,"column":57}},"20":{"start":{"line":54,"column":8},"end":{"line":54,"column":15}},"21":{"start":{"line":61,"column":33},"end":{"line":61,"column":38}},"22":{"start":{"line":62,"column":12},"end":{"line":62,"column":null}},"23":{"start":{"line":63,"column":12},"end":{"line":63,"column":20}},"24":{"start":{"line":68,"column":9},"end":{"line":68,"column":null}},"25":{"start":{"line":69,"column":0},"end":{"line":69,"column":15}}},"fnMap":{"0":{"name":"(anonymous_0)","decl":{"start":{"line":3,"column":0},"end":{"line":3,"column":6}},"loc":{"start":{"line":3,"column":0},"end":{"line":66,"column":null}}},"1":{"name":"(anonymous_1)","decl":{"start":{"line":9,"column":4},"end":{"line":9,"column":6}},"loc":{"start":{"line":9,"column":40},"end":{"line":15,"column":null}}},"2":{"name":"(anonymous_2)","decl":{"start":{"line":14,"column":15},"end":{"line":14,"column":21}},"loc":{"start":{"line":14,"column":21},"end":{"line":14,"column":26}}},"3":{"name":"(anonymous_3)","decl":{"start":{"line":20,"column":4},"end":{"line":20,"column":18}},"loc":{"start":{"line":20,"column":52},"end":{"line":31,"column":null}}},"4":{"name":"(anonymous_4)","decl":{"start":{"line":36,"column":4},"end":{"line":36,"column":22}},"loc":{"start":{"line":36,"column":36},"end":{"line":42,"column":null}}},"5":{"name":"(anonymous_5)","decl":{"start":{"line":47,"column":4},"end":{"line":47,"column":8}},"loc":{"start":{"line":47,"column":38},"end":{"line":55,"column":null}}},"6":{"name":"(anonymous_6)","decl":{"start":{"line":52,"column":36},"end":{"line":52,"column":49}},"loc":{"start":{"line":52,"column":49},"end":{"line":52,"column":57}}},"7":{"name":"(anonymous_7)","decl":{"start":{"line":60,"column":4},"end":{"line":60,"column":8}},"loc":{"start":{"line":60,"column":42},"end":{"line":65,"column":null}}},"8":{"name":"(anonymous_8)","decl":{"start":{"line":61,"column":48},"end":{"line":61,"column":49}},"loc":{"start":{"line":61,"column":67},"end":{"line":64,"column":null}}}},"branchMap":{"0":{"loc":{"start":{"line":10,"column":8},"end":{"line":12,"column":null}},"type":"if","locations":[{"start":{"line":10,"column":8},"end":{"line":12,"column":null}},{"start":{"line":10,"column":8},"end":{"line":12,"column":null}}]},"1":{"loc":{"start":{"line":21,"column":8},"end":{"line":23,"column":null}},"type":"if","locations":[{"start":{"line":21,"column":8},"end":{"line":23,"column":null}},{"start":{"line":21,"column":8},"end":{"line":23,"column":null}}]},"2":{"loc":{"start":{"line":26,"column":8},"end":{"line":28,"column":null}},"type":"if","locations":[{"start":{"line":26,"column":8},"end":{"line":28,"column":null}},{"start":{"line":26,"column":8},"end":{"line":28,"column":null}}]},"3":{"loc":{"start":{"line":37,"column":8},"end":{"line":39,"column":null}},"type":"if","locations":[{"start":{"line":37,"column":8},"end":{"line":39,"column":null}},{"start":{"line":37,"column":8},"end":{"line":39,"column":null}}]},"4":{"loc":{"start":{"line":48,"column":8},"end":{"line":50,"column":null}},"type":"if","locations":[{"start":{"line":48,"column":8},"end":{"line":50,"column":null}},{"start":{"line":48,"column":8},"end":{"line":50,"column":null}}]}},"s":{"0":3,"1":10,"2":7,"3":10,"4":10,"5":1,"6":3,"7":1,"8":2,"9":2,"10":2,"11":2,"12":2,"13":1,"14":1,"15":1,"16":5,"17":2,"18":3,"19":6,"20":3,"21":1,"22":1,"23":1,"24":3,"25":3},"f":{"0":3,"1":10,"2":1,"3":3,"4":2,"5":5,"6":6,"7":1,"8":1},"b":{"0":[7,3],"1":[1,2],"2":[2,0],"3":[1,1],"4":[2,3]}}
,"/Users/wesleysmits/Local Sites/lavandre/app/public/wp-content/themes/lavandre/assets/js/common/HttpClient.ts": {"path":"/Users/wesleysmits/Local Sites/lavandre/app/public/wp-content/themes/lavandre/assets/js/common/HttpClient.ts","statementMap":{"0":{"start":{"line":6,"column":8},"end":{"line":6,"column":15}},"1":{"start":{"line":13,"column":44},"end":{"line":13,"column":null}},"2":{"start":{"line":21,"column":28},"end":{"line":21,"column":49}},"3":{"start":{"line":23,"column":8},"end":{"line":23,"column":15}},"4":{"start":{"line":30,"column":44},"end":{"line":30,"column":null}},"5":{"start":{"line":38,"column":28},"end":{"line":38,"column":49}},"6":{"start":{"line":40,"column":8},"end":{"line":40,"column":15}},"7":{"start":{"line":47,"column":44},"end":{"line":47,"column":null}},"8":{"start":{"line":52,"column":28},"end":{"line":52,"column":49}},"9":{"start":{"line":54,"column":8},"end":{"line":54,"column":15}},"10":{"start":{"line":61,"column":44},"end":{"line":61,"column":null}},"11":{"start":{"line":70,"column":28},"end":{"line":70,"column":49}},"12":{"start":{"line":72,"column":8},"end":{"line":72,"column":15}},"13":{"start":{"line":79,"column":8},"end":{"line":81,"column":null}},"14":{"start":{"line":80,"column":12},"end":{"line":80,"column":19}},"15":{"start":{"line":82,"column":8},"end":{"line":84,"column":null}},"16":{"start":{"line":83,"column":12},"end":{"line":83,"column":19}},"17":{"start":{"line":83,"column":50},"end":{"line":83,"column":57}},"18":{"start":{"line":86,"column":8},"end":{"line":86,"column":15}},"19":{"start":{"line":93,"column":43},"end":{"line":93,"column":51}},"20":{"start":{"line":95,"column":8},"end":{"line":97,"column":null}},"21":{"start":{"line":96,"column":12},"end":{"line":96,"column":19}},"22":{"start":{"line":99,"column":8},"end":{"line":99,"column":15}},"23":{"start":{"line":106,"column":8},"end":{"line":106,"column":15}},"24":{"start":{"line":110,"column":39},"end":{"line":110,"column":43}},"25":{"start":{"line":111,"column":0},"end":{"line":111,"column":15}}},"fnMap":{"0":{"name":"(anonymous_0)","decl":{"start":{"line":5,"column":4},"end":{"line":5,"column":7}},"loc":{"start":{"line":5,"column":42},"end":{"line":7,"column":null}}},"1":{"name":"(anonymous_1)","decl":{"start":{"line":12,"column":4},"end":{"line":12,"column":8}},"loc":{"start":{"line":12,"column":60},"end":{"line":24,"column":null}}},"2":{"name":"(anonymous_2)","decl":{"start":{"line":29,"column":4},"end":{"line":29,"column":7}},"loc":{"start":{"line":29,"column":59},"end":{"line":41,"column":null}}},"3":{"name":"(anonymous_3)","decl":{"start":{"line":46,"column":4},"end":{"line":46,"column":10}},"loc":{"start":{"line":46,"column":62},"end":{"line":55,"column":null}}},"4":{"name":"(anonymous_4)","decl":{"start":{"line":60,"column":4},"end":{"line":60,"column":11}},"loc":{"start":{"line":60,"column":46},"end":{"line":73,"column":null}}},"5":{"name":"(anonymous_5)","decl":{"start":{"line":78,"column":4},"end":{"line":78,"column":17}},"loc":{"start":{"line":78,"column":36},"end":{"line":87,"column":null}}},"6":{"name":"(anonymous_6)","decl":{"start":{"line":83,"column":41},"end":{"line":83,"column":50}},"loc":{"start":{"line":83,"column":50},"end":{"line":83,"column":57}}},"7":{"name":"(anonymous_7)","decl":{"start":{"line":92,"column":4},"end":{"line":92,"column":16}},"loc":{"start":{"line":92,"column":35},"end":{"line":100,"column":null}}},"8":{"name":"(anonymous_8)","decl":{"start":{"line":105,"column":4},"end":{"line":105,"column":32}},"loc":{"start":{"line":105,"column":47},"end":{"line":107,"column":null}}}},"branchMap":{"0":{"loc":{"start":{"line":79,"column":8},"end":{"line":81,"column":null}},"type":"if","locations":[{"start":{"line":79,"column":8},"end":{"line":81,"column":null}},{"start":{"line":79,"column":8},"end":{"line":81,"column":null}}]},"1":{"loc":{"start":{"line":79,"column":12},"end":{"line":79,"column":38}},"type":"binary-expr","locations":[{"start":{"line":79,"column":12},"end":{"line":79,"column":38}},{"start":{"line":79,"column":38},"end":{"line":79,"column":61}}]},"2":{"loc":{"start":{"line":82,"column":8},"end":{"line":84,"column":null}},"type":"if","locations":[{"start":{"line":82,"column":8},"end":{"line":84,"column":null}},{"start":{"line":82,"column":8},"end":{"line":84,"column":null}}]},"3":{"loc":{"start":{"line":82,"column":12},"end":{"line":82,"column":38}},"type":"binary-expr","locations":[{"start":{"line":82,"column":12},"end":{"line":82,"column":38}},{"start":{"line":82,"column":38},"end":{"line":82,"column":61}}]},"4":{"loc":{"start":{"line":95,"column":8},"end":{"line":97,"column":null}},"type":"if","locations":[{"start":{"line":95,"column":8},"end":{"line":97,"column":null}},{"start":{"line":95,"column":8},"end":{"line":97,"column":null}}]},"5":{"loc":{"start":{"line":95,"column":12},"end":{"line":95,"column":36}},"type":"binary-expr","locations":[{"start":{"line":95,"column":12},"end":{"line":95,"column":36}},{"start":{"line":95,"column":36},"end":{"line":95,"column":84}}]}},"s":{"0":2,"1":3,"2":3,"3":3,"4":1,"5":1,"6":1,"7":1,"8":1,"9":1,"10":7,"11":7,"12":7,"13":9,"14":7,"15":2,"16":1,"17":1,"18":1,"19":8,"20":8,"21":1,"22":7,"23":1,"24":4,"25":4},"f":{"0":2,"1":3,"2":1,"3":1,"4":7,"5":9,"6":1,"7":8,"8":1},"b":{"0":[7,2],"1":[9,9],"2":[1,1],"3":[2,2],"4":[1,7],"5":[8,8]}}
,"/Users/wesleysmits/Local Sites/lavandre/app/public/wp-content/themes/lavandre/assets/js/components/AddCouponCode.ts": {"path":"/Users/wesleysmits/Local Sites/lavandre/app/public/wp-content/themes/lavandre/assets/js/components/AddCouponCode.ts","statementMap":{"0":{"start":{"line":1,"column":0},"end":{"line":1,"column":null}},"1":{"start":{"line":2,"column":0},"end":{"line":2,"column":null}},"2":{"start":{"line":3,"column":0},"end":{"line":3,"column":null}},"3":{"start":{"line":12,"column":12},"end":{"line":12,"column":35}},"4":{"start":{"line":14,"column":12},"end":{"line":14,"column":44}},"5":{"start":{"line":19,"column":8},"end":{"line":19,"column":13}},"6":{"start":{"line":20,"column":8},"end":{"line":20,"column":13}},"7":{"start":{"line":21,"column":8},"end":{"line":21,"column":13}},"8":{"start":{"line":25,"column":8},"end":{"line":25,"column":13}},"9":{"start":{"line":26,"column":12},"end":{"line":26,"column":17}},"10":{"start":{"line":28,"column":39},"end":{"line":28,"column":43}},"11":{"start":{"line":29,"column":51},"end":{"line":29,"column":null}},"12":{"start":{"line":31,"column":12},"end":{"line":33,"column":null}},"13":{"start":{"line":32,"column":16},"end":{"line":32,"column":26}},"14":{"start":{"line":35,"column":38},"end":{"line":35,"column":null}},"15":{"start":{"line":40,"column":12},"end":{"line":40,"column":28}},"16":{"start":{"line":41,"column":12},"end":{"line":41,"column":null}},"17":{"start":{"line":51,"column":12},"end":{"line":51,"column":19}},"18":{"start":{"line":56,"column":48},"end":{"line":56,"column":53}},"19":{"start":{"line":57,"column":8},"end":{"line":59,"column":null}},"20":{"start":{"line":58,"column":12},"end":{"line":58,"column":17}},"21":{"start":{"line":61,"column":8},"end":{"line":61,"column":13}},"22":{"start":{"line":65,"column":8},"end":{"line":65,"column":24}},"23":{"start":{"line":66,"column":8},"end":{"line":66,"column":14}},"24":{"start":{"line":5,"column":0},"end":{"line":5,"column":21}}},"fnMap":{"0":{"name":"(anonymous_0)","decl":{"start":{"line":18,"column":4},"end":{"line":18,"column":16}},"loc":{"start":{"line":18,"column":37},"end":{"line":22,"column":null}}},"1":{"name":"(anonymous_1)","decl":{"start":{"line":24,"column":11},"end":{"line":24,"column":21}},"loc":{"start":{"line":24,"column":21},"end":{"line":53,"column":null}}},"2":{"name":"(anonymous_2)","decl":{"start":{"line":25,"column":46},"end":{"line":25,"column":62}},"loc":{"start":{"line":25,"column":62},"end":{"line":52,"column":null}}},"3":{"name":"(anonymous_3)","decl":{"start":{"line":55,"column":12},"end":{"line":55,"column":21}},"loc":{"start":{"line":55,"column":59},"end":{"line":62,"column":null}}},"4":{"name":"(anonymous_4)","decl":{"start":{"line":64,"column":12},"end":{"line":64,"column":21}},"loc":{"start":{"line":64,"column":34},"end":{"line":67,"column":null}}}},"branchMap":{"0":{"loc":{"start":{"line":29,"column":51},"end":{"line":29,"column":59}},"type":"binary-expr","locations":[{"start":{"line":29,"column":51},"end":{"line":29,"column":59}},{"start":{"line":29,"column":82},"end":{"line":29,"column":null}}]},"1":{"loc":{"start":{"line":31,"column":12},"end":{"line":33,"column":null}},"type":"if","locations":[{"start":{"line":31,"column":12},"end":{"line":33,"column":null}},{"start":{"line":31,"column":12},"end":{"line":33,"column":null}}]},"2":{"loc":{"start":{"line":31,"column":16},"end":{"line":31,"column":31}},"type":"binary-expr","locations":[{"start":{"line":31,"column":16},"end":{"line":31,"column":31}},{"start":{"line":31,"column":31},"end":{"line":31,"column":63}}]},"3":{"loc":{"start":{"line":57,"column":8},"end":{"line":59,"column":null}},"type":"if","locations":[{"start":{"line":57,"column":8},"end":{"line":59,"column":null}},{"start":{"line":57,"column":8},"end":{"line":59,"column":null}}]}},"s":{"0":1,"1":1,"2":1,"3":0,"4":0,"5":0,"6":0,"7":0,"8":0,"9":0,"10":0,"11":0,"12":0,"13":0,"14":0,"15":0,"16":0,"17":0,"18":0,"19":0,"20":0,"21":0,"22":0,"23":0,"24":1},"f":{"0":0,"1":0,"2":0,"3":0,"4":0},"b":{"0":[0,0],"1":[0,0],"2":[0,0],"3":[0,0]}}
,"/Users/wesleysmits/Local Sites/lavandre/app/public/wp-content/themes/lavandre/assets/js/components/AmountSelector.ts": {"path":"/Users/wesleysmits/Local Sites/lavandre/app/public/wp-content/themes/lavandre/assets/js/components/AmountSelector.ts","statementMap":{"0":{"start":{"line":1,"column":0},"end":{"line":1,"column":null}},"1":{"start":{"line":2,"column":0},"end":{"line":2,"column":null}},"2":{"start":{"line":3,"column":0},"end":{"line":3,"column":null}},"3":{"start":{"line":11,"column":8},"end":{"line":11,"column":null}},"4":{"start":{"line":6,"column":12},"end":{"line":6,"column":43}},"5":{"start":{"line":8,"column":12},"end":{"line":8,"column":41}},"6":{"start":{"line":49,"column":12},"end":{"line":49,"column":41}},"7":{"start":{"line":50,"column":36},"end":{"line":50,"column":null}},"8":{"start":{"line":51,"column":8},"end":{"line":53,"column":null}},"9":{"start":{"line":52,"column":12},"end":{"line":52,"column":null}},"10":{"start":{"line":55,"column":23},"end":{"line":55,"column":29}},"11":{"start":{"line":56,"column":8},"end":{"line":58,"column":null}},"12":{"start":{"line":57,"column":12},"end":{"line":57,"column":null}},"13":{"start":{"line":60,"column":22},"end":{"line":60,"column":28}},"14":{"start":{"line":61,"column":8},"end":{"line":63,"column":null}},"15":{"start":{"line":62,"column":12},"end":{"line":62,"column":null}},"16":{"start":{"line":65,"column":8},"end":{"line":65,"column":13}},"17":{"start":{"line":13,"column":8},"end":{"line":13,"column":13}},"18":{"start":{"line":17,"column":46},"end":{"line":32,"column":null}},"19":{"start":{"line":18,"column":44},"end":{"line":18,"column":null}},"20":{"start":{"line":19,"column":12},"end":{"line":21,"column":null}},"21":{"start":{"line":20,"column":16},"end":{"line":20,"column":null}},"22":{"start":{"line":23,"column":12},"end":{"line":25,"column":null}},"23":{"start":{"line":24,"column":16},"end":{"line":24,"column":21}},"24":{"start":{"line":27,"column":12},"end":{"line":29,"column":null}},"25":{"start":{"line":28,"column":16},"end":{"line":28,"column":21}},"26":{"start":{"line":31,"column":12},"end":{"line":31,"column":17}},"27":{"start":{"line":34,"column":43},"end":{"line":34,"column":48}},"28":{"start":{"line":35,"column":8},"end":{"line":39,"column":null}},"29":{"start":{"line":35,"column":25},"end":{"line":35,"column":28}},"30":{"start":{"line":36,"column":26},"end":{"line":36,"column":33}},"31":{"start":{"line":37,"column":12},"end":{"line":37,"column":17}},"32":{"start":{"line":38,"column":12},"end":{"line":38,"column":17}},"33":{"start":{"line":41,"column":8},"end":{"line":46,"column":null}},"34":{"start":{"line":41,"column":25},"end":{"line":41,"column":28}},"35":{"start":{"line":42,"column":27},"end":{"line":42,"column":32}},"36":{"start":{"line":44,"column":12},"end":{"line":44,"column":18}},"37":{"start":{"line":45,"column":12},"end":{"line":45,"column":18}},"38":{"start":{"line":69,"column":20},"end":{"line":69,"column":27}},"39":{"start":{"line":70,"column":21},"end":{"line":70,"column":28}},"40":{"start":{"line":72,"column":8},"end":{"line":76,"column":null}},"41":{"start":{"line":73,"column":12},"end":{"line":73,"column":17}},"42":{"start":{"line":75,"column":12},"end":{"line":75,"column":17}},"43":{"start":{"line":78,"column":8},"end":{"line":78,"column":13}},"44":{"start":{"line":79,"column":8},"end":{"line":79,"column":13}},"45":{"start":{"line":83,"column":31},"end":{"line":83,"column":35}},"46":{"start":{"line":84,"column":8},"end":{"line":84,"column":22}},"47":{"start":{"line":5,"column":0},"end":{"line":5,"column":21}}},"fnMap":{"0":{"name":"(anonymous_0)","decl":{"start":{"line":10,"column":4},"end":{"line":10,"column":16}},"loc":{"start":{"line":10,"column":59},"end":{"line":14,"column":null}}},"1":{"name":"(anonymous_1)","decl":{"start":{"line":49,"column":42},"end":{"line":49,"column":58}},"loc":{"start":{"line":49,"column":58},"end":{"line":66,"column":null}}},"2":{"name":"(anonymous_2)","decl":{"start":{"line":16,"column":11},"end":{"line":16,"column":21}},"loc":{"start":{"line":16,"column":21},"end":{"line":47,"column":null}}},"3":{"name":"(anonymous_3)","decl":{"start":{"line":17,"column":46},"end":{"line":17,"column":62}},"loc":{"start":{"line":17,"column":62},"end":{"line":32,"column":null}}},"4":{"name":"(anonymous_4)","decl":{"start":{"line":68,"column":12},"end":{"line":68,"column":24}},"loc":{"start":{"line":68,"column":69},"end":{"line":80,"column":null}}},"5":{"name":"(anonymous_5)","decl":{"start":{"line":82,"column":24},"end":{"line":82,"column":25}},"loc":{"start":{"line":82,"column":68},"end":{"line":85,"column":null}}}},"branchMap":{"0":{"loc":{"start":{"line":10,"column":51},"end":{"line":10,"column":59}},"type":"default-arg","locations":[{"start":{"line":10,"column":51},"end":{"line":10,"column":59}}]},"1":{"loc":{"start":{"line":51,"column":8},"end":{"line":53,"column":null}},"type":"if","locations":[{"start":{"line":51,"column":8},"end":{"line":53,"column":null}},{"start":{"line":51,"column":8},"end":{"line":53,"column":null}}]},"2":{"loc":{"start":{"line":51,"column":12},"end":{"line":51,"column":23}},"type":"binary-expr","locations":[{"start":{"line":51,"column":12},"end":{"line":51,"column":23}},{"start":{"line":51,"column":23},"end":{"line":51,"column":46}}]},"3":{"loc":{"start":{"line":56,"column":8},"end":{"line":58,"column":null}},"type":"if","locations":[{"start":{"line":56,"column":8},"end":{"line":58,"column":null}},{"start":{"line":56,"column":8},"end":{"line":58,"column":null}}]},"4":{"loc":{"start":{"line":56,"column":12},"end":{"line":56,"column":23}},"type":"binary-expr","locations":[{"start":{"line":56,"column":12},"end":{"line":56,"column":23}},{"start":{"line":56,"column":23},"end":{"line":56,"column":46}}]},"5":{"loc":{"start":{"line":61,"column":8},"end":{"line":63,"column":null}},"type":"if","locations":[{"start":{"line":61,"column":8},"end":{"line":63,"column":null}},{"start":{"line":61,"column":8},"end":{"line":63,"column":null}}]},"6":{"loc":{"start":{"line":61,"column":12},"end":{"line":61,"column":22}},"type":"binary-expr","locations":[{"start":{"line":61,"column":12},"end":{"line":61,"column":22}},{"start":{"line":61,"column":22},"end":{"line":61,"column":24}}]},"7":{"loc":{"start":{"line":19,"column":12},"end":{"line":21,"column":null}},"type":"if","locations":[{"start":{"line":19,"column":12},"end":{"line":21,"column":null}},{"start":{"line":19,"column":12},"end":{"line":21,"column":null}}]},"8":{"loc":{"start":{"line":23,"column":12},"end":{"line":25,"column":null}},"type":"if","locations":[{"start":{"line":23,"column":12},"end":{"line":25,"column":null}},{"start":{"line":23,"column":12},"end":{"line":25,"column":null}}]},"9":{"loc":{"start":{"line":23,"column":16},"end":{"line":23,"column":29}},"type":"binary-expr","locations":[{"start":{"line":23,"column":16},"end":{"line":23,"column":29}},{"start":{"line":23,"column":29},"end":{"line":23,"column":56}}]},"10":{"loc":{"start":{"line":27,"column":12},"end":{"line":29,"column":null}},"type":"if","locations":[{"start":{"line":27,"column":12},"end":{"line":29,"column":null}},{"start":{"line":27,"column":12},"end":{"line":29,"column":null}}]},"11":{"loc":{"start":{"line":27,"column":16},"end":{"line":27,"column":29}},"type":"binary-expr","locations":[{"start":{"line":27,"column":16},"end":{"line":27,"column":29}},{"start":{"line":27,"column":29},"end":{"line":27,"column":56}}]},"12":{"loc":{"start":{"line":72,"column":8},"end":{"line":76,"column":null}},"type":"if","locations":[{"start":{"line":72,"column":8},"end":{"line":76,"column":null}},{"start":{"line":72,"column":8},"end":{"line":76,"column":null}}]},"13":{"loc":{"start":{"line":82,"column":60},"end":{"line":82,"column":68}},"type":"default-arg","locations":[{"start":{"line":82,"column":60},"end":{"line":82,"column":68}}]}},"s":{"0":1,"1":1,"2":1,"3":0,"4":0,"5":0,"6":0,"7":0,"8":0,"9":0,"10":0,"11":0,"12":0,"13":0,"14":0,"15":0,"16":0,"17":0,"18":0,"19":0,"20":0,"21":0,"22":0,"23":0,"24":0,"25":0,"26":0,"27":0,"28":0,"29":0,"30":0,"31":0,"32":0,"33":0,"34":0,"35":0,"36":0,"37":0,"38":0,"39":0,"40":0,"41":0,"42":0,"43":0,"44":0,"45":0,"46":0,"47":1},"f":{"0":0,"1":0,"2":0,"3":0,"4":0,"5":0},"b":{"0":[0],"1":[0,0],"2":[0,0],"3":[0,0],"4":[0,0],"5":[0,0],"6":[0,0],"7":[0,0],"8":[0,0],"9":[0,0],"10":[0,0],"11":[0,0],"12":[0,0],"13":[0]}}
,"/Users/wesleysmits/Local Sites/lavandre/app/public/wp-content/themes/lavandre/assets/js/components/ChangeVariantPrice.ts": {"path":"/Users/wesleysmits/Local Sites/lavandre/app/public/wp-content/themes/lavandre/assets/js/components/ChangeVariantPrice.ts","statementMap":{"0":{"start":{"line":2,"column":0},"end":{"line":2,"column":null}},"1":{"start":{"line":3,"column":0},"end":{"line":3,"column":null}},"2":{"start":{"line":15,"column":8},"end":{"line":15,"column":null}},"3":{"start":{"line":8,"column":12},"end":{"line":8,"column":35}},"4":{"start":{"line":10,"column":12},"end":{"line":10,"column":50}},"5":{"start":{"line":12,"column":12},"end":{"line":12,"column":51}},"6":{"start":{"line":16,"column":8},"end":{"line":16,"column":13}},"7":{"start":{"line":20,"column":8},"end":{"line":20,"column":13}},"8":{"start":{"line":24,"column":8},"end":{"line":28,"column":null}},"9":{"start":{"line":25,"column":12},"end":{"line":25,"column":17}},"10":{"start":{"line":30,"column":8},"end":{"line":30,"column":13}},"11":{"start":{"line":34,"column":8},"end":{"line":36,"column":null}},"12":{"start":{"line":35,"column":12},"end":{"line":35,"column":null}},"13":{"start":{"line":38,"column":45},"end":{"line":38,"column":50}},"14":{"start":{"line":39,"column":8},"end":{"line":41,"column":null}},"15":{"start":{"line":40,"column":12},"end":{"line":40,"column":null}},"16":{"start":{"line":43,"column":31},"end":{"line":43,"column":null}},"17":{"start":{"line":45,"column":8},"end":{"line":47,"column":null}},"18":{"start":{"line":46,"column":12},"end":{"line":46,"column":null}},"19":{"start":{"line":49,"column":8},"end":{"line":49,"column":13}},"20":{"start":{"line":50,"column":12},"end":{"line":50,"column":17}},"21":{"start":{"line":52,"column":20},"end":{"line":52,"column":24}},"22":{"start":{"line":53,"column":57},"end":{"line":53,"column":null}},"23":{"start":{"line":55,"column":16},"end":{"line":57,"column":null}},"24":{"start":{"line":56,"column":20},"end":{"line":56,"column":null}},"25":{"start":{"line":59,"column":29},"end":{"line":59,"column":null}},"26":{"start":{"line":65,"column":16},"end":{"line":65,"column":32}},"27":{"start":{"line":71,"column":8},"end":{"line":73,"column":null}},"28":{"start":{"line":72,"column":12},"end":{"line":72,"column":18}},"29":{"start":{"line":75,"column":29},"end":{"line":75,"column":35}},"30":{"start":{"line":76,"column":26},"end":{"line":76,"column":32}},"31":{"start":{"line":78,"column":8},"end":{"line":82,"column":null}},"32":{"start":{"line":79,"column":12},"end":{"line":79,"column":17}},"33":{"start":{"line":80,"column":16},"end":{"line":80,"column":19}},"34":{"start":{"line":84,"column":8},"end":{"line":86,"column":null}},"35":{"start":{"line":85,"column":12},"end":{"line":85,"column":17}},"36":{"start":{"line":90,"column":49},"end":{"line":90,"column":54}},"37":{"start":{"line":93,"column":8},"end":{"line":95,"column":null}},"38":{"start":{"line":94,"column":12},"end":{"line":94,"column":null}},"39":{"start":{"line":97,"column":25},"end":{"line":97,"column":29}},"40":{"start":{"line":98,"column":8},"end":{"line":98,"column":16}},"41":{"start":{"line":5,"column":0},"end":{"line":5,"column":21}}},"fnMap":{"0":{"name":"(anonymous_0)","decl":{"start":{"line":14,"column":4},"end":{"line":14,"column":16}},"loc":{"start":{"line":14,"column":44},"end":{"line":17,"column":null}}},"1":{"name":"(anonymous_1)","decl":{"start":{"line":19,"column":11},"end":{"line":19,"column":21}},"loc":{"start":{"line":19,"column":21},"end":{"line":68,"column":null}}},"2":{"name":"(anonymous_2)","decl":{"start":{"line":49,"column":31},"end":{"line":49,"column":40}},"loc":{"start":{"line":49,"column":40},"end":{"line":67,"column":null}}},"3":{"name":"(anonymous_3)","decl":{"start":{"line":50,"column":45},"end":{"line":50,"column":50}},"loc":{"start":{"line":50,"column":50},"end":{"line":66,"column":null}}},"4":{"name":"(anonymous_4)","decl":{"start":{"line":70,"column":12},"end":{"line":70,"column":21}},"loc":{"start":{"line":70,"column":35},"end":{"line":87,"column":null}}},"5":{"name":"(anonymous_5)","decl":{"start":{"line":79,"column":47},"end":{"line":79,"column":53}},"loc":{"start":{"line":79,"column":53},"end":{"line":81,"column":null}}},"6":{"name":"(anonymous_6)","decl":{"start":{"line":89,"column":24},"end":{"line":89,"column":25}},"loc":{"start":{"line":89,"column":68},"end":{"line":99,"column":null}}}},"branchMap":{"0":{"loc":{"start":{"line":24,"column":8},"end":{"line":28,"column":null}},"type":"if","locations":[{"start":{"line":24,"column":8},"end":{"line":28,"column":null}},{"start":{"line":24,"column":8},"end":{"line":28,"column":null}}]},"1":{"loc":{"start":{"line":34,"column":8},"end":{"line":36,"column":null}},"type":"if","locations":[{"start":{"line":34,"column":8},"end":{"line":36,"column":null}},{"start":{"line":34,"column":8},"end":{"line":36,"column":null}}]},"2":{"loc":{"start":{"line":34,"column":12},"end":{"line":34,"column":38}},"type":"binary-expr","locations":[{"start":{"line":34,"column":12},"end":{"line":34,"column":38}},{"start":{"line":34,"column":38},"end":{"line":34,"column":73}}]},"3":{"loc":{"start":{"line":39,"column":8},"end":{"line":41,"column":null}},"type":"if","locations":[{"start":{"line":39,"column":8},"end":{"line":41,"column":null}},{"start":{"line":39,"column":8},"end":{"line":41,"column":null}}]},"4":{"loc":{"start":{"line":45,"column":8},"end":{"line":47,"column":null}},"type":"if","locations":[{"start":{"line":45,"column":8},"end":{"line":47,"column":null}},{"start":{"line":45,"column":8},"end":{"line":47,"column":null}}]},"5":{"loc":{"start":{"line":53,"column":75},"end":{"line":53,"column":77}},"type":"cond-expr","locations":[{"start":{"line":53,"column":75},"end":{"line":53,"column":77}},{"start":{"line":53,"column":57},"end":{"line":53,"column":null}}]},"6":{"loc":{"start":{"line":53,"column":57},"end":{"line":53,"column":77}},"type":"binary-expr","locations":[{"start":{"line":53,"column":57},"end":{"line":53,"column":77}},{"start":{"line":53,"column":57},"end":{"line":53,"column":77}}]},"7":{"loc":{"start":{"line":55,"column":16},"end":{"line":57,"column":null}},"type":"if","locations":[{"start":{"line":55,"column":16},"end":{"line":57,"column":null}},{"start":{"line":55,"column":16},"end":{"line":57,"column":null}}]},"8":{"loc":{"start":{"line":55,"column":20},"end":{"line":55,"column":37}},"type":"binary-expr","locations":[{"start":{"line":55,"column":20},"end":{"line":55,"column":37}},{"start":{"line":55,"column":37},"end":{"line":55,"column":50}}]},"9":{"loc":{"start":{"line":71,"column":8},"end":{"line":73,"column":null}},"type":"if","locations":[{"start":{"line":71,"column":8},"end":{"line":73,"column":null}},{"start":{"line":71,"column":8},"end":{"line":73,"column":null}}]},"10":{"loc":{"start":{"line":71,"column":12},"end":{"line":71,"column":31}},"type":"binary-expr","locations":[{"start":{"line":71,"column":12},"end":{"line":71,"column":31}},{"start":{"line":71,"column":31},"end":{"line":71,"column":59}},{"start":{"line":71,"column":59},"end":{"line":71,"column":89}}]},"11":{"loc":{"start":{"line":78,"column":8},"end":{"line":82,"column":null}},"type":"if","locations":[{"start":{"line":78,"column":8},"end":{"line":82,"column":null}},{"start":{"line":78,"column":8},"end":{"line":82,"column":null}}]},"12":{"loc":{"start":{"line":78,"column":12},"end":{"line":78,"column":48}},"type":"binary-expr","locations":[{"start":{"line":78,"column":12},"end":{"line":78,"column":48}},{"start":{"line":78,"column":48},"end":{"line":78,"column":62}}]},"13":{"loc":{"start":{"line":84,"column":8},"end":{"line":86,"column":null}},"type":"if","locations":[{"start":{"line":84,"column":8},"end":{"line":86,"column":null}},{"start":{"line":84,"column":8},"end":{"line":86,"column":null}}]},"14":{"loc":{"start":{"line":84,"column":12},"end":{"line":84,"column":37}},"type":"binary-expr","locations":[{"start":{"line":84,"column":12},"end":{"line":84,"column":37}},{"start":{"line":84,"column":37},"end":{"line":84,"column":48}}]},"15":{"loc":{"start":{"line":89,"column":60},"end":{"line":89,"column":68}},"type":"default-arg","locations":[{"start":{"line":89,"column":60},"end":{"line":89,"column":68}}]},"16":{"loc":{"start":{"line":93,"column":8},"end":{"line":95,"column":null}},"type":"if","locations":[{"start":{"line":93,"column":8},"end":{"line":95,"column":null}},{"start":{"line":93,"column":8},"end":{"line":95,"column":null}}]}},"s":{"0":1,"1":1,"2":7,"3":7,"4":7,"5":7,"6":7,"7":6,"8":6,"9":2,"10":6,"11":6,"12":2,"13":4,"14":4,"15":1,"16":3,"17":3,"18":1,"19":2,"20":4,"21":2,"22":2,"23":2,"24":1,"25":1,"26":1,"27":2,"28":1,"29":1,"30":1,"31":1,"32":1,"33":1,"34":1,"35":1,"36":7,"37":7,"38":1,"39":6,"40":6,"41":1},"f":{"0":7,"1":6,"2":4,"3":2,"4":2,"5":1,"6":7},"b":{"0":[2,4],"1":[2,4],"2":[6,2],"3":[1,3],"4":[1,2],"5":[1,1],"6":[2,1],"7":[1,1],"8":[2,1],"9":[1,1],"10":[2,1,0],"11":[1,0],"12":[1,1],"13":[1,0],"14":[1,1],"15":[7],"16":[1,6]}}
,"/Users/wesleysmits/Local Sites/lavandre/app/public/wp-content/themes/lavandre/assets/js/components/ConfirmValidation.ts": {"path":"/Users/wesleysmits/Local Sites/lavandre/app/public/wp-content/themes/lavandre/assets/js/components/ConfirmValidation.ts","statementMap":{"0":{"start":{"line":7,"column":8},"end":{"line":7,"column":13}},"1":{"start":{"line":8,"column":8},"end":{"line":8,"column":13}},"2":{"start":{"line":12,"column":8},"end":{"line":14,"column":null}},"3":{"start":{"line":13,"column":12},"end":{"line":13,"column":18}},"4":{"start":{"line":16,"column":33},"end":{"line":16,"column":34}},"5":{"start":{"line":17,"column":8},"end":{"line":29,"column":null}},"6":{"start":{"line":17,"column":25},"end":{"line":17,"column":28}},"7":{"start":{"line":18,"column":26},"end":{"line":18,"column":33}},"8":{"start":{"line":19,"column":12},"end":{"line":19,"column":17}},"9":{"start":{"line":20,"column":16},"end":{"line":27,"column":null}},"10":{"start":{"line":21,"column":44},"end":{"line":21,"column":null}},"11":{"start":{"line":22,"column":20},"end":{"line":22,"column":25}},"12":{"start":{"line":23,"column":20},"end":{"line":23,"column":25}},"13":{"start":{"line":25,"column":20},"end":{"line":25,"column":25}},"14":{"start":{"line":26,"column":20},"end":{"line":26,"column":25}},"15":{"start":{"line":1,"column":0},"end":{"line":1,"column":21}}},"fnMap":{"0":{"name":"(anonymous_0)","decl":{"start":{"line":6,"column":4},"end":{"line":6,"column":16}},"loc":{"start":{"line":6,"column":71},"end":{"line":9,"column":null}}},"1":{"name":"(anonymous_1)","decl":{"start":{"line":11,"column":4},"end":{"line":11,"column":14}},"loc":{"start":{"line":11,"column":14},"end":{"line":30,"column":null}}},"2":{"name":"(anonymous_2)","decl":{"start":{"line":19,"column":54},"end":{"line":19,"column":59}},"loc":{"start":{"line":19,"column":59},"end":{"line":28,"column":null}}}},"branchMap":{"0":{"loc":{"start":{"line":12,"column":8},"end":{"line":14,"column":null}},"type":"if","locations":[{"start":{"line":12,"column":8},"end":{"line":14,"column":null}},{"start":{"line":12,"column":8},"end":{"line":14,"column":null}}]},"1":{"loc":{"start":{"line":12,"column":12},"end":{"line":12,"column":27}},"type":"binary-expr","locations":[{"start":{"line":12,"column":12},"end":{"line":12,"column":27}},{"start":{"line":12,"column":27},"end":{"line":12,"column":47}}]},"2":{"loc":{"start":{"line":20,"column":16},"end":{"line":27,"column":null}},"type":"if","locations":[{"start":{"line":20,"column":16},"end":{"line":27,"column":null}},{"start":{"line":20,"column":16},"end":{"line":27,"column":null}}]}},"s":{"0":0,"1":0,"2":0,"3":0,"4":0,"5":0,"6":0,"7":0,"8":0,"9":0,"10":0,"11":0,"12":0,"13":0,"14":0,"15":1},"f":{"0":0,"1":0,"2":0},"b":{"0":[0,0],"1":[0,0],"2":[0,0]}}
,"/Users/wesleysmits/Local Sites/lavandre/app/public/wp-content/themes/lavandre/assets/js/components/Curtain.ts": {"path":"/Users/wesleysmits/Local Sites/lavandre/app/public/wp-content/themes/lavandre/assets/js/components/Curtain.ts","statementMap":{"0":{"start":{"line":1,"column":0},"end":{"line":1,"column":null}},"1":{"start":{"line":2,"column":0},"end":{"line":2,"column":null}},"2":{"start":{"line":22,"column":8},"end":{"line":22,"column":null}},"3":{"start":{"line":13,"column":4},"end":{"line":13,"column":26}},"4":{"start":{"line":14,"column":8},"end":{"line":14,"column":12}},"5":{"start":{"line":23,"column":8},"end":{"line":23,"column":13}},"6":{"start":{"line":24,"column":8},"end":{"line":24,"column":13}},"7":{"start":{"line":25,"column":8},"end":{"line":25,"column":13}},"8":{"start":{"line":26,"column":8},"end":{"line":26,"column":13}},"9":{"start":{"line":34,"column":8},"end":{"line":36,"column":null}},"10":{"start":{"line":35,"column":12},"end":{"line":35,"column":null}},"11":{"start":{"line":38,"column":8},"end":{"line":38,"column":13}},"12":{"start":{"line":42,"column":8},"end":{"line":42,"column":13}},"13":{"start":{"line":43,"column":12},"end":{"line":45,"column":null}},"14":{"start":{"line":44,"column":16},"end":{"line":44,"column":null}},"15":{"start":{"line":47,"column":12},"end":{"line":47,"column":13}},"16":{"start":{"line":49,"column":12},"end":{"line":65,"column":null}},"17":{"start":{"line":50,"column":16},"end":{"line":50,"column":21}},"18":{"start":{"line":51,"column":16},"end":{"line":51,"column":21}},"19":{"start":{"line":52,"column":16},"end":{"line":52,"column":21}},"20":{"start":{"line":54,"column":16},"end":{"line":54,"column":26}},"21":{"start":{"line":55,"column":20},"end":{"line":55,"column":25}},"22":{"start":{"line":58,"column":16},"end":{"line":58,"column":21}},"23":{"start":{"line":59,"column":16},"end":{"line":59,"column":21}},"24":{"start":{"line":60,"column":16},"end":{"line":60,"column":21}},"25":{"start":{"line":62,"column":16},"end":{"line":62,"column":26}},"26":{"start":{"line":63,"column":20},"end":{"line":63,"column":25}},"27":{"start":{"line":67,"column":12},"end":{"line":69,"column":null}},"28":{"start":{"line":68,"column":16},"end":{"line":68,"column":null}},"29":{"start":{"line":71,"column":12},"end":{"line":74,"column":null}},"30":{"start":{"line":72,"column":16},"end":{"line":72,"column":21}},"31":{"start":{"line":73,"column":16},"end":{"line":73,"column":null}},"32":{"start":{"line":76,"column":12},"end":{"line":76,"column":17}},"33":{"start":{"line":79,"column":8},"end":{"line":79,"column":13}},"34":{"start":{"line":80,"column":8},"end":{"line":80,"column":13}},"35":{"start":{"line":84,"column":8},"end":{"line":86,"column":null}},"36":{"start":{"line":85,"column":12},"end":{"line":85,"column":19}},"37":{"start":{"line":88,"column":8},"end":{"line":88,"column":15}},"38":{"start":{"line":101,"column":45},"end":{"line":101,"column":50}},"39":{"start":{"line":105,"column":8},"end":{"line":119,"column":null}},"40":{"start":{"line":105,"column":25},"end":{"line":105,"column":28}},"41":{"start":{"line":106,"column":27},"end":{"line":106,"column":35}},"42":{"start":{"line":107,"column":41},"end":{"line":107,"column":49}},"43":{"start":{"line":110,"column":12},"end":{"line":112,"column":null}},"44":{"start":{"line":111,"column":16},"end":{"line":111,"column":null}},"45":{"start":{"line":114,"column":42},"end":{"line":114,"column":null}},"46":{"start":{"line":117,"column":28},"end":{"line":117,"column":32}},"47":{"start":{"line":118,"column":12},"end":{"line":118,"column":19}},"48":{"start":{"line":4,"column":0},"end":{"line":4,"column":21}},"49":{"start":{"line":92,"column":8},"end":{"line":95,"column":null}},"50":{"start":{"line":93,"column":12},"end":{"line":93,"column":17}},"51":{"start":{"line":94,"column":12},"end":{"line":94,"column":null}},"52":{"start":{"line":97,"column":8},"end":{"line":97,"column":13}}},"fnMap":{"0":{"name":"(anonymous_1)","decl":{"start":{"line":17,"column":4},"end":{"line":17,"column":null}},"loc":{"start":{"line":20,"column":37},"end":{"line":31,"column":null}}},"1":{"name":"(anonymous_2)","decl":{"start":{"line":13,"column":26},"end":{"line":13,"column":37}},"loc":{"start":{"line":13,"column":37},"end":{"line":15,"column":null}}},"2":{"name":"(anonymous_3)","decl":{"start":{"line":33,"column":11},"end":{"line":33,"column":21}},"loc":{"start":{"line":33,"column":21},"end":{"line":39,"column":null}}},"3":{"name":"(anonymous_4)","decl":{"start":{"line":41,"column":12},"end":{"line":41,"column":29}},"loc":{"start":{"line":41,"column":29},"end":{"line":81,"column":null}}},"4":{"name":"(anonymous_5)","decl":{"start":{"line":42,"column":51},"end":{"line":42,"column":56}},"loc":{"start":{"line":42,"column":56},"end":{"line":77,"column":null}}},"5":{"name":"(anonymous_6)","decl":{"start":{"line":54,"column":27},"end":{"line":54,"column":32}},"loc":{"start":{"line":54,"column":32},"end":{"line":56,"column":19}}},"6":{"name":"(anonymous_7)","decl":{"start":{"line":62,"column":27},"end":{"line":62,"column":32}},"loc":{"start":{"line":62,"column":32},"end":{"line":64,"column":19}}},"7":{"name":"(anonymous_8)","decl":{"start":{"line":83,"column":12},"end":{"line":83,"column":19}},"loc":{"start":{"line":83,"column":19},"end":{"line":89,"column":null}}},"8":{"name":"(anonymous_9)","decl":{"start":{"line":100,"column":24},"end":{"line":100,"column":25}},"loc":{"start":{"line":100,"column":68},"end":{"line":120,"column":null}}}},"branchMap":{"0":{"loc":{"start":{"line":20,"column":32},"end":{"line":20,"column":37}},"type":"default-arg","locations":[{"start":{"line":20,"column":32},"end":{"line":20,"column":37}}]},"1":{"loc":{"start":{"line":29,"column":18},"end":{"line":29,"column":null}},"type":"cond-expr","locations":[{"start":{"line":29,"column":18},"end":{"line":29,"column":null}},{"start":{"line":30,"column":18},"end":{"line":30,"column":null}}]},"2":{"loc":{"start":{"line":27,"column":12},"end":{"line":27,"column":null}},"type":"binary-expr","locations":[{"start":{"line":27,"column":12},"end":{"line":27,"column":null}},{"start":{"line":28,"column":12},"end":{"line":28,"column":null}}]},"3":{"loc":{"start":{"line":34,"column":8},"end":{"line":36,"column":null}},"type":"if","locations":[{"start":{"line":34,"column":8},"end":{"line":36,"column":null}},{"start":{"line":34,"column":8},"end":{"line":36,"column":null}}]},"4":{"loc":{"start":{"line":43,"column":12},"end":{"line":45,"column":null}},"type":"if","locations":[{"start":{"line":43,"column":12},"end":{"line":45,"column":null}},{"start":{"line":43,"column":12},"end":{"line":45,"column":null}}]},"5":{"loc":{"start":{"line":43,"column":16},"end":{"line":43,"column":37}},"type":"binary-expr","locations":[{"start":{"line":43,"column":16},"end":{"line":43,"column":37}},{"start":{"line":43,"column":37},"end":{"line":43,"column":64}}]},"6":{"loc":{"start":{"line":49,"column":12},"end":{"line":65,"column":null}},"type":"if","locations":[{"start":{"line":49,"column":12},"end":{"line":65,"column":null}},{"start":{"line":49,"column":12},"end":{"line":65,"column":null}}]},"7":{"loc":{"start":{"line":67,"column":12},"end":{"line":69,"column":null}},"type":"if","locations":[{"start":{"line":67,"column":12},"end":{"line":69,"column":null}},{"start":{"line":67,"column":12},"end":{"line":69,"column":null}}]},"8":{"loc":{"start":{"line":67,"column":16},"end":{"line":67,"column":53}},"type":"binary-expr","locations":[{"start":{"line":67,"column":16},"end":{"line":67,"column":53}},{"start":{"line":67,"column":53},"end":{"line":67,"column":88}}]},"9":{"loc":{"start":{"line":71,"column":12},"end":{"line":74,"column":null}},"type":"if","locations":[{"start":{"line":71,"column":12},"end":{"line":74,"column":null}},{"start":{"line":71,"column":12},"end":{"line":74,"column":null}}]},"10":{"loc":{"start":{"line":84,"column":8},"end":{"line":86,"column":null}},"type":"if","locations":[{"start":{"line":84,"column":8},"end":{"line":86,"column":null}},{"start":{"line":84,"column":8},"end":{"line":86,"column":null}}]},"11":{"loc":{"start":{"line":84,"column":12},"end":{"line":84,"column":29}},"type":"binary-expr","locations":[{"start":{"line":84,"column":12},"end":{"line":84,"column":29}},{"start":{"line":84,"column":29},"end":{"line":84,"column":47}}]},"12":{"loc":{"start":{"line":100,"column":60},"end":{"line":100,"column":68}},"type":"default-arg","locations":[{"start":{"line":100,"column":60},"end":{"line":100,"column":68}}]},"13":{"loc":{"start":{"line":110,"column":12},"end":{"line":112,"column":null}},"type":"if","locations":[{"start":{"line":110,"column":12},"end":{"line":112,"column":null}},{"start":{"line":110,"column":12},"end":{"line":112,"column":null}}]},"14":{"loc":{"start":{"line":115,"column":16},"end":{"line":115,"column":48}},"type":"binary-expr","locations":[{"start":{"line":115,"column":16},"end":{"line":115,"column":48}},{"start":{"line":115,"column":48},"end":{"line":115,"column":null}}]},"15":{"loc":{"start":{"line":92,"column":8},"end":{"line":95,"column":null}},"type":"if","locations":[{"start":{"line":92,"column":8},"end":{"line":95,"column":null}},{"start":{"line":92,"column":8},"end":{"line":95,"column":null}}]}},"s":{"0":2,"1":2,"2":11,"3":11,"4":0,"5":11,"6":11,"7":11,"8":11,"9":10,"10":1,"11":9,"12":9,"13":9,"14":1,"15":8,"16":8,"17":6,"18":6,"19":6,"20":6,"21":2,"22":2,"23":2,"24":2,"25":2,"26":1,"27":8,"28":5,"29":3,"30":1,"31":1,"32":2,"33":9,"34":9,"35":10,"36":1,"37":9,"38":8,"39":8,"40":8,"41":2,"42":2,"43":2,"44":1,"45":1,"46":1,"47":1,"48":2,"49":0,"50":0,"51":0,"52":0},"f":{"0":11,"1":0,"2":10,"3":9,"4":9,"5":2,"6":1,"7":10,"8":8},"b":{"0":[8],"1":[0,11],"2":[11,0],"3":[1,9],"4":[1,8],"5":[9,2],"6":[6,2],"7":[5,3],"8":[8,4],"9":[1,2],"10":[1,9],"11":[10,9],"12":[2],"13":[1,1],"14":[1,0],"15":[0,0]}}
,"/Users/wesleysmits/Local Sites/lavandre/app/public/wp-content/themes/lavandre/assets/js/components/FieldValidation.ts": {"path":"/Users/wesleysmits/Local Sites/lavandre/app/public/wp-content/themes/lavandre/assets/js/components/FieldValidation.ts","statementMap":{"0":{"start":{"line":5,"column":8},"end":{"line":5,"column":13}},"1":{"start":{"line":9,"column":8},"end":{"line":11,"column":null}},"2":{"start":{"line":10,"column":12},"end":{"line":10,"column":null}},"3":{"start":{"line":13,"column":33},"end":{"line":13,"column":34}},"4":{"start":{"line":14,"column":8},"end":{"line":19,"column":null}},"5":{"start":{"line":14,"column":25},"end":{"line":14,"column":28}},"6":{"start":{"line":15,"column":26},"end":{"line":15,"column":33}},"7":{"start":{"line":16,"column":12},"end":{"line":16,"column":17}},"8":{"start":{"line":17,"column":16},"end":{"line":17,"column":21}},"9":{"start":{"line":21,"column":8},"end":{"line":21,"column":13}},"10":{"start":{"line":22,"column":12},"end":{"line":22,"column":13}},"11":{"start":{"line":27,"column":8},"end":{"line":27,"column":23}},"12":{"start":{"line":29,"column":8},"end":{"line":32,"column":null}},"13":{"start":{"line":30,"column":12},"end":{"line":30,"column":17}},"14":{"start":{"line":31,"column":12},"end":{"line":31,"column":null}},"15":{"start":{"line":34,"column":42},"end":{"line":34,"column":47}},"16":{"start":{"line":35,"column":8},"end":{"line":35,"column":23}},"17":{"start":{"line":36,"column":8},"end":{"line":36,"column":13}},"18":{"start":{"line":40,"column":49},"end":{"line":40,"column":null}},"19":{"start":{"line":42,"column":8},"end":{"line":44,"column":null}},"20":{"start":{"line":43,"column":12},"end":{"line":43,"column":19}},"21":{"start":{"line":46,"column":8},"end":{"line":48,"column":null}},"22":{"start":{"line":47,"column":12},"end":{"line":47,"column":19}},"23":{"start":{"line":50,"column":8},"end":{"line":52,"column":null}},"24":{"start":{"line":51,"column":12},"end":{"line":51,"column":19}},"25":{"start":{"line":54,"column":8},"end":{"line":56,"column":null}},"26":{"start":{"line":55,"column":12},"end":{"line":55,"column":19}},"27":{"start":{"line":58,"column":8},"end":{"line":58,"column":15}},"28":{"start":{"line":62,"column":38},"end":{"line":62,"column":46}},"29":{"start":{"line":63,"column":8},"end":{"line":63,"column":12}},"30":{"start":{"line":64,"column":8},"end":{"line":64,"column":12}},"31":{"start":{"line":66,"column":8},"end":{"line":66,"column":13}},"32":{"start":{"line":70,"column":38},"end":{"line":70,"column":46}},"33":{"start":{"line":71,"column":8},"end":{"line":71,"column":12}},"34":{"start":{"line":72,"column":8},"end":{"line":72,"column":12}},"35":{"start":{"line":74,"column":8},"end":{"line":74,"column":13}},"36":{"start":{"line":79,"column":12},"end":{"line":79,"column":null}},"37":{"start":{"line":80,"column":8},"end":{"line":82,"column":null}},"38":{"start":{"line":81,"column":12},"end":{"line":81,"column":null}},"39":{"start":{"line":84,"column":8},"end":{"line":84,"column":15}},"40":{"start":{"line":88,"column":45},"end":{"line":88,"column":50}},"41":{"start":{"line":92,"column":8},"end":{"line":92,"column":17}},"42":{"start":{"line":93,"column":47},"end":{"line":93,"column":52}},"43":{"start":{"line":96,"column":12},"end":{"line":100,"column":null}},"44":{"start":{"line":96,"column":29},"end":{"line":96,"column":32}},"45":{"start":{"line":97,"column":30},"end":{"line":97,"column":37}},"46":{"start":{"line":98,"column":57},"end":{"line":98,"column":61}},"47":{"start":{"line":99,"column":16},"end":{"line":99,"column":31}},"48":{"start":{"line":102,"column":52},"end":{"line":102,"column":56}},"49":{"start":{"line":105,"column":12},"end":{"line":105,"column":24}},"50":{"start":{"line":106,"column":16},"end":{"line":106,"column":21}},"51":{"start":{"line":108,"column":37},"end":{"line":108,"column":null}},"52":{"start":{"line":110,"column":16},"end":{"line":115,"column":null}},"53":{"start":{"line":110,"column":33},"end":{"line":110,"column":36}},"54":{"start":{"line":111,"column":34},"end":{"line":111,"column":41}},"55":{"start":{"line":112,"column":20},"end":{"line":112,"column":25}},"56":{"start":{"line":114,"column":20},"end":{"line":114,"column":25}},"57":{"start":{"line":117,"column":16},"end":{"line":119,"column":null}},"58":{"start":{"line":118,"column":20},"end":{"line":118,"column":null}},"59":{"start":{"line":121,"column":16},"end":{"line":121,"column":20}},"60":{"start":{"line":1,"column":0},"end":{"line":1,"column":21}}},"fnMap":{"0":{"name":"(anonymous_0)","decl":{"start":{"line":4,"column":4},"end":{"line":4,"column":16}},"loc":{"start":{"line":4,"column":39},"end":{"line":6,"column":null}}},"1":{"name":"(anonymous_1)","decl":{"start":{"line":8,"column":11},"end":{"line":8,"column":21}},"loc":{"start":{"line":8,"column":21},"end":{"line":24,"column":null}}},"2":{"name":"(anonymous_2)","decl":{"start":{"line":16,"column":48},"end":{"line":16,"column":60}},"loc":{"start":{"line":16,"column":60},"end":{"line":18,"column":null}}},"3":{"name":"(anonymous_3)","decl":{"start":{"line":21,"column":48},"end":{"line":21,"column":53}},"loc":{"start":{"line":21,"column":53},"end":{"line":23,"column":null}}},"4":{"name":"(anonymous_4)","decl":{"start":{"line":26,"column":12},"end":{"line":26,"column":20}},"loc":{"start":{"line":26,"column":58},"end":{"line":37,"column":null}}},"5":{"name":"(anonymous_5)","decl":{"start":{"line":39,"column":12},"end":{"line":39,"column":32}},"loc":{"start":{"line":39,"column":81},"end":{"line":59,"column":null}}},"6":{"name":"(anonymous_6)","decl":{"start":{"line":61,"column":26},"end":{"line":61,"column":27}},"loc":{"start":{"line":61,"column":77},"end":{"line":67,"column":null}}},"7":{"name":"(anonymous_7)","decl":{"start":{"line":69,"column":28},"end":{"line":69,"column":29}},"loc":{"start":{"line":69,"column":79},"end":{"line":75,"column":null}}},"8":{"name":"(anonymous_8)","decl":{"start":{"line":77,"column":26},"end":{"line":77,"column":27}},"loc":{"start":{"line":77,"column":50},"end":{"line":85,"column":null}}},"9":{"name":"(anonymous_9)","decl":{"start":{"line":87,"column":24},"end":{"line":87,"column":25}},"loc":{"start":{"line":87,"column":68},"end":{"line":124,"column":null}}},"10":{"name":"(anonymous_10)","decl":{"start":{"line":92,"column":27},"end":{"line":92,"column":52}},"loc":{"start":{"line":92,"column":52},"end":{"line":123,"column":null}}},"11":{"name":"(anonymous_11)","decl":{"start":{"line":105,"column":53},"end":{"line":105,"column":69}},"loc":{"start":{"line":105,"column":69},"end":{"line":122,"column":null}}}},"branchMap":{"0":{"loc":{"start":{"line":9,"column":8},"end":{"line":11,"column":null}},"type":"if","locations":[{"start":{"line":9,"column":8},"end":{"line":11,"column":null}},{"start":{"line":9,"column":8},"end":{"line":11,"column":null}}]},"1":{"loc":{"start":{"line":29,"column":8},"end":{"line":32,"column":null}},"type":"if","locations":[{"start":{"line":29,"column":8},"end":{"line":32,"column":null}},{"start":{"line":29,"column":8},"end":{"line":32,"column":null}}]},"2":{"loc":{"start":{"line":42,"column":8},"end":{"line":44,"column":null}},"type":"if","locations":[{"start":{"line":42,"column":8},"end":{"line":44,"column":null}},{"start":{"line":42,"column":8},"end":{"line":44,"column":null}}]},"3":{"loc":{"start":{"line":43,"column":19},"end":{"line":43,"column":49}},"type":"binary-expr","locations":[{"start":{"line":43,"column":19},"end":{"line":43,"column":49}},{"start":{"line":43,"column":49},"end":{"line":43,"column":64}},{"start":{"line":43,"column":64},"end":{"line":43,"column":null}}]},"4":{"loc":{"start":{"line":46,"column":8},"end":{"line":48,"column":null}},"type":"if","locations":[{"start":{"line":46,"column":8},"end":{"line":48,"column":null}},{"start":{"line":46,"column":8},"end":{"line":48,"column":null}}]},"5":{"loc":{"start":{"line":47,"column":19},"end":{"line":47,"column":50}},"type":"binary-expr","locations":[{"start":{"line":47,"column":19},"end":{"line":47,"column":50}},{"start":{"line":47,"column":50},"end":{"line":47,"column":65}},{"start":{"line":47,"column":65},"end":{"line":47,"column":null}}]},"6":{"loc":{"start":{"line":50,"column":8},"end":{"line":52,"column":null}},"type":"if","locations":[{"start":{"line":50,"column":8},"end":{"line":52,"column":null}},{"start":{"line":50,"column":8},"end":{"line":52,"column":null}}]},"7":{"loc":{"start":{"line":51,"column":19},"end":{"line":51,"column":34}},"type":"binary-expr","locations":[{"start":{"line":51,"column":19},"end":{"line":51,"column":34}},{"start":{"line":51,"column":34},"end":{"line":51,"column":null}}]},"8":{"loc":{"start":{"line":54,"column":8},"end":{"line":56,"column":null}},"type":"if","locations":[{"start":{"line":54,"column":8},"end":{"line":56,"column":null}},{"start":{"line":54,"column":8},"end":{"line":56,"column":null}}]},"9":{"loc":{"start":{"line":55,"column":19},"end":{"line":55,"column":34}},"type":"binary-expr","locations":[{"start":{"line":55,"column":19},"end":{"line":55,"column":34}},{"start":{"line":55,"column":34},"end":{"line":55,"column":null}}]},"10":{"loc":{"start":{"line":66,"column":27},"end":{"line":66,"column":29}},"type":"cond-expr","locations":[{"start":{"line":66,"column":27},"end":{"line":66,"column":29}},{"start":{"line":66,"column":27},"end":{"line":66,"column":29}}]},"11":{"loc":{"start":{"line":66,"column":8},"end":{"line":66,"column":29}},"type":"binary-expr","locations":[{"start":{"line":66,"column":8},"end":{"line":66,"column":29}},{"start":{"line":66,"column":27},"end":{"line":66,"column":29}}]},"12":{"loc":{"start":{"line":74,"column":27},"end":{"line":74,"column":29}},"type":"cond-expr","locations":[{"start":{"line":74,"column":27},"end":{"line":74,"column":29}},{"start":{"line":74,"column":27},"end":{"line":74,"column":29}}]},"13":{"loc":{"start":{"line":74,"column":8},"end":{"line":74,"column":29}},"type":"binary-expr","locations":[{"start":{"line":74,"column":8},"end":{"line":74,"column":29}},{"start":{"line":74,"column":27},"end":{"line":74,"column":29}}]},"1
[...]
ctionObserver","decl":{"start":{"line":11,"column":28},"end":{"line":11,"column":41}},"loc":{"start":{"line":11,"column":64},"end":{"line":35,"column":null}}},"3":{"name":"(anonymous_4)","decl":{"start":{"line":18,"column":52},"end":{"line":18,"column":53}},"loc":{"start":{"line":18,"column":83},"end":{"line":27,"column":11}}},"4":{"name":"(anonymous_5)","decl":{"start":{"line":19,"column":29},"end":{"line":19,"column":38}},"loc":{"start":{"line":19,"column":38},"end":{"line":26,"column":null}}},"5":{"name":"_LazyLoader_lazyload","decl":{"start":{"line":35,"column":5},"end":{"line":35,"column":null}},"loc":{"start":{"line":35,"column":5},"end":{"line":59,"column":null}}},"6":{"name":"_LazyLoader_manageCssClasses","decl":{"start":{"line":59,"column":5},"end":{"line":59,"column":null}},"loc":{"start":{"line":59,"column":5},"end":{"line":64,"column":null}}}},"branchMap":{"0":{"loc":{"start":{"line":3,"column":8},"end":{"line":6,"column":null}},"type":"if","locations":[{"start":{"line":3,"column":8},"end":{"line":6,"column":null}},{"start":{"line":3,"column":8},"end":{"line":6,"column":null}}]},"1":{"loc":{"start":{"line":11,"column":44},"end":{"line":11,"column":64}},"type":"default-arg","locations":[{"start":{"line":11,"column":44},"end":{"line":11,"column":64}}]},"2":{"loc":{"start":{"line":20,"column":16},"end":{"line":25,"column":null}},"type":"if","locations":[{"start":{"line":20,"column":16},"end":{"line":25,"column":null}},{"start":{"line":20,"column":16},"end":{"line":25,"column":null}}]},"3":{"loc":{"start":{"line":29,"column":8},"end":{"line":32,"column":null}},"type":"if","locations":[{"start":{"line":29,"column":8},"end":{"line":32,"column":null}},{"start":{"line":29,"column":8},"end":{"line":32,"column":null}}]},"4":{"loc":{"start":{"line":41,"column":8},"end":{"line":43,"column":null}},"type":"if","locations":[{"start":{"line":41,"column":8},"end":{"line":43,"column":null}},{"start":{"line":41,"column":8},"end":{"line":43,"column":null}}]},"5":{"loc":{"start":{"line":45,"column":8},"end":{"line":48,"column":null}},"type":"if","locations":[{"start":{"line":45,"column":8},"end":{"line":48,"column":null}},{"start":{"line":45,"column":8},"end":{"line":48,"column":null}}]},"6":{"loc":{"start":{"line":46,"column":25},"end":{"line":46,"column":47}},"type":"binary-expr","locations":[{"start":{"line":46,"column":25},"end":{"line":46,"column":47}},{"start":{"line":46,"column":47},"end":{"line":46,"column":null}}]},"7":{"loc":{"start":{"line":50,"column":8},"end":{"line":53,"column":null}},"type":"if","locations":[{"start":{"line":50,"column":8},"end":{"line":53,"column":null}},{"start":{"line":50,"column":8},"end":{"line":53,"column":null}}]},"8":{"loc":{"start":{"line":51,"column":26},"end":{"line":51,"column":49}},"type":"binary-expr","locations":[{"start":{"line":51,"column":26},"end":{"line":51,"column":49}},{"start":{"line":51,"column":49},"end":{"line":51,"column":null}}]},"9":{"loc":{"start":{"line":55,"column":8},"end":{"line":58,"column":null}},"type":"if","locations":[{"start":{"line":55,"column":8},"end":{"line":58,"column":null}},{"start":{"line":55,"column":8},"end":{"line":58,"column":null}}]}},"s":{"0":0,"1":0,"2":0,"3":0,"4":1,"5":0,"6":0,"7":0,"8":0,"9":0,"10":0,"11":0,"12":0,"13":0,"14":0,"15":0,"16":0,"17":0,"18":0,"19":0,"20":0,"21":0,"22":0,"23":0,"24":0,"25":0,"26":0,"27":0,"28":0,"29":0,"30":0,"31":1},"f":{"0":0,"1":0,"2":0,"3":0,"4":0,"5":0,"6":0},"b":{"0":[0,0],"1":[0],"2":[0,0],"3":[0,0],"4":[0,0],"5":[0,0],"6":[0,0],"7":[0,0],"8":[0,0],"9":[0,0]}}
,"/Users/wesleysmits/Local Sites/lavandre/app/public/wp-content/themes/lavandre/assets/js/web-components/NewsletterSubscribe.ts": {"path":"/Users/wesleysmits/Local Sites/lavandre/app/public/wp-content/themes/lavandre/assets/js/web-components/NewsletterSubscribe.ts","statementMap":{"0":{"start":{"line":1,"column":0},"end":{"line":1,"column":null}},"1":{"start":{"line":2,"column":0},"end":{"line":2,"column":null}},"2":{"start":{"line":3,"column":0},"end":{"line":3,"column":null}},"3":{"start":{"line":4,"column":0},"end":{"line":4,"column":null}},"4":{"start":{"line":5,"column":0},"end":{"line":5,"column":null}},"5":{"start":{"line":8,"column":4},"end":{"line":8,"column":35}},"6":{"start":{"line":10,"column":4},"end":{"line":10,"column":43}},"7":{"start":{"line":13,"column":8},"end":{"line":13,"column":14}},"8":{"start":{"line":15,"column":43},"end":{"line":15,"column":47}},"9":{"start":{"line":16,"column":8},"end":{"line":16,"column":17}},"10":{"start":{"line":20,"column":8},"end":{"line":20,"column":13}},"11":{"start":{"line":22,"column":35},"end":{"line":22,"column":39}},"12":{"start":{"line":23,"column":34},"end":{"line":23,"column":null}},"13":{"start":{"line":24,"column":36},"end":{"line":24,"column":null}},"14":{"start":{"line":25,"column":30},"end":{"line":25,"column":null}},"15":{"start":{"line":27,"column":8},"end":{"line":29,"column":null}},"16":{"start":{"line":28,"column":12},"end":{"line":28,"column":null}},"17":{"start":{"line":31,"column":21},"end":{"line":31,"column":null}},"18":{"start":{"line":38,"column":8},"end":{"line":38,"column":24}},"19":{"start":{"line":39,"column":8},"end":{"line":39,"column":null}},"20":{"start":{"line":7,"column":0},"end":{"line":7,"column":21}},"21":{"start":{"line":49,"column":8},"end":{"line":49,"column":24}},"22":{"start":{"line":50,"column":8},"end":{"line":50,"column":12}},"23":{"start":{"line":52,"column":43},"end":{"line":52,"column":null}},"24":{"start":{"line":59,"column":8},"end":{"line":59,"column":12}},"25":{"start":{"line":63,"column":8},"end":{"line":63,"column":24}},"26":{"start":{"line":64,"column":8},"end":{"line":64,"column":14}},"27":{"start":{"line":68,"column":0},"end":{"line":68,"column":6}}},"fnMap":{"0":{"name":"(anonymous_1)","decl":{"start":{"line":7,"column":0},"end":{"line":7,"column":21}},"loc":{"start":{"line":7,"column":0},"end":{"line":66,"column":null}}},"1":{"name":"(anonymous_2)","decl":{"start":{"line":12,"column":14},"end":{"line":12,"column":31}},"loc":{"start":{"line":12,"column":31},"end":{"line":17,"column":null}}},"2":{"name":"(anonymous_3)","decl":{"start":{"line":19,"column":14},"end":{"line":19,"column":27}},"loc":{"start":{"line":19,"column":40},"end":{"line":46,"column":null}}},"3":{"name":"_NewsletterSubscribe_onSuccess","decl":{"start":{"line":48,"column":15},"end":{"line":48,"column":37}},"loc":{"start":{"line":48,"column":37},"end":{"line":60,"column":null}}},"4":{"name":"_NewsletterSubscribe_onFailure","decl":{"start":{"line":60,"column":5},"end":{"line":60,"column":null}},"loc":{"start":{"line":62,"column":27},"end":{"line":65,"column":null}}}},"branchMap":{"0":{"loc":{"start":{"line":23,"column":34},"end":{"line":23,"column":62}},"type":"binary-expr","locations":[{"start":{"line":23,"column":34},"end":{"line":23,"column":62}},{"start":{"line":23,"column":76},"end":{"line":23,"column":null}}]},"1":{"loc":{"start":{"line":23,"column":60},"end":{"line":23,"column":62}},"type":"cond-expr","locations":[{"start":{"line":23,"column":60},"end":{"line":23,"column":62}},{"start":{"line":23,"column":60},"end":{"line":23,"column":62}}]},"2":{"loc":{"start":{"line":23,"column":34},"end":{"line":23,"column":62}},"type":"binary-expr","locations":[{"start":{"line":23,"column":34},"end":{"line":23,"column":62}},{"start":{"line":23,"column":60},"end":{"line":23,"column":62}}]},"3":{"loc":{"start":{"line":24,"column":36},"end":{"line":24,"column":66}},"type":"binary-expr","locations":[{"start":{"line":24,"column":36},"end":{"line":24,"column":66}},{"start":{"line":24,"column":80},"end":{"line":24,"column":null}}]},"4":{"loc":{"start":{"line":24,"column":64},"end":{"line":24,"column":66}},"type":"cond-expr","locations":[{"start":{"line":24,"column":64},"end":{"line":24,"column":66}},{"start":{"line":24,"column":64},"end":{"line":24,"column":66}}]},"5":{"loc":{"start":{"line":24,"column":36},"end":{"line":24,"column":66}},"type":"binary-expr","locations":[{"start":{"line":24,"column":36},"end":{"line":24,"column":66}},{"start":{"line":24,"column":64},"end":{"line":24,"column":66}}]},"6":{"loc":{"start":{"line":25,"column":30},"end":{"line":25,"column":53}},"type":"binary-expr","locations":[{"start":{"line":25,"column":30},"end":{"line":25,"column":53}},{"start":{"line":25,"column":67},"end":{"line":25,"column":null}}]},"7":{"loc":{"start":{"line":25,"column":51},"end":{"line":25,"column":53}},"type":"cond-expr","locations":[{"start":{"line":25,"column":51},"end":{"line":25,"column":53}},{"start":{"line":25,"column":51},"end":{"line":25,"column":53}}]},"8":{"loc":{"start":{"line":25,"column":30},"end":{"line":25,"column":53}},"type":"binary-expr","locations":[{"start":{"line":25,"column":30},"end":{"line":25,"column":53}},{"start":{"line":25,"column":51},"end":{"line":25,"column":53}}]},"9":{"loc":{"start":{"line":27,"column":8},"end":{"line":29,"column":null}},"type":"if","locations":[{"start":{"line":27,"column":8},"end":{"line":29,"column":null}},{"start":{"line":27,"column":8},"end":{"line":29,"column":null}}]},"10":{"loc":{"start":{"line":56,"column":24},"end":{"line":56,"column":35}},"type":"binary-expr","locations":[{"start":{"line":56,"column":24},"end":{"line":56,"column":35}},{"start":{"line":56,"column":35},"end":{"line":56,"column":null}}]}},"s":{"0":1,"1":1,"2":1,"3":1,"4":1,"5":0,"6":0,"7":0,"8":0,"9":0,"10":0,"11":0,"12":0,"13":0,"14":0,"15":0,"16":0,"17":0,"18":0,"19":0,"20":1,"21":0,"22":0,"23":0,"24":0,"25":0,"26":0,"27":1},"f":{"0":0,"1":0,"2":0,"3":0,"4":0},"b":{"0":[0,0],"1":[0,0],"2":[0,0],"3":[0,0],"4":[0,0],"5":[0,0],"6":[0,0],"7":[0,0],"8":[0,0],"9":[0,0],"10":[0,0]}}
,"/Users/wesleysmits/Local Sites/lavandre/app/public/wp-content/themes/lavandre/assets/js/web-components/PasswordReveal.ts": {"path":"/Users/wesleysmits/Local Sites/lavandre/app/public/wp-content/themes/lavandre/assets/js/web-components/PasswordReveal.ts","statementMap":{"0":{"start":{"line":2,"column":4},"end":{"line":2,"column":21}},"1":{"start":{"line":4,"column":4},"end":{"line":4,"column":40}},"2":{"start":{"line":7,"column":8},"end":{"line":7,"column":12}},"3":{"start":{"line":8,"column":8},"end":{"line":8,"column":13}},"4":{"start":{"line":10,"column":8},"end":{"line":10,"column":12}},"5":{"start":{"line":14,"column":8},"end":{"line":14,"column":12}},"6":{"start":{"line":1,"column":0},"end":{"line":1,"column":21}},"7":{"start":{"line":18,"column":8},"end":{"line":18,"column":12}},"8":{"start":{"line":20,"column":8},"end":{"line":23,"column":null}},"9":{"start":{"line":21,"column":12},"end":{"line":21,"column":16}},"10":{"start":{"line":22,"column":12},"end":{"line":22,"column":null}},"11":{"start":{"line":25,"column":8},"end":{"line":25,"column":12}},"12":{"start":{"line":29,"column":42},"end":{"line":29,"column":50}},"13":{"start":{"line":30,"column":8},"end":{"line":30,"column":14}},"14":{"start":{"line":31,"column":8},"end":{"line":31,"column":14}},"15":{"start":{"line":32,"column":8},"end":{"line":32,"column":14}},"16":{"start":{"line":33,"column":8},"end":{"line":33,"column":15}},"17":{"start":{"line":37,"column":0},"end":{"line":37,"column":6}}},"fnMap":{"0":{"name":"(anonymous_2)","decl":{"start":{"line":1,"column":0},"end":{"line":1,"column":21}},"loc":{"start":{"line":1,"column":0},"end":{"line":35,"column":null}}},"1":{"name":"(anonymous_3)","decl":{"start":{"line":6,"column":14},"end":{"line":6,"column":31}},"loc":{"start":{"line":6,"column":31},"end":{"line":11,"column":null}}},"2":{"name":"(anonymous_4)","decl":{"start":{"line":13,"column":14},"end":{"line":13,"column":34}},"loc":{"start":{"line":13,"column":34},"end":{"line":15,"column":null}}},"3":{"name":"_PasswordReveal_createRevealButton","decl":{"start":{"line":26,"column":5},"end":{"line":26,"column":null}},"loc":{"start":{"line":26,"column":5},"end":{"line":34,"column":null}}}},"branchMap":{"0":{"loc":{"start":{"line":14,"column":20},"end":{"line":14,"column":22}},"type":"cond-expr","locations":[{"start":{"line":14,"column":20},"end":{"line":14,"column":22}},{"start":{"line":14,"column":20},"end":{"line":14,"column":22}}]},"1":{"loc":{"start":{"line":14,"column":8},"end":{"line":14,"column":22}},"type":"binary-expr","locations":[{"start":{"line":14,"column":8},"end":{"line":14,"column":22}},{"start":{"line":14,"column":20},"end":{"line":14,"column":22}}]},"2":{"loc":{"start":{"line":18,"column":20},"end":{"line":18,"column":22}},"type":"cond-expr","locations":[{"start":{"line":18,"column":20},"end":{"line":18,"column":22}},{"start":{"line":18,"column":20},"end":{"line":18,"column":22}}]},"3":{"loc":{"start":{"line":18,"column":8},"end":{"line":18,"column":22}},"type":"binary-expr","locations":[{"start":{"line":18,"column":8},"end":{"line":18,"column":22}},{"start":{"line":18,"column":20},"end":{"line":18,"column":22}}]},"4":{"loc":{"start":{"line":20,"column":8},"end":{"line":23,"column":null}},"type":"if","locations":[{"start":{"line":20,"column":8},"end":{"line":23,"column":null}},{"start":{"line":20,"column":8},"end":{"line":23,"column":null}}]}},"s":{"0":0,"1":0,"2":0,"3":0,"4":0,"5":0,"6":1,"7":0,"8":0,"9":0,"10":0,"11":0,"12":0,"13":0,"14":0,"15":0,"16":0,"17":1},"f":{"0":0,"1":0,"2":0,"3":0},"b":{"0":[0,0],"1":[0,0],"2":[0,0],"3":[0,0],"4":[0,0]}}
,"/Users/wesleysmits/Local Sites/lavandre/app/public/wp-content/themes/lavandre/assets/js/web-components/UspSlider.ts": {"path":"/Users/wesleysmits/Local Sites/lavandre/app/public/wp-content/themes/lavandre/assets/js/web-components/UspSlider.ts","statementMap":{"0":{"start":{"line":3,"column":8},"end":{"line":3,"column":18}},"1":{"start":{"line":4,"column":41},"end":{"line":4,"column":46}},"2":{"start":{"line":5,"column":29},"end":{"line":5,"column":null}},"3":{"start":{"line":7,"column":12},"end":{"line":7,"column":17}},"4":{"start":{"line":8,"column":16},"end":{"line":8,"column":26}},"5":{"start":{"line":11,"column":12},"end":{"line":11,"column":17}},"6":{"start":{"line":1,"column":0},"end":{"line":1,"column":21}},"7":{"start":{"line":16,"column":0},"end":{"line":16,"column":6}}},"fnMap":{"0":{"name":"(anonymous_0)","decl":{"start":{"line":2,"column":14},"end":{"line":2,"column":31}},"loc":{"start":{"line":2,"column":31},"end":{"line":13,"column":null}}},"1":{"name":"(anonymous_1)","decl":{"start":{"line":3,"column":19},"end":{"line":3,"column":24}},"loc":{"start":{"line":3,"column":24},"end":{"line":12,"column":11}}},"2":{"name":"(anonymous_2)","decl":{"start":{"line":7,"column":27},"end":{"line":7,"column":35}},"loc":{"start":{"line":7,"column":35},"end":{"line":9,"column":null}}}},"branchMap":{},"s":{"0":0,"1":0,"2":0,"3":0,"4":0,"5":0,"6":1,"7":1},"f":{"0":0,"1":0,"2":0},"b":{}}
,"/Users/wesleysmits/Local Sites/lavandre/app/public/wp-content/themes/lavandre/assets/js/web-components/VideoMediaResolver.ts": {"path":"/Users/wesleysmits/Local Sites/lavandre/app/public/wp-content/themes/lavandre/assets/js/web-components/VideoMediaResolver.ts","statementMap":{"0":{"start":{"line":1,"column":0},"end":{"line":1,"column":null}},"1":{"start":{"line":4,"column":4},"end":{"line":4,"column":36}},"2":{"start":{"line":7,"column":8},"end":{"line":7,"column":12}},"3":{"start":{"line":9,"column":35},"end":{"line":9,"column":41}},"4":{"start":{"line":10,"column":36},"end":{"line":10,"column":42}},"5":{"start":{"line":12,"column":8},"end":{"line":12,"column":null}},"6":{"start":{"line":15,"column":16},"end":{"line":15,"column":20}},"7":{"start":{"line":20,"column":8},"end":{"line":20,"column":null}},"8":{"start":{"line":23,"column":16},"end":{"line":23,"column":20}},"9":{"start":{"line":3,"column":0},"end":{"line":3,"column":21}},"10":{"start":{"line":30,"column":8},"end":{"line":30,"column":12}},"11":{"start":{"line":31,"column":32},"end":{"line":31,"column":null}},"12":{"start":{"line":32,"column":29},"end":{"line":32,"column":null}},"13":{"start":{"line":34,"column":39},"end":{"line":36,"column":null}},"14":{"start":{"line":37,"column":33},"end":{"line":37,"column":null}},"15":{"start":{"line":39,"column":12},"end":{"line":41,"column":null}},"16":{"start":{"line":40,"column":16},"end":{"line":40,"column":null}},"17":{"start":{"line":43,"column":12},"end":{"line":45,"column":null}},"18":{"start":{"line":44,"column":16},"end":{"line":44,"column":null}},"19":{"start":{"line":47,"column":12},"end":{"line":47,"column":16}},"20":{"start":{"line":52,"column":24},"end":{"line":52,"column":null}},"21":{"start":{"line":54,"column":8},"end":{"line":56,"column":null}},"22":{"start":{"line":55,"column":12},"end":{"line":55,"column":null}},"23":{"start":{"line":58,"column":8},"end":{"line":58,"column":13}},"24":{"start":{"line":62,"column":0},"end":{"line":62,"column":6}}},"fnMap":{"0":{"name":"(anonymous_1)","decl":{"start":{"line":3,"column":0},"end":{"line":3,"column":21}},"loc":{"start":{"line":3,"column":0},"end":{"line":60,"column":null}}},"1":{"name":"(anonymous_2)","decl":{"start":{"line":6,"column":14},"end":{"line":6,"column":31}},"loc":{"start":{"line":6,"column":31},"end":{"line":27,"column":null}}},"2":{"name":"(anonymous_3)","decl":{"start":{"line":14,"column":12},"end":{"line":14,"column":17}},"loc":{"start":{"line":14,"column":17},"end":{"line":16,"column":null}}},"3":{"name":"(anonymous_4)","decl":{"start":{"line":22,"column":12},"end":{"line":22,"column":17}},"loc":{"start":{"line":22,"column":17},"end":{"line":24,"column":null}}},"4":{"name":"(anonymous_6)","decl":{"start":{"line":30,"column":31},"end":{"line":30,"column":41}},"loc":{"start":{"line":30,"column":41},"end":{"line":48,"column":null}}},"5":{"name":"_VideoMediaResolver_showSource","decl":{"start":{"line":49,"column":5},"end":{"line":49,"column":null}},"loc":{"start":{"line":51,"column":41},"end":{"line":59,"column":null}}}},"branchMap":{"0":{"loc":{"start":{"line":31,"column":32},"end":{"line":31,"column":62}},"type":"binary-expr","locations":[{"start":{"line":31,"column":32},"end":{"line":31,"column":62}},{"start":{"line":31,"column":62},"end":{"line":31,"column":null}}]},"1":{"loc":{"start":{"line":32,"column":29},"end":{"line":32,"column":36}},"type":"binary-expr","locations":[{"start":{"line":32,"column":29},"end":{"line":32,"column":36}},{"start":{"line":32,"column":64},"end":{"line":32,"column":null}}]},"2":{"loc":{"start":{"line":35,"column":18},"end":{"line":35,"column":null}},"type":"cond-expr","locations":[{"start":{"line":35,"column":18},"end":{"line":35,"column":null}},{"start":{"line":36,"column":18},"end":{"line":36,"column":null}}]},"3":{"loc":{"start":{"line":39,"column":12},"end":{"line":41,"column":null}},"type":"if","locations":[{"start":{"line":39,"column":12},"end":{"line":41,"column":null}},{"start":{"line":39,"column":12},"end":{"line":41,"column":null}}]},"4":{"loc":{"start":{"line":43,"column":12},"end":{"line":45,"column":null}},"type":"if","locations":[{"start":{"line":43,"column":12},"end":{"line":45,"column":null}},{"start":{"line":43,"column":12},"end":{"line":45,"column":null}}]},"5":{"loc":{"start":{"line":43,"column":16},"end":{"line":43,"column":24}},"type":"binary-expr","locations":[{"start":{"line":43,"column":16},"end":{"line":43,"column":24}},{"start":{"line":43,"column":28},"end":{"line":43,"column":54}}]},"6":{"loc":{"start":{"line":54,"column":8},"end":{"line":56,"column":null}},"type":"if","locations":[{"start":{"line":54,"column":8},"end":{"line":56,"column":null}},{"start":{"line":54,"column":8},"end":{"line":56,"column":null}}]}},"s":{"0":1,"1":0,"2":0,"3":0,"4":0,"5":0,"6":0,"7":0,"8":0,"9":1,"10":0,"11":0,"12":0,"13":0,"14":0,"15":0,"16":0,"17":0,"18":0,"19":0,"20":0,"21":0,"22":0,"23":0,"24":1},"f":{"0":0,"1":0,"2":0,"3":0,"4":0,"5":0},"b":{"0":[0,0],"1":[0,0],"2":[0,0],"3":[0,0],"4":[0,0],"5":[0,0],"6":[0,0]}}
,"/Users/wesleysmits/Local Sites/lavandre/app/public/wp-content/themes/lavandre/mocks/styleMock.js": {"path":"/Users/wesleysmits/Local Sites/lavandre/app/public/wp-content/themes/lavandre/mocks/styleMock.js","statementMap":{"0":{"start":{"line":1,"column":0},"end":{"line":1,"column":6}}},"fnMap":{},"branchMap":{},"s":{"0":3},"f":{},"b":{}}
}
