TN:
SF:assets/js/Module.ts
FN:6,(anonymous_1)
FN:10,(anonymous_2)
FN:13,(anonymous_3)
FN:18,(anonymous_4)
FN:19,(anonymous_5)
FNF:5
FNH:5
FNDA:3,(anonymous_1)
FNDA:3,(anonymous_2)
FNDA:3,(anonymous_3)
FNDA:6,(anonymous_4)
FNDA:96,(anonymous_5)
DA:1,1
DA:3,1
DA:7,3
DA:8,3
DA:11,3
DA:13,3
DA:14,3
DA:19,6
DA:21,96
LF:9
LH:9
BRDA:18,0,0,6
BRF:1
BRH:1
end_of_record
TN:
SF:assets/js/app.ts
FN:24,(anonymous_1)
FN:47,(anonymous_2)
FN:53,appInit
FNF:3
FNH:3
FNDA:3,(anonymous_1)
FNDA:3,(anonymous_2)
FNDA:1,appInit
DA:1,1
DA:3,1
DA:4,1
DA:5,1
DA:6,1
DA:7,1
DA:8,1
DA:9,1
DA:10,1
DA:11,1
DA:12,1
DA:13,1
DA:14,1
DA:16,1
DA:17,1
DA:18,1
DA:19,1
DA:20,1
DA:21,1
DA:22,1
DA:26,3
DA:28,3
DA:48,3
DA:49,3
DA:53,1
DA:54,1
DA:55,1
LF:27
LH:27
BRF:0
BRH:0
end_of_record
TN:
SF:assets/js/cart.ts
FN:20,(anonymous_1)
FN:21,(anonymous_2)
FN:30,(anonymous_3)
FN:38,(anonymous_4)
FN:42,(anonymous_5)
FN:46,(anonymous_6)
FN:50,(anonymous_7)
FN:57,(anonymous_8)
FN:60,(anonymous_9)
FN:69,(anonymous_10)
FN:77,(anonymous_11)
FN:93,(anonymous_12)
FN:98,(anonymous_13)
FN:108,(anonymous_14)
FN:128,(anonymous_15)
FN:147,(anonymous_16)
FN:156,(anonymous_17)
FN:165,(anonymous_18)
FN:179,(anonymous_19)
FNF:19
FNH:4
FNDA:1,(anonymous_1)
FNDA:1,(anonymous_2)
FNDA:1,(anonymous_3)
FNDA:0,(anonymous_4)
FNDA:0,(anonymous_5)
FNDA:0,(anonymous_6)
FNDA:0,(anonymous_7)
FNDA:0,(anonymous_8)
FNDA:0,(anonymous_9)
FNDA:0,(anonymous_10)
FNDA:0,(anonymous_11)
FNDA:0,(anonymous_12)
FNDA:1,(anonymous_13)
FNDA:0,(anonymous_14)
FNDA:0,(anonymous_15)
FNDA:0,(anonymous_16)
FNDA:0,(anonymous_17)
FNDA:0,(anonymous_18)
FNDA:0,(anonymous_19)
DA:1,1
DA:2,1
DA:3,1
DA:4,1
DA:5,1
DA:8,1
DA:10,1
DA:12,1
DA:14,1
DA:16,1
DA:18,1
DA:21,1
DA:22,1
DA:23,1
DA:24,0
DA:25,0
DA:31,1
DA:32,1
DA:35,0
DA:39,0
DA:43,0
DA:47,0
DA:51,0
DA:52,0
DA:54,0
DA:55,0
DA:56,0
DA:57,0
DA:60,0
DA:61,0
DA:62,0
DA:65,0
DA:66,0
DA:69,0
DA:70,0
DA:74,0
DA:75,0
DA:76,0
DA:77,0
DA:78,0
DA:80,0
DA:82,0
DA:83,0
DA:84,0
DA:87,0
DA:93,0
DA:99,1
DA:100,1
DA:101,1
DA:104,0
DA:105,0
DA:109,0
DA:110,0
DA:111,0
DA:113,0
DA:114,0
DA:117,0
DA:125,0
DA:129,0
DA:130,0
DA:131,0
DA:133,0
DA:134,0
DA:137,0
DA:144,0
DA:148,0
DA:149,0
DA:150,0
DA:153,0
DA:157,0
DA:162,0
DA:166,0
DA:167,0
DA:170,0
DA:172,0
DA:173,0
DA:175,0
DA:176,0
DA:180,0
DA:181,0
DA:182,0
DA:185,0
DA:186,0
DA:190,1
DA:191,1
DA:194,1
LF:86
LH:22
BRDA:23,0,0,0
BRDA:23,0,1,1
BRDA:23,1,0,1
BRDA:23,1,1,1
BRDA:23,1,2,0
BRDA:31,2,0,1
BRDA:31,2,1,0
BRDA:47,3,0,0
BRDA:47,3,1,0
BRDA:47,4,0,0
BRDA:47,4,1,0
BRDA:61,5,0,0
BRDA:61,5,1,0
BRDA:65,6,0,0
BRDA:65,6,1,0
BRDA:82,7,0,0
BRDA:82,7,1,0
BRDA:100,8,0,1
BRDA:100,8,1,0
BRDA:111,9,0,0
BRDA:111,9,1,0
BRDA:111,10,0,0
BRDA:111,10,1,0
BRDA:113,11,0,0
BRDA:113,11,1,0
BRDA:113,12,0,0
BRDA:113,12,1,0
BRDA:131,13,0,0
BRDA:131,13,1,0
BRDA:133,14,0,0
BRDA:133,14,1,0
BRDA:133,15,0,0
BRDA:133,15,1,0
BRDA:133,15,2,0
BRDA:148,16,0,0
BRDA:148,16,1,0
BRDA:166,17,0,0
BRDA:166,17,1,0
BRDA:166,18,0,0
BRDA:166,18,1,0
BRDA:166,18,2,0
BRDA:181,19,0,0
BRDA:181,19,1,0
BRF:43
BRH:5
end_of_record
TN:
SF:assets/js/common/Component.ts
FN:2,(anonymous_0)
FNF:1
FNH:1
FNDA:25,(anonymous_0)
LF:0
LH:0
BRDA:2,0,0,25
BRF:1
BRH:1
end_of_record
TN:
SF:assets/js/common/DataLayer.ts
FN:9,(anonymous_0)
FN:13,(anonymous_1)
FNF:2
FNH:2
FNDA:5,(anonymous_0)
FNDA:1,(anonymous_1)
DA:10,5
DA:14,1
DA:18,2
LF:3
LH:3
BRDA:10,0,0,2
BRDA:10,0,1,3
BRF:2
BRH:2
end_of_record
TN:
SF:assets/js/common/EventEmitter.ts
FN:3,(anonymous_0)
FN:9,(anonymous_1)
FN:14,(anonymous_2)
FN:20,(anonymous_3)
FN:36,(anonymous_4)
FN:47,(anonymous_5)
FN:52,(anonymous_6)
FN:60,(anonymous_7)
FN:61,(anonymous_8)
FNF:9
FNH:9
FNDA:3,(anonymous_0)
FNDA:10,(anonymous_1)
FNDA:1,(anonymous_2)
FNDA:3,(anonymous_3)
FNDA:2,(anonymous_4)
FNDA:6,(anonymous_5)
FNDA:6,(anonymous_6)
FNDA:1,(anonymous_7)
FNDA:1,(anonymous_8)
DA:4,3
DA:10,10
DA:11,7
DA:13,10
DA:14,10
DA:21,3
DA:22,1
DA:25,2
DA:26,2
DA:27,2
DA:30,2
DA:37,2
DA:38,1
DA:40,1
DA:41,1
DA:48,6
DA:49,3
DA:52,6
DA:54,3
DA:61,1
DA:62,1
DA:63,1
DA:69,3
LF:23
LH:23
BRDA:10,0,0,7
BRDA:10,0,1,3
BRDA:21,1,0,1
BRDA:21,1,1,2
BRDA:26,2,0,2
BRDA:26,2,1,0
BRDA:37,3,0,1
BRDA:37,3,1,1
BRDA:48,4,0,3
BRDA:48,4,1,3
BRF:10
BRH:9
end_of_record
TN:
SF:assets/js/common/HttpClient.ts
FN:5,(anonymous_0)
FN:12,(anonymous_1)
FN:29,(anonymous_2)
FN:47,(anonymous_3)
FN:61,(anonymous_4)
FN:81,(anonymous_5)
FN:86,(anonymous_6)
FN:95,(anonymous_7)
FN:108,(anonymous_8)
FNF:9
FNH:9
FNDA:2,(anonymous_0)
FNDA:3,(anonymous_1)
FNDA:1,(anonymous_2)
FNDA:1,(anonymous_3)
FNDA:7,(anonymous_4)
FNDA:9,(anonymous_5)
FNDA:1,(anonymous_6)
FNDA:8,(anonymous_7)
FNDA:1,(anonymous_8)
DA:6,2
DA:13,3
DA:21,3
DA:23,3
DA:30,1
DA:39,1
DA:41,1
DA:48,1
DA:53,1
DA:55,1
DA:62,7
DA:71,7
DA:73,7
DA:82,9
DA:83,7
DA:85,2
DA:86,1
DA:89,1
DA:96,8
DA:98,8
DA:99,1
DA:102,7
DA:109,1
DA:113,4
DA:114,4
LF:25
LH:25
BRDA:82,0,0,7
BRDA:82,0,1,2
BRDA:82,1,0,9
BRDA:82,1,1,9
BRDA:85,2,0,1
BRDA:85,2,1,1
BRDA:85,3,0,2
BRDA:85,3,1,2
BRDA:98,4,0,1
BRDA:98,4,1,7
BRDA:98,5,0,8
BRDA:98,5,1,8
BRF:12
BRH:12
end_of_record
TN:
SF:assets/js/components/AddCouponCode.ts
FN:16,(anonymous_1)
FN:22,(anonymous_2)
FN:23,(anonymous_3)
FN:45,(anonymous_4)
FN:55,(anonymous_5)
FNF:5
FNH:0
FNDA:0,(anonymous_1)
FNDA:0,(anonymous_2)
FNDA:0,(anonymous_3)
FNDA:0,(anonymous_4)
FNDA:0,(anonymous_5)
DA:1,1
DA:2,1
DA:3,1
DA:12,0
DA:14,0
DA:17,0
DA:18,0
DA:19,0
DA:23,0
DA:24,0
DA:26,0
DA:27,0
DA:29,0
DA:30,0
DA:33,0
DA:38,0
DA:39,0
DA:41,0
DA:46,0
DA:47,0
DA:48,0
DA:51,0
DA:56,0
DA:57,0
LF:24
LH:3
BRDA:27,0,0,0
BRDA:27,0,1,0
BRDA:29,1,0,0
BRDA:29,1,1,0
BRDA:29,2,0,0
BRDA:29,2,1,0
BRDA:47,3,0,0
BRDA:47,3,1,0
BRF:8
BRH:0
end_of_record
TN:
SF:assets/js/components/AjaxLogin.ts
FN:14,(anonymous_1)
FN:19,(anonymous_2)
FN:27,(anonymous_3)
FN:39,(anonymous_4)
FN:66,(anonymous_5)
FN:67,(anonymous_6)
FN:84,(anonymous_7)
FN:94,(anonymous_8)
FN:128,(anonymous_9)
FN:140,(anonymous_10)
FNF:10
FNH:1
FNDA:0,(anonymous_1)
FNDA:0,(anonymous_2)
FNDA:0,(anonymous_3)
FNDA:0,(anonymous_4)
FNDA:0,(anonymous_5)
FNDA:0,(anonymous_6)
FNDA:0,(anonymous_7)
FNDA:0,(anonymous_8)
FNDA:0,(anonymous_9)
FNDA:6,(anonymous_10)
DA:1,1
DA:2,1
DA:3,1
DA:4,1
DA:5,1
DA:6,1
DA:7,1
DA:10,0
DA:15,0
DA:16,0
DA:20,0
DA:21,0
DA:24,0
DA:28,0
DA:31,0
DA:33,0
DA:34,0
DA:35,0
DA:36,0
DA:39,0
DA:40,0
DA:42,0
DA:44,0
DA:45,0
DA:46,0
DA:48,0
DA:51,0
DA:52,0
DA:55,0
DA:56,0
DA:57,0
DA:59,0
DA:60,0
DA:64,0
DA:66,0
DA:67,0
DA:68,0
DA:75,0
DA:76,0
DA:80,0
DA:85,0
DA:88,0
DA:91,0
DA:95,0
DA:96,0
DA:97,0
DA:100,0
DA:105,0
DA:111,0
DA:113,0
DA:114,0
DA:115,0
DA:118,0
DA:120,0
DA:125,0
DA:129,0
DA:131,0
DA:133,0
DA:137,0
DA:141,6
DA:143,6
DA:144,6
DA:147,0
DA:148,0
LF:64
LH:10
BRDA:20,0,0,0
BRDA:20,0,1,0
BRDA:51,1,0,0
BRDA:51,1,1,0
BRDA:56,2,0,0
BRDA:56,2,1,0
BRDA:56,3,0,0
BRDA:56,3,1,0
BRDA:56,4,0,0
BRDA:56,4,1,0
BRDA:57,5,0,0
BRDA:57,5,1,0
BRDA:57,6,0,0
BRDA:57,6,1,0
BRDA:57,7,0,0
BRDA:57,7,1,0
BRDA:59,8,0,0
BRDA:59,8,1,0
BRDA:59,9,0,0
BRDA:59,9,1,0
BRDA:75,10,0,0
BRDA:75,10,1,0
BRDA:85,11,0,0
BRDA:85,11,1,0
BRDA:96,12,0,0
BRDA:96,12,1,0
BRDA:114,13,0,0
BRDA:114,13,1,0
BRDA:131,14,0,0
BRDA:131,14,1,0
BRDA:140,15,0,0
BRDA:143,16,0,6
BRDA:143,16,1,0
BRF:33
BRH:1
end_of_record
TN:
SF:assets/js/components/AjaxRegister.ts
FN:16,(anonymous_1)
FN:21,(anonymous_2)
FN:29,(anonymous_3)
FN:55,(anonymous_4)
FN:84,(anonymous_5)
FN:85,(anonymous_6)
FN:104,(anonymous_7)
FN:114,(anonymous_8)
FN:148,(anonymous_9)
FNF:9
FNH:1
FNDA:0,(anonymous_1)
FNDA:0,(anonymous_2)
FNDA:0,(anonymous_3)
FNDA:0,(anonymous_4)
FNDA:0,(anonymous_5)
FNDA:0,(anonymous_6)
FNDA:0,(anonymous_7)
FNDA:0,(anonymous_8)
FNDA:6,(anonymous_9)
DA:1,1
DA:2,1
DA:3,1
DA:4,1
DA:5,1
DA:6,1
DA:7,1
DA:8,1
DA:9,1
DA:12,0
DA:17,0
DA:18,0
DA:22,0
DA:23,0
DA:26,0
DA:31,0
DA:32,0
DA:33,0
DA:34,0
DA:37,0
DA:38,0
DA:39,0
DA:40,0
DA:41,0
DA:44,0
DA:47,0
DA:49,0
DA:50,0
DA:51,0
DA:52,0
DA:55,0
DA:56,0
DA:58,0
DA:60,0
DA:61,0
DA:62,0
DA:64,0
DA:67,0
DA:68,0
DA:71,0
DA:72,0
DA:73,0
DA:74,0
DA:75,0
DA:77,0
DA:78,0
DA:82,0
DA:84,0
DA:85,0
DA:86,0
DA:95,0
DA:96,0
DA:100,0
DA:105,0
DA:108,0
DA:111,0
DA:115,0
DA:116,0
DA:117,0
DA:120,0
DA:124,0
DA:131,0
DA:133,0
DA:134,0
DA:135,0
DA:138,0
DA:140,0
DA:145,0
DA:149,6
DA:151,6
DA:152,6
DA:155,0
DA:156,0
LF:73
LH:12
BRDA:22,0,0,0
BRDA:22,0,1,0
BRDA:32,1,0,0
BRDA:32,1,1,0
BRDA:39,2,0,0
BRDA:39,2,1,0
BRDA:39,3,0,0
BRDA:39,3,1,0
BRDA:67,4,0,0
BRDA:67,4,1,0
BRDA:72,5,0,0
BRDA:72,5,1,0
BRDA:72,6,0,0
BRDA:72,6,1,0
BRDA:72,7,0,0
BRDA:72,7,1,0
BRDA:73,8,0,0
BRDA:73,8,1,0
BRDA:73,9,0,0
BRDA:73,9,1,0
BRDA:73,10,0,0
BRDA:73,10,1,0
BRDA:74,11,0,0
BRDA:74,11,1,0
BRDA:74,12,0,0
BRDA:74,12,1,0
BRDA:74,13,0,0
BRDA:74,13,1,0
BRDA:75,14,0,0
BRDA:75,14,1,0
BRDA:75,15,0,0
BRDA:75,15,1,0
BRDA:75,16,0,0
BRDA:75,16,1,0
BRDA:77,17,0,0
BRDA:77,17,1,0
BRDA:77,18,0,0
BRDA:77,18,1,0
BRDA:95,19,0,0
BRDA:95,19,1,0
BRDA:105,20,0,0
BRDA:105,20,1,0
BRDA:116,21,0,0
BRDA:116,21,1,0
BRDA:134,22,0,0
BRDA:134,22,1,0
BRDA:148,23,0,0
BRDA:151,24,0,6
BRDA:151,24,1,0
BRF:49
BRH:1
end_of_record
TN:
SF:assets/js/components/AmountSelector.ts
FN:9,(anonymous_1)
FN:14,(anonymous_2)
FN:28,(anonymous_3)
FN:30,(anonymous_4)
FN:62,(anonymous_5)
FN:76,(anonymous_6)
FNF:6
FNH:0
FNDA:0,(anonymous_1)
FNDA:0,(anonymous_2)
FNDA:0,(anonymous_3)
FNDA:0,(anonymous_4)
FNDA:0,(anonymous_5)
FNDA:0,(anonymous_6)
DA:1,1
DA:2,1
DA:5,0
DA:7,0
DA:10,0
DA:11,0
DA:14,0
DA:15,0
DA:16,0
DA:17,0
DA:20,0
DA:21,0
DA:22,0
DA:25,0
DA:30,0
DA:31,0
DA:32,0
DA:33,0
DA:36,0
DA:37,0
DA:40,0
DA:41,0
DA:44,0
DA:47,0
DA:48,0
DA:49,0
DA:50,0
DA:51,0
DA:54,0
DA:55,0
DA:57,0
DA:58,0
DA:63,0
DA:64,0
DA:66,0
DA:67,0
DA:69,0
DA:72,0
DA:73,0
DA:77,0
DA:78,0
LF:41
LH:2
BRDA:9,0,0,0
BRDA:16,1,0,0
BRDA:16,1,1,0
BRDA:16,2,0,0
BRDA:16,2,1,0
BRDA:21,3,0,0
BRDA:21,3,1,0
BRDA:21,4,0,0
BRDA:21,4,1,0
BRDA:32,5,0,0
BRDA:32,5,1,0
BRDA:36,6,0,0
BRDA:36,6,1,0
BRDA:40,7,0,0
BRDA:40,7,1,0
BRDA:66,8,0,0
BRDA:66,8,1,0
BRDA:76,9,0,0
BRF:18
BRH:0
end_of_record
TN:
SF:assets/js/components/ChangeVariantPrice.ts
FN:13,(anonymous_1)
FN:18,(anonymous_2)
FN:37,(anonymous_3)
FN:38,(anonymous_4)
FN:57,(anonymous_5)
FN:74,(anonymous_6)
FNF:6
FNH:6
FNDA:7,(anonymous_1)
FNDA:6,(anonymous_2)
FNDA:4,(anonymous_3)
FNDA:2,(anonymous_4)
FNDA:2,(anonymous_5)
FNDA:7,(anonymous_6)
DA:1,1
DA:2,1
DA:7,7
DA:9,7
DA:11,7
DA:14,7
DA:15,7
DA:19,6
DA:20,6
DA:22,6
DA:23,2
DA:26,4
DA:27,4
DA:28,1
DA:31,3
DA:33,3
DA:34,1
DA:37,2
DA:38,4
DA:39,2
DA:40,2
DA:42,2
DA:43,1
DA:46,1
DA:52,1
DA:58,2
DA:59,1
DA:62,1
DA:63,1
DA:65,1
DA:66,1
DA:69,1
DA:70,1
DA:75,7
DA:76,7
DA:77,1
DA:80,6
DA:81,6
LF:38
LH:38
BRDA:19,0,0,6
BRDA:19,0,1,2
BRDA:22,1,0,2
BRDA:22,1,1,4
BRDA:22,2,0,6
BRDA:22,2,1,2
BRDA:27,3,0,1
BRDA:27,3,1,3
BRDA:33,4,0,1
BRDA:33,4,1,2
BRDA:40,5,0,1
BRDA:40,5,1,1
BRDA:40,6,0,2
BRDA:40,6,1,1
BRDA:42,7,0,1
BRDA:42,7,1,1
BRDA:42,8,0,2
BRDA:42,8,1,1
BRDA:58,9,0,1
BRDA:58,9,1,1
BRDA:58,10,0,2
BRDA:58,10,1,1
BRDA:58,10,2,0
BRDA:65,11,0,1
BRDA:65,11,1,0
BRDA:65,12,0,1
BRDA:65,12,1,1
BRDA:69,13,0,1
BRDA:69,13,1,0
BRDA:69,14,0,1
BRDA:69,14,1,1
BRDA:74,15,0,7
BRDA:76,16,0,1
BRDA:76,16,1,6
BRF:34
BRH:31
end_of_record
TN:
SF:assets/js/components/ConfirmValidation.ts
FN:6,(anonymous_0)
FN:11,(anonymous_1)
FN:22,(anonymous_2)
FNF:3
FNH:0
FNDA:0,(anonymous_0)
FNDA:0,(anonymous_1)
FNDA:0,(anonymous_2)
DA:7,0
DA:8,0
DA:12,0
DA:16,0
DA:19,0
DA:20,0
DA:21,0
DA:22,0
DA:23,0
DA:24,0
DA:25,0
DA:26,0
DA:28,0
DA:29,0
LF:14
LH:0
BRDA:12,0,0,0
BRDA:12,0,1,0
BRDA:13,1,0,0
BRDA:13,1,1,0
BRDA:23,2,0,0
BRDA:23,2,1,0
BRF:6
BRH:0
end_of_record
TN:
SF:assets/js/components/CookieBar.ts
FN:16,(anonymous_1)
FN:21,(anonymous_2)
FN:40,(anonymous_3)
FN:47,(anonymous_4)
FN:52,(anonymous_5)
FN:57,(anonymous_6)
FN:63,(anonymous_7)
FN:69,(anonymous_8)
FNF:8
FNH:3
FNDA:6,(anonymous_1)
FNDA:6,(anonymous_2)
FNDA:0,(anonymous_3)
FNDA:0,(anonymous_4)
FNDA:0,(anonymous_5)
FNDA:0,(anonymous_6)
FNDA:0,(anonymous_7)
FNDA:6,(anonymous_8)
DA:1,1
DA:2,1
DA:3,1
DA:6,6
DA:10,6
DA:12,6
DA:14,1
DA:17,6
DA:18,6
DA:22,6
DA:23,6
DA:26,0
DA:27,0
DA:28,0
DA:31,0
DA:33,0
DA:34,0
DA:36,0
DA:37,0
DA:41,0
DA:42,0
DA:43,0
DA:44,0
DA:48,0
DA:49,0
DA:53,0
DA:54,0
DA:58,0
DA:64,0
DA:70,6
DA:71,6
LF:31
LH:13
BRDA:22,0,0,6
BRDA:22,0,1,0
BRDA:26,1,0,0
BRDA:26,1,1,0
BRDA:36,2,0,0
BRDA:36,2,1,0
BRDA:36,3,0,0
BRDA:36,3,1,0
BRDA:37,4,0,0
BRDA:37,4,1,0
BRDA:37,5,0,0
BRDA:37,5,1,0
BRDA:49,6,0,0
BRDA:49,6,1,0
BRDA:49,7,0,0
BRDA:49,7,1,0
BRDA:54,8,0,0
BRDA:54,8,1,0
BRDA:54,9,0,0
BRDA:54,9,1,0
BRF:20
BRH:1
end_of_record
TN:
SF:assets/js/components/Curtain.ts
FN:13,(anonymous_1)
FN:21,(anonymous_2)
FN:29,(anonymous_3)
FN:30,(anonymous_4)
FN:42,(anonymous_5)
FN:50,(anonymous_6)
FN:68,(anonymous_7)
FN:79,(anonymous_8)
FNF:8
FNH:8
FNDA:11,(anonymous_1)
FNDA:10,(anonymous_2)
FNDA:9,(anonymous_3)
FNDA:9,(anonymous_4)
FNDA:2,(anonymous_5)
FNDA:1,(anonymous_6)
FNDA:10,(anonymous_7)
FNDA:8,(anonymous_8)
DA:1,2
DA:2,2
DA:14,11
DA:15,11
DA:16,11
DA:17,11
DA:18,11
DA:22,10
DA:23,1
DA:26,9
DA:30,9
DA:31,9
DA:32,1
DA:35,8
DA:37,8
DA:38,6
DA:39,6
DA:40,6
DA:42,6
DA:43,2
DA:46,2
DA:47,2
DA:48,2
DA:50,2
DA:51,1
DA:55,8
DA:56,5
DA:59,3
DA:60,1
DA:61,1
DA:64,2
DA:69,10
DA:73,1
DA:76,9
DA:80,8
DA:82,8
DA:83,2
DA:84,2
DA:85,2
DA:86,1
DA:89,1
DA:90,1
DA:91,1
LF:43
LH:43
BRDA:13,0,0,8
BRDA:18,1,0,0
BRDA:18,1,1,11
BRDA:18,2,0,11
BRDA:18,2,1,0
BRDA:22,3,0,1
BRDA:22,3,1,9
BRDA:31,4,0,1
BRDA:31,4,1,8
BRDA:31,5,0,9
BRDA:31,5,1,2
BRDA:37,6,0,6
BRDA:37,6,1,2
BRDA:55,7,0,5
BRDA:55,7,1,3
BRDA:55,8,0,8
BRDA:55,8,1,4
BRDA:59,9,0,1
BRDA:59,9,1,2
BRDA:69,10,0,1
BRDA:69,10,1,9
BRDA:70,11,0,10
BRDA:70,11,1,9
BRDA:79,12,0,2
BRDA:85,13,0,1
BRDA:85,13,1,1
BRDA:89,14,0,0
BRDA:89,14,1,1
BRDA:89,15,0,1
BRDA:89,15,1,0
BRF:30
BRH:26
end_of_record
TN:
SF:assets/js/components/EmailValidation.ts
FN:11,(anonymous_1)
FN:17,(anonymous_2)
FN:25,(anonymous_3)
FN:27,(anonymous_4)
FN:33,(anonymous_5)
FN:39,(anonymous_6)
FN:57,(anonymous_7)
FN:61,(anonymous_8)
FN:65,(anonymous_9)
FN:81,(anonymous_10)
FN:88,(anonymous_11)
FN:91,(anonymous_12)
FN:102,(anonymous_13)
FNF:13
FNH:1
FNDA:0,(anonymous_1)
FNDA:0,(anonymous_2)
FNDA:0,(anonymous_3)
FNDA:0,(anonymous_4)
FNDA:0,(anonymous_5)
FNDA:0,(anonymous_6)
FNDA:0,(anonymous_7)
FNDA:0,(anonymous_8)
FNDA:0,(anonymous_9)
FNDA:0,(anonymous_10)
FNDA:0,(anonymous_11)
FNDA:0,(anonymous_12)
FNDA:6,(anonymous_13)
DA:1,1
DA:2,1
DA:9,0
DA:12,0
DA:13,0
DA:14,0
DA:18,0
DA:19,0
DA:22,0
DA:26,0
DA:27,0
DA:28,0
DA:29,0
DA:33,0
DA:34,0
DA:40,0
DA:41,0
DA:42,0
DA:44,0
DA:45,0
DA:48,0
DA:54,0
DA:58,0
DA:62,0
DA:66,0
DA:67,0
DA:68,0
DA:69,0
DA:72,0
DA:74,0
DA:75,0
DA:76,0
DA:78,0
DA:82,0
DA:83,0
DA:84,0
DA:87,0
DA:88,0
DA:92,0
DA:96,0
DA:99,0
DA:103,6
DA:104,6
DA:105,6
DA:107,0
DA:108,0
LF:46
LH:5
BRDA:18,0,0,0
BRDA:18,0,1,0
BRDA:28,1,0,0
BRDA:28,1,1,0
BRDA:42,2,0,0
BRDA:42,2,1,0
BRDA:42,3,0,0
BRDA:42,3,1,0
BRDA:42,4,0,0
BRDA:42,4,1,0
BRDA:44,5,0,0
BRDA:44,5,1,0
BRDA:67,6,0,0
BRDA:67,6,1,0
BRDA:67,7,0,0
BRDA:67,7,1,0
BRDA:68,8,0,0
BRDA:68,8,1,0
BRDA:68,9,0,0
BRDA:68,9,1,0
BRDA:82,10,0,0
BRDA:82,10,1,0
BRDA:82,11,0,0
BRDA:82,11,1,0
BRDA:82,12,0,0
BRDA:82,12,1,0
BRDA:83,13,0,0
BRDA:83,13,1,0
BRDA:92,14,0,0
BRDA:92,14,1,0
BRDA:93,15,0,0
BRDA:93,15,1,0
BRDA:102,16,0,0
BRDA:104,17,0,6
BRDA:104,17,1,0
BRF:35
BRH:1
end_of_record
TN:
SF:assets/js/components/FieldValidation.ts
FN:4,(anonymous_0)
FN:8,(anonymous_1)
FN:16,(anonymous_2)
FN:19,(anonymous_3)
FN:24,(anonymous_4)
FN:37,(anonymous_5)
FN:59,(anonymous_6)
FN:67,(anonymous_7)
FN:75,(anonymous_8)
FN:84,(anonymous_9)
FN:87,(anonymous_10)
FN:96,(anonymous_11)
FNF:12
FNH:1
FNDA:0,(anonymous_0)
FNDA:0,(anonymous_1)
FNDA:0,(anonymous_2)
FNDA:0,(anonymous_3)
FNDA:0,(anonymous_4)
FNDA:0,(anonymous_5)
FNDA:0,(anonymous_6)
FNDA:0,(anonymous_7)
FNDA:0,(anonymous_8)
FNDA:6,(anonymous_9)
FNDA:0,(anonymous_10)
FNDA:0,(anonymous_11)
DA:5,0
DA:9,0
DA:10,0
DA:13,0
DA:14,0
DA:15,0
DA:16,0
DA:19,0
DA:20,0
DA:25,0
DA:27,0
DA:28,0
DA:29,0
DA:32,0
DA:33,0
DA:34,0
DA:38,0
DA:40,0
DA:41,0
DA:44,0
DA:45,0
DA:48,0
DA:49,0
DA:52,0
DA:53,0
DA:56,0
DA:60,0
DA:61,0
DA:62,0
DA:64,0
DA:68,0
DA:69,0
DA:70,0
DA:72,0
DA:76,0
DA:77,0
DA:78,0
DA:81,0
DA:85,6
DA:87,6
DA:88,0
DA:89,0
DA:90,0
DA:91,0
DA:92,0
DA:95,0
DA:96,0
DA:97,0
DA:99,0
DA:101,0
DA:102,0
DA:103,0
DA:105,0
DA:108,0
DA:109,0
DA:112,0
LF:56
LH:2
BRDA:9,0,0,0
BRDA:9,0,1,0
BRDA:27,1,0,0
BRDA:27,1,1,0
BRDA:40,2,0,0
BRDA:40,2,1,0
BRDA:41,3,0,0
BRDA:41,3,1,0
BRDA:41,3,2,0
BRDA:44,4,0,0
BRDA:44,4,1,0
BRDA:45,5,0,0
BRDA:45,5,1,0
BRDA:45,5,2,0
BRDA:48,6,0,0
BRDA:48,6,1,0
BRDA:49,7,0,0
BRDA:49,7,1,0
BRDA:52,8,0,0
BRDA:52,8,1,0
BRDA:53,9,0,0
BRDA:53,9,1,0
BRDA:64,10,0,0
BRDA:64,10,1,0
BRDA:64,11,0,0
BRDA:64,11,1,0
BRDA:72,12,0,0
BRDA:72,12,1,0
BRDA:72,13,0,0
BRDA:72,13,1,0
BRDA:76,14,0,0
BRDA:76,14,1,0
BRDA:76,15,0,0
BRDA:76,15,1,0
BRDA:76,16,0,0
BRDA:76,16,1,0
BRDA:77,17,0,0
BRDA:77,17,1,0
BRDA:84,18,0,0
BRDA:108,19,0,0
BRDA:108,19,1,0
BRF:41
BRH:0
end_of_record
TN:
SF:assets/js/components/ForgotPassword.ts
FN:13,(anonymous_1)
FN:19,(anonymous_2)
FN:27,(anonymous_3)
FN:28,(anonymous_4)
FN:55,(anonymous_5)
FN:64,(anonymous_6)
FN:73,(anonymous_7)
FN:84,(anonymous_8)
FNF:8
FNH:1
FNDA:0,(anonymous_1)
FNDA:0,(anonymous_2)
FNDA:0,(anonymous_3)
FNDA:0,(anonymous_4)
FNDA:0,(anonymous_5)
FNDA:0,(anonymous_6)
FNDA:0,(anonymous_7)
FNDA:6,(anonymous_8)
DA:1,1
DA:2,1
DA:3,1
DA:4,1
DA:5,1
DA:8,0
DA:14,0
DA:15,0
DA:16,0
DA:20,0
DA:21,0
DA:24,0
DA:28,0
DA:29,0
DA:31,0
DA:32,0
DA:35,0
DA:36,0
DA:37,0
DA:39,0
DA:41,0
DA:42,0
DA:43,0
DA:46,0
DA:51,0
DA:56,0
DA:57,0
DA:61,0
DA:65,0
DA:66,0
DA:70,0
DA:74,0
DA:78,0
DA:81,0
DA:85,6
DA:86,6
DA:87,0
DA:88,0
DA:89,0
LF:39
LH:7
BRDA:20,0,0,0
BRDA:20,0,1,0
BRDA:32,1,0,0
BRDA:32,1,1,0
BRDA:32,2,0,0
BRDA:32,2,1,0
BRDA:32,3,0,0
BRDA:32,3,1,0
BRDA:41,4,0,0
BRDA:41,4,1,0
BRDA:74,5,0,0
BRDA:74,5,1,0
BRDA:75,6,0,0
BRDA:75,6,1,0
BRDA:84,7,0,0
BRF:15
BRH:0
end_of_record
TN:
SF:assets/js/components/HeaderSearch.ts
FN:6,(anonymous_1)
FN:11,(anonymous_2)
FN:12,(anonymous_3)
FN:27,(anonymous_4)
FN:42,(anonymous_5)
FNF:5
FNH:1
FNDA:0,(anonymous_1)
FNDA:0,(anonymous_2)
FNDA:0,(anonymous_3)
FNDA:0,(anonymous_4)
FNDA:6,(anonymous_5)
DA:1,1
DA:7,0
DA:8,0
DA:12,0
DA:13,0
DA:14,0
DA:15,0
DA:18,0
DA:19,0
DA:20,0
DA:23,0
DA:24,0
DA:27,0
DA:28,0
DA:30,0
DA:32,0
DA:33,0
DA:34,0
DA:37,0
DA:38,0
DA:43,6
DA:44,6
DA:45,6
DA:48,0
DA:49,0
LF:25
LH:4
BRDA:14,0,0,0
BRDA:14,0,1,0
BRDA:18,1,0,0
BRDA:18,1,1,0
BRDA:19,2,0,0
BRDA:19,2,1,0
BRDA:33,3,0,0
BRDA:33,3,1,0
BRDA:42,4,0,0
BRDA:44,5,0,6
BRDA:44,5,1,0
BRF:11
BRH:1
end_of_record
TN:
SF:assets/js/components/InfoPopup.ts
FN:11,(anonymous_1)
FN:18,(anonymous_2)
FN:26,(anonymous_3)
FN:35,(anonymous_4)
FN:48,(anonymous_5)
FN:59,(anonymous_6)
FNF:6
FNH:1
FNDA:0,(anonymous_1)
FNDA:0,(anonymous_2)
FNDA:0,(anonymous_3)
FNDA:0,(anonymous_4)
FNDA:0,(anonymous_5)
FNDA:6,(anonymous_6)
DA:1,1
DA:2,1
DA:12,0
DA:13,0
DA:14,0
DA:15,0
DA:19,0
DA:20,0
DA:23,0
DA:28,0
DA:36,0
DA:40,0
DA:41,0
DA:44,0
DA:45,0
DA:49,0
DA:53,0
DA:56,0
DA:60,6
DA:62,6
DA:63,0
DA:64,0
DA:65,0
DA:68,0
DA:69,0
LF:25
LH:4
BRDA:11,0,0,0
BRDA:15,1,0,0
BRDA:15,1,1,0
BRDA:19,2,0,0
BRDA:19,2,1,0
BRDA:40,3,0,0
BRDA:40,3,1,0
BRDA:49,4,0,0
BRDA:49,4,1,0
BRDA:50,5,0,0
BRDA:50,5,1,0
BRDA:59,6,0,0
BRDA:64,7,0,0
BRDA:64,7,1,0
BRF:14
BRH:0
end_of_record
TN:
SF:assets/js/components/LazyLoader.ts
FN:8,(anonymous_1)
FN:20,(anonymous_2)
FN:32,(anonymous_3)
FN:39,(anonymous_4)
FN:40,(anonymous_5)
FN:43,(anonymous_6)
FN:58,(anonymous_7)
FN:61,(anonymous_8)
FN:104,(anonymous_9)
FN:121,(anonymous_10)
FN:126,(anonymous_11)
FNF:11
FNH:11
FNDA:9,(anonymous_1)
FNDA:7,(anonymous_2)
FNDA:2,(anonymous_3)
FNDA:2,(anonymous_4)
FNDA:3,(anonymous_5)
FNDA:4,(anonymous_6)
FNDA:1,(anonymous_7)
FNDA:11,(anonymous_8)
FNDA:9,(anonymous_9)
FNDA:17,(anonymous_10)
FNDA:7,(anonymous_11)
DA:1,2
DA:9,9
DA:10,9
DA:11,9
DA:13,9
DA:14,2
DA:17,7
DA:21,7
DA:22,2
DA:23,2
DA:26,5
DA:27,6
DA:28,6
DA:33,2
DA:39,2
DA:40,2
DA:41,3
DA:42,3
DA:43,4
DA:45,1
DA:47,3
DA:48,3
DA:53,2
DA:54,1
DA:55,1
DA:58,1
DA:62,11
DA:63,11
DA:65,11
DA:66,7
DA:67,7
DA:68,1
DA:71,6
DA:74,10
DA:75,10
DA:76,2
DA:79,10
DA:83,6
DA:84,6
DA:87,10
DA:91,8
DA:92,8
DA:95,10
DA:99,6
DA:100,6
DA:105,9
DA:106,1
DA:109,8
DA:113,2
DA:114,6
DA:115,3
DA:117,3
DA:122,17
DA:123,17
DA:127,7
DA:129,7
DA:130,7
DA:131,2
DA:132,2
LF:59
LH:59
BRDA:13,0,0,2
BRDA:13,0,1,7
BRDA:21,1,0,2
BRDA:21,1,1,5
BRDA:32,2,0,0
BRDA:41,3,0,3
BRDA:41,3,1,0
BRDA:42,4,0,2
BRDA:42,4,1,1
BRDA:53,5,0,1
BRDA:53,5,1,1
BRDA:65,6,0,7
BRDA:65,6,1,4
BRDA:65,7,0,11
BRDA:65,7,1,11
BRDA:67,8,0,1
BRDA:67,8,1,6
BRDA:75,9,0,2
BRDA:75,9,1,8
BRDA:79,10,0,6
BRDA:79,10,1,4
BRDA:80,11,0,10
BRDA:80,11,1,3
BRDA:80,11,2,10
BRDA:87,12,0,8
BRDA:87,12,1,2
BRDA:88,13,0,10
BRDA:88,13,1,3
BRDA:88,13,2,10
BRDA:95,14,0,6
BRDA:95,14,1,4
BRDA:96,15,0,10
BRDA:96,15,1,3
BRDA:96,15,2,10
BRDA:105,16,0,1
BRDA:105,16,1,8
BRDA:109,17,0,2
BRDA:109,17,1,6
BRDA:110,18,0,8
BRDA:110,18,1,3
BRDA:110,18,2,1
BRDA:114,19,0,3
BRDA:114,19,1,3
BRDA:114,20,0,6
BRDA:114,20,1,6
BRF:45
BRH:43
end_of_record
TN:
SF:assets/js/components/NewsletterSubscribe.ts
FN:15,(anonymous_1)
FN:21,(anonymous_2)
FN:29,(anonymous_3)
FN:33,(anonymous_4)
FN:57,(anonymous_5)
FN:68,(anonymous_6)
FN:82,(anonymous_7)
FN:87,(anonymous_8)
FNF:8
FNH:1
FNDA:0,(anonymous_1)
FNDA:0,(anonymous_2)
FNDA:0,(anonymous_3)
FNDA:0,(anonymous_4)
FNDA:0,(anonymous_5)
FNDA:0,(anonymous_6)
FNDA:0,(anonymous_7)
FNDA:6,(anonymous_8)
DA:1,1
DA:2,1
DA:3,1
DA:4,1
DA:7,0
DA:13,0
DA:16,0
DA:17,0
DA:18,0
DA:22,0
DA:23,0
DA:26,0
DA:30,0
DA:31,0
DA:33,0
DA:34,0
DA:36,0
DA:37,0
DA:38,0
DA:39,0
DA:41,0
DA:42,0
DA:45,0
DA:52,0
DA:53,0
DA:58,0
DA:62,0
DA:65,0
DA:69,0
DA:70,0
DA:72,0
DA:79,0
DA:83,0
DA:84,0
DA:89,6
DA:91,6
DA:92,0
DA:93,0
DA:94,0
LF:39
LH:6
BRDA:22,0,0,0
BRDA:22,0,1,0
BRDA:37,1,0,0
BRDA:37,1,1,0
BRDA:37,2,0,0
BRDA:37,2,1,0
BRDA:37,3,0,0
BRDA:37,3,1,0
BRDA:38,4,0,0
BRDA:38,4,1,0
BRDA:38,5,0,0
BRDA:38,5,1,0
BRDA:38,6,0,0
BRDA:38,6,1,0
BRDA:39,7,0,0
BRDA:39,7,1,0
BRDA:39,8,0,0
BRDA:39,8,1,0
BRDA:39,9,0,0
BRDA:39,9,1,0
BRDA:41,10,0,0
BRDA:41,10,1,0
BRDA:58,11,0,0
BRDA:58,11,1,0
BRDA:59,12,0,0
BRDA:59,12,1,0
BRDA:76,13,0,0
BRDA:76,13,1,0
BRDA:87,14,0,0
BRF:29
BRH:0
end_of_record
TN:
SF:assets/js/components/PasswordReveal.ts
FN:8,(anonymous_1)
FN:14,(anonymous_2)
FN:18,(anonymous_3)
FN:30,(anonymous_4)
FN:38,(anonymous_5)
FNF:5
FNH:1
FNDA:0,(anonymous_1)
FNDA:0,(anonymous_2)
FNDA:0,(anonymous_3)
FNDA:0,(anonymous_4)
FNDA:6,(anonymous_5)
DA:1,1
DA:9,0
DA:10,0
DA:11,0
DA:15,0
DA:16,0
DA:18,0
DA:19,0
DA:21,0
DA:22,0
DA:23,0
DA:26,0
DA:31,0
DA:32,0
DA:33,0
DA:34,0
DA:35,0
DA:39,6
DA:40,6
DA:41,0
DA:42,0
DA:43,0
DA:45,0
DA:46,0
LF:24
LH:3
BRDA:21,0,0,0
BRDA:21,0,1,0
BRDA:38,1,0,0
BRDA:42,2,0,0
BRDA:42,2,1,0
BRF:5
BRH:0
end_of_record
TN:
SF:assets/js/components/SubMenu.ts
FN:6,(anonymous_1)
FN:11,(anonymous_2)
FN:12,(anonymous_3)
FN:21,(anonymous_4)
FN:27,(anonymous_5)
FN:31,(anonymous_6)
FN:33,(anonymous_7)
FNF:7
FNH:1
FNDA:0,(anonymous_1)
FNDA:0,(anonymous_2)
FNDA:0,(anonymous_3)
FNDA:0,(anonymous_4)
FNDA:0,(anonymous_5)
FNDA:6,(anonymous_6)
FNDA:0,(anonymous_7)
DA:1,1
DA:7,0
DA:8,0
DA:12,0
DA:13,0
DA:14,0
DA:15,0
DA:17,0
DA:18,0
DA:21,0
DA:22,0
DA:23,0
DA:24,0
DA:26,0
DA:27,0
DA:32,6
DA:33,6
DA:34,0
DA:35,0
LF:19
LH:3
BRDA:14,0,0,0
BRDA:14,0,1,0
BRDA:23,1,0,0
BRDA:23,1,1,0
BRDA:31,2,0,0
BRF:5
BRH:0
end_of_record
TN:
SF:assets/js/components/Toast.ts
FN:15,(anonymous_0)
FN:25,(anonymous_1)
FN:34,(anonymous_2)
FN:39,(anonymous_3)
FN:44,(anonymous_4)
FN:51,(anonymous_5)
FN:74,(anonymous_6)
FN:93,(anonymous_7)
FNF:8
FNH:0
FNDA:0,(anonymous_0)
FNDA:0,(anonymous_1)
FNDA:0,(anonymous_2)
FNDA:0,(anonymous_3)
FNDA:0,(anonymous_4)
FNDA:0,(anonymous_5)
FNDA:0,(anonymous_6)
FNDA:0,(anonymous_7)
DA:1,1
DA:13,0
DA:16,0
DA:17,0
DA:18,0
DA:20,0
DA:21,0
DA:26,0
DA:27,0
DA:30,0
DA:31,0
DA:32,0
DA:34,0
DA:35,0
DA:40,0
DA:41,0
DA:44,0
DA:45,0
DA:48,0
DA:52,0
DA:53,0
DA:55,0
DA:56,0
DA:58,0
DA:59,0
DA:60,0
DA:61,0
DA:62,0
DA:63,0
DA:65,0
DA:66,0
DA:67,0
DA:68,0
DA:69,0
DA:71,0
DA:72,0
DA:74,0
DA:76,0
DA:77,0
DA:78,0
DA:80,0
DA:81,0
DA:82,0
DA:83,0
DA:84,0
DA:85,0
DA:88,0
DA:90,0
DA:94,0
DA:98,0
DA:101,0
LF:51
LH:1
BRDA:15,0,0,0
BRDA:20,1,0,0
BRDA:20,1,1,0
BRDA:26,2,0,0
BRDA:26,2,1,0
BRDA:40,3,0,0
BRDA:40,3,1,0
BRDA:80,4,0,0
BRDA:80,4,1,0
BRDA:94,5,0,0
BRDA:94,5,1,0
BRDA:95,6,0,0
BRDA:95,6,1,0
BRF:13
BRH:0
end_of_record
TN:
SF:assets/js/enums/ToastType.ts
FN:1,(anonymous_0)
FNF:1
FNH:1
FNDA:1,(anonymous_0)
DA:1,1
DA:2,1
DA:3,1
DA:4,1
LF:4
LH:4
BRDA:1,0,0,1
BRDA:1,0,1,1
BRF:2
BRH:2
end_of_record
TN:
SF:assets/js/ui/Dialog.ts
FN:17,(anonymous_1)
FN:22,(anonymous_2)
FN:26,(anonymous_3)
FN:30,(anonymous_4)
FN:35,(anonymous_5)
FN:44,(anonymous_6)
FN:49,(anonymous_7)
FN:50,(anonymous_8)
FN:54,(anonymous_9)
FN:59,(anonymous_10)
FN:60,(anonymous_11)
FN:65,(anonymous_12)
FN:70,(anonymous_13)
FN:93,(anonymous_14)
FN:102,(anonymous_15)
FN:112,(anonymous_16)
FN:117,(anonymous_17)
FN:123,(anonymous_18)
FN:130,(anonymous_19)
FN:137,(anonymous_20)
FNF:20
FNH:19
FNDA:5,(anonymous_1)
FNDA:11,(anonymous_2)
FNDA:9,(anonymous_3)
FNDA:1,(anonymous_4)
FNDA:9,(anonymous_5)
FNDA:5,(anonymous_6)
FNDA:5,(anonymous_7)
FNDA:0,(anonymous_8)
FNDA:6,(anonymous_9)
FNDA:5,(anonymous_10)
FNDA:1,(anonymous_11)
FNDA:1,(anonymous_12)
FNDA:2,(anonymous_13)
FNDA:6,(anonymous_14)
FNDA:5,(anonymous_15)
FNDA:5,(anonymous_16)
FNDA:4,(anonymous_17)
FNDA:4,(anonymous_18)
FNDA:4,(anonymous_19)
FNDA:5,(anonymous_20)
DA:1,2
DA:2,2
DA:3,2
DA:4,2
DA:9,5
DA:11,5
DA:15,5
DA:18,5
DA:19,5
DA:23,11
DA:27,9
DA:31,1
DA:32,1
DA:36,9
DA:37,5
DA:40,4
DA:41,4
DA:45,5
DA:46,5
DA:50,5
DA:51,0
DA:54,5
DA:55,6
DA:58,5
DA:59,5
DA:60,5
DA:61,1
DA:65,5
DA:66,1
DA:71,2
DA:72,2
DA:73,1
DA:75,1
DA:81,1
DA:82,1
DA:85,1
DA:88,1
DA:89,1
DA:94,6
DA:95,1
DA:96,1
DA:99,5
DA:103,5
DA:104,0
DA:107,5
DA:108,5
DA:109,5
DA:110,5
DA:112,5
DA:113,5
DA:118,4
DA:119,4
DA:121,4
DA:123,4
DA:124,4
DA:125,4
DA:126,4
DA:131,4
DA:132,4
DA:133,4
DA:134,4
DA:138,5
LF:62
LH:60
BRDA:36,0,0,5
BRDA:36,0,1,4
BRDA:72,1,0,1
BRDA:72,1,1,1
BRDA:75,2,0,1
BRDA:75,2,1,0
BRDA:75,2,2,0
BRDA:75,2,3,0
BRDA:81,3,0,1
BRDA:81,3,1,0
BRDA:88,4,0,1
BRDA:88,4,1,0
BRDA:94,5,0,1
BRDA:94,5,1,5
BRDA:103,6,0,0
BRDA:103,6,1,5
BRDA:132,7,0,0
BRDA:132,7,1,4
BRDA:132,8,0,4
BRDA:132,8,1,4
BRDA:133,9,0,0
BRDA:133,9,1,4
BRDA:134,10,0,4
BRDA:134,10,1,4
BRF:24
BRH:16
end_of_record
TN:
SF:assets/js/ui/NewsletterPopup.ts
FN:5,(anonymous_1)
FN:10,(anonymous_2)
FNF:2
FNH:1
FNDA:6,(anonymous_1)
FNDA:0,(anonymous_2)
DA:1,1
DA:2,1
DA:6,6
DA:7,0
DA:10,6
DA:11,0
DA:12,0
LF:7
LH:4
BRDA:5,0,0,0
BRDA:6,1,0,0
BRDA:6,1,1,6
BRF:3
BRH:1
end_of_record
TN:
SF:assets/js/ui/Popup.ts
FN:5,(anonymous_1)
FN:13,(anonymous_2)
FN:47,(anonymous_3)
FN:59,(anonymous_4)
FNF:4
FNH:1
FNDA:0,(anonymous_1)
FNDA:0,(anonymous_2)
FNDA:6,(anonymous_3)
FNDA:0,(anonymous_4)
DA:1,1
DA:2,1
DA:3,1
DA:6,0
DA:8,0
DA:14,0
DA:15,0
DA:16,0
DA:18,0
DA:19,0
DA:20,0
DA:21,0
DA:24,0
DA:27,0
DA:28,0
DA:30,0
DA:31,0
DA:33,0
DA:35,0
DA:36,0
DA:39,0
DA:40,0
DA:43,0
DA:44,0
DA:48,6
DA:50,6
DA:51,6
DA:52,0
DA:54,0
DA:55,0
DA:60,0
DA:61,0
DA:63,0
LF:33
LH:6
BRDA:13,0,0,0
BRDA:15,1,0,0
BRDA:15,1,1,0
BRDA:18,2,0,0
BRDA:18,2,1,0
BRDA:19,3,0,0
BRDA:19,3,1,0
BRDA:19,4,0,0
BRDA:19,4,1,0
BRDA:30,5,0,0
BRDA:30,5,1,0
BRDA:30,6,0,0
BRDA:30,6,1,0
BRDA:35,7,0,0
BRDA:35,7,1,0
BRDA:61,8,0,0
BRDA:61,8,1,0
BRF:17
BRH:0
end_of_record
TN:
SF:assets/js/ui/SidePanel.ts
FN:5,(anonymous_1)
FN:15,(anonymous_2)
FN:49,(anonymous_3)
FN:61,(anonymous_4)
FNF:4
FNH:4
FNDA:5,(anonymous_1)
FNDA:5,(anonymous_2)
FNDA:12,(anonymous_3)
FNDA:6,(anonymous_4)
DA:1,2
DA:2,2
DA:3,2
DA:6,5
DA:8,5
DA:16,5
DA:17,5
DA:18,5
DA:20,5
DA:21,3
DA:22,1
DA:23,1
DA:26,2
DA:29,2
DA:30,2
DA:32,2
DA:33,2
DA:35,2
DA:37,2
DA:38,1
DA:41,1
DA:42,1
DA:45,1
DA:46,1
DA:50,12
DA:52,12
DA:53,12
DA:54,6
DA:56,6
DA:57,6
DA:62,6
DA:63,6
DA:66,6
DA:71,1
DA:72,1
DA:75,5
LF:36
LH:36
BRDA:15,0,0,0
BRDA:17,1,0,5
BRDA:17,1,1,0
BRDA:20,2,0,3
BRDA:20,2,1,2
BRDA:21,3,0,1
BRDA:21,3,1,2
BRDA:21,4,0,3
BRDA:21,4,1,3
BRDA:32,5,0,0
BRDA:32,5,1,2
BRDA:32,6,0,2
BRDA:32,6,1,2
BRDA:37,7,0,1
BRDA:37,7,1,1
BRDA:63,8,0,6
BRDA:63,8,1,0
BRDA:66,9,0,1
BRDA:66,9,1,5
BRDA:67,10,0,6
BRDA:67,10,1,2
BRDA:67,10,2,1
BRF:22
BRH:18
end_of_record
TN:
SF:assets/js/util/body.ts
FN:4,disableBodyScroll
FN:12,enableBodyScroll
FNF:2
FNH:2
FNDA:5,disableBodyScroll
FNDA:4,enableBodyScroll
DA:1,2
DA:2,2
DA:5,5
DA:6,5
DA:7,5
DA:8,5
DA:9,5
DA:13,4
DA:14,4
DA:15,4
DA:16,4
DA:17,4
LF:12
LH:12
BRF:0
BRH:0
end_of_record
TN:
SF:assets/js/util/cart.ts
FN:1,addOrUpdateCartTotals
FNF:1
FNH:1
FNDA:4,addOrUpdateCartTotals
DA:2,4
DA:3,4
DA:4,1
DA:7,3
DA:9,3
DA:10,2
DA:11,2
DA:14,1
DA:15,1
DA:16,1
DA:18,1
DA:21,1
LF:12
LH:12
BRDA:3,0,0,1
BRDA:3,0,1,3
BRDA:9,1,0,2
BRDA:9,1,1,1
BRDA:9,2,0,3
BRDA:9,2,1,3
BRDA:10,3,0,1
BRDA:10,3,1,1
BRDA:10,4,0,2
BRDA:10,4,1,1
BRDA:14,5,0,1
BRDA:14,5,1,0
BRF:12
BRH:11
end_of_record
TN:
SF:assets/js/util/cookies.ts
FN:1,getCookieValue
FN:4,(anonymous_1)
FN:13,setCookieValue
FNF:3
FNH:3
FNDA:12,getCookieValue
FNDA:12,(anonymous_1)
FNDA:3,setCookieValue
DA:2,12
DA:4,12
DA:6,12
DA:7,7
DA:10,5
DA:14,3
DA:19,3
DA:22,3
DA:23,4
DA:24,4
DA:25,4
DA:26,4
DA:30,3
LF:13
LH:13
BRDA:6,0,0,7
BRDA:6,0,1,5
BRDA:25,1,0,4
BRDA:25,1,1,0
BRF:4
BRH:3
end_of_record
TN:
SF:assets/js/util/dom.ts
FN:1,parseStringAsHtml
FNF:1
FNH:1
FNDA:41,parseStringAsHtml
DA:2,41
DA:3,41
DA:5,41
LF:3
LH:3
BRDA:1,0,0,1
BRDA:5,1,0,41
BRDA:5,1,1,1
BRF:3
BRH:3
end_of_record
TN:
SF:assets/js/util/links.ts
FN:1,setCurrentLinkClass
FN:13,(anonymous_1)
FN:18,stripTrailingSlash
FNF:3
FNH:3
FNDA:5,setCurrentLinkClass
FNDA:1,(anonymous_1)
FNDA:10,stripTrailingSlash
DA:2,5
DA:3,5
DA:4,5
DA:5,5
DA:6,5
DA:13,5
DA:14,1
DA:19,10
LF:8
LH:8
BRDA:20,0,0,10
BRDA:20,0,1,0
BRF:2
BRH:1
end_of_record
TN:
SF:assets/js/util/loadRecaptcha.ts
FN:4,loadRecaptcha
FN:5,(anonymous_1)
FN:8,insertRecaptchaScript
FN:18,(anonymous_3)
FN:21,loopThroughElements
FN:23,(anonymous_5)
FNF:6
FNH:0
FNDA:0,loadRecaptcha
FNDA:0,(anonymous_1)
FNDA:0,insertRecaptchaScript
FNDA:0,(anonymous_3)
FNDA:0,loopThroughElements
FNDA:0,(anonymous_5)
DA:1,1
DA:2,1
DA:5,0
DA:9,0
DA:10,0
DA:11,0
DA:12,0
DA:13,0
DA:14,0
DA:15,0
DA:18,0
DA:22,0
DA:23,0
DA:24,0
DA:25,0
DA:27,0
LF:16
LH:2
BRDA:9,0,0,0
BRDA:9,0,1,0
BRDA:24,1,0,0
BRDA:24,1,1,0
BRF:4
BRH:0
end_of_record
TN:
SF:assets/js/util/requests.ts
FN:3,sendAjaxRequest
FN:18,(anonymous_2)
FN:18,(anonymous_3)
FN:25,(anonymous_4)
FN:33,addLoadingState
FN:45,removeLoadingState
FN:58,setButtonLoadingState
FN:63,removeButtonLoadingState
FNF:8
FNH:8
FNDA:3,sendAjaxRequest
FNDA:2,(anonymous_2)
FNDA:2,(anonymous_3)
FNDA:1,(anonymous_4)
FNDA:5,addLoadingState
FNDA:4,removeLoadingState
FNDA:3,setButtonLoadingState
FNDA:3,removeButtonLoadingState
DA:1,3
DA:4,3
DA:6,3
DA:15,3
DA:16,3
DA:18,3
DA:19,2
DA:20,2
DA:22,2
DA:23,2
DA:24,2
DA:26,1
DA:27,1
DA:28,1
DA:29,1
DA:34,5
DA:35,1
DA:38,4
DA:40,4
DA:41,4
DA:42,4
DA:46,4
DA:47,1
DA:50,3
DA:52,3
DA:53,3
DA:54,3
DA:59,3
DA:60,3
DA:64,3
DA:65,3
LF:31
LH:31
BRDA:15,0,0,2
BRDA:15,0,1,1
BRDA:16,1,0,2
BRDA:16,1,1,1
BRDA:23,2,0,1
BRDA:23,2,1,1
BRDA:24,3,0,1
BRDA:24,3,1,1
BRDA:27,4,0,1
BRDA:27,4,1,0
BRDA:28,5,0,1
BRDA:28,5,1,0
BRDA:29,6,0,1
BRDA:29,6,1,0
BRDA:34,7,0,1
BRDA:34,7,1,4
BRDA:46,8,0,1
BRDA:46,8,1,3
BRDA:53,9,0,3
BRDA:53,9,1,0
BRF:20
BRH:16
end_of_record
TN:
SF:assets/js/util/string.ts
FN:1,toCamelCase
FN:2,(anonymous_1)
FNF:2
FNH:2
FNDA:1,toCamelCase
FNDA:1,(anonymous_1)
DA:2,1
DA:3,1
LF:2
LH:2
BRF:0
BRH:0
end_of_record
TN:
SF:mocks/styleMock.js
FNF:0
FNH:0
DA:1,3
LF:1
LH:1
BRF:0
BRH:0
end_of_record
