TN:
SF:assets/js/Module.ts
FN:8,(anonymous_0)
FN:13,(anonymous_1)
FN:16,(anonymous_2)
FN:21,(anonymous_3)
FN:22,(anonymous_4)
FNF:5
FNH:5
FNDA:3,(anonymous_0)
FNDA:3,(anonymous_1)
FNDA:3,(anonymous_2)
FNDA:6,(anonymous_3)
FNDA:96,(anonymous_4)
DA:3,1
DA:5,1
DA:8,1
DA:9,3
DA:14,3
DA:16,3
DA:17,3
DA:22,6
DA:24,96
LF:9
LH:9
BRDA:21,0,0,6
BRF:1
BRH:1
end_of_record
TN:
SF:assets/js/app.ts
FN:35,(anonymous_0)
FN:57,(anonymous_1)
FN:64,(anonymous_2)
FN:74,appInit
FN:81,footerUspSlider
FN:82,(anonymous_5)
FN:91,(anonymous_6)
FNF:7
FNH:4
FNDA:3,(anonymous_0)
FNDA:3,(anonymous_1)
FNDA:0,(anonymous_2)
FNDA:1,appInit
FNDA:1,footerUspSlider
FNDA:0,(anonymous_5)
FNDA:0,(anonymous_6)
DA:1,1
DA:2,1
DA:4,1
DA:5,1
DA:6,1
DA:7,1
DA:8,1
DA:9,1
DA:10,1
DA:11,1
DA:12,1
DA:13,1
DA:14,1
DA:15,1
DA:16,1
DA:17,1
DA:18,1
DA:19,1
DA:20,1
DA:21,1
DA:22,1
DA:23,1
DA:24,1
DA:25,1
DA:26,1
DA:27,1
DA:28,1
DA:29,1
DA:30,1
DA:31,1
DA:32,1
DA:33,1
DA:35,1
DA:36,3
DA:38,3
DA:58,3
DA:59,3
DA:61,3
DA:64,3
DA:65,0
DA:66,0
DA:67,0
DA:68,0
DA:69,0
DA:74,1
DA:75,1
DA:76,1
DA:78,1
DA:82,1
DA:83,0
DA:84,0
DA:85,0
DA:88,0
DA:89,0
DA:91,0
DA:92,0
DA:95,0
DA:99,1
DA:100,0
LF:59
LH:45
BRDA:84,0,0,0
BRDA:84,0,1,0
BRDA:99,1,0,0
BRDA:99,1,1,1
BRF:4
BRH:1
end_of_record
TN:
SF:assets/js/cart.ts
FN:21,(anonymous_0)
FN:22,(anonymous_1)
FN:34,(anonymous_2)
FN:43,(anonymous_3)
FN:47,(anonymous_4)
FN:51,(anonymous_5)
FN:57,(anonymous_6)
FN:66,(anonymous_7)
FN:71,(anonymous_8)
FN:80,(anonymous_9)
FN:91,(anonymous_10)
FN:112,(anonymous_11)
FN:120,(anonymous_12)
FN:132,(anonymous_13)
FN:152,(anonymous_14)
FN:171,(anonymous_15)
FN:180,(anonymous_16)
FN:194,(anonymous_17)
FN:208,(anonymous_18)
FNF:19
FNH:3
FNDA:1,(anonymous_0)
FNDA:1,(anonymous_1)
FNDA:1,(anonymous_2)
FNDA:0,(anonymous_3)
FNDA:0,(anonymous_4)
FNDA:0,(anonymous_5)
FNDA:0,(anonymous_6)
FNDA:0,(anonymous_7)
FNDA:0,(anonymous_8)
FNDA:0,(anonymous_9)
FNDA:0,(anonymous_10)
FNDA:0,(anonymous_11)
FNDA:0,(anonymous_12)
FNDA:0,(anonymous_13)
FNDA:0,(anonymous_14)
FNDA:0,(anonymous_15)
FNDA:0,(anonymous_16)
FNDA:0,(anonymous_17)
FNDA:0,(anonymous_18)
DA:2,1
DA:3,1
DA:4,1
DA:5,1
DA:6,1
DA:9,1
DA:11,1
DA:13,1
DA:15,1
DA:17,1
DA:19,1
DA:22,1
DA:23,1
DA:24,1
DA:27,0
DA:28,0
DA:29,0
DA:35,1
DA:36,1
DA:39,0
DA:40,0
DA:44,0
DA:48,0
DA:52,0
DA:58,0
DA:59,0
DA:61,0
DA:64,0
DA:65,0
DA:66,0
DA:67,0
DA:71,0
DA:72,0
DA:73,0
DA:76,0
DA:77,0
DA:80,0
DA:81,0
DA:85,0
DA:88,0
DA:89,0
DA:91,0
DA:92,0
DA:94,0
DA:96,0
DA:97,0
DA:98,0
DA:101,0
DA:107,0
DA:113,0
DA:121,0
DA:124,0
DA:125,0
DA:128,0
DA:129,0
DA:133,0
DA:134,0
DA:135,0
DA:137,0
DA:138,0
DA:141,0
DA:149,0
DA:153,0
DA:154,0
DA:155,0
DA:157,0
DA:158,0
DA:161,0
DA:168,0
DA:172,0
DA:173,0
DA:174,0
DA:177,0
DA:181,0
DA:186,0
DA:195,0
DA:196,0
DA:199,0
DA:201,0
DA:202,0
DA:204,0
DA:205,0
DA:209,0
DA:210,0
DA:211,0
DA:214,0
DA:215,0
DA:219,1
DA:220,1
DA:222,1
DA:223,1
LF:91
LH:20
BRDA:23,0,0,1
BRDA:23,0,1,0
BRDA:23,1,0,1
BRDA:23,1,1,0
BRDA:27,2,0,0
BRDA:27,2,1,0
BRDA:35,3,0,1
BRDA:35,3,1,0
BRDA:53,4,0,0
BRDA:53,4,1,0
BRDA:52,5,0,0
BRDA:52,5,1,0
BRDA:72,6,0,0
BRDA:72,6,1,0
BRDA:76,7,0,0
BRDA:76,7,1,0
BRDA:96,8,0,0
BRDA:96,8,1,0
BRDA:124,9,0,0
BRDA:124,9,1,0
BRDA:134,10,0,0
BRDA:134,10,1,0
BRDA:134,11,0,0
BRDA:134,11,1,0
BRDA:135,12,0,0
BRDA:135,12,1,0
BRDA:135,13,0,0
BRDA:135,13,1,0
BRDA:135,14,0,0
BRDA:135,14,1,0
BRDA:135,15,0,0
BRDA:135,15,1,0
BRDA:137,16,0,0
BRDA:137,16,1,0
BRDA:137,17,0,0
BRDA:137,17,1,0
BRDA:155,18,0,0
BRDA:155,18,1,0
BRDA:157,19,0,0
BRDA:157,19,1,0
BRDA:157,20,0,0
BRDA:157,20,1,0
BRDA:157,20,2,0
BRDA:172,21,0,0
BRDA:172,21,1,0
BRDA:195,22,0,0
BRDA:195,22,1,0
BRDA:195,23,0,0
BRDA:195,23,1,0
BRDA:195,23,2,0
BRDA:210,24,0,0
BRDA:210,24,1,0
BRF:52
BRH:3
end_of_record
TN:
SF:assets/js/common/Component.ts
FN:2,(anonymous_0)
FNF:1
FNH:1
FNDA:18,(anonymous_0)
DA:1,5
LF:1
LH:1
BRDA:2,0,0,18
BRF:1
BRH:1
end_of_record
TN:
SF:assets/js/common/DataLayer.ts
FN:9,(anonymous_0)
FN:13,(anonymous_1)
FNF:2
FNH:2
FNDA:5,(anonymous_0)
FNDA:1,(anonymous_1)
DA:10,5
DA:14,1
DA:15,1
DA:18,2
DA:19,2
LF:5
LH:5
BRDA:10,0,0,2
BRDA:10,0,1,3
BRF:2
BRH:2
end_of_record
TN:
SF:assets/js/common/EventEmitter.ts
FN:3,(anonymous_0)
FN:9,(anonymous_1)
FN:14,(anonymous_2)
FN:20,(anonymous_3)
FN:36,(anonymous_4)
FN:47,(anonymous_5)
FN:52,(anonymous_6)
FN:60,(anonymous_7)
FN:61,(anonymous_8)
FNF:9
FNH:9
FNDA:3,(anonymous_0)
FNDA:10,(anonymous_1)
FNDA:1,(anonymous_2)
FNDA:3,(anonymous_3)
FNDA:2,(anonymous_4)
FNDA:5,(anonymous_5)
FNDA:6,(anonymous_6)
FNDA:1,(anonymous_7)
FNDA:1,(anonymous_8)
DA:4,3
DA:10,10
DA:11,7
DA:13,10
DA:14,10
DA:21,3
DA:22,1
DA:25,2
DA:26,2
DA:27,2
DA:30,2
DA:37,2
DA:38,1
DA:40,1
DA:41,1
DA:48,5
DA:49,2
DA:52,6
DA:54,3
DA:61,1
DA:62,1
DA:63,1
DA:68,3
DA:69,3
LF:24
LH:24
BRDA:10,0,0,7
BRDA:10,0,1,3
BRDA:21,1,0,1
BRDA:21,1,1,2
BRDA:26,2,0,2
BRDA:26,2,1,0
BRDA:37,3,0,1
BRDA:37,3,1,1
BRDA:48,4,0,2
BRDA:48,4,1,3
BRF:10
BRH:9
end_of_record
TN:
SF:assets/js/common/HttpClient.ts
FN:5,(anonymous_0)
FN:12,(anonymous_1)
FN:29,(anonymous_2)
FN:46,(anonymous_3)
FN:60,(anonymous_4)
FN:78,(anonymous_5)
FN:83,(anonymous_6)
FN:92,(anonymous_7)
FN:105,(anonymous_8)
FNF:9
FNH:9
FNDA:2,(anonymous_0)
FNDA:3,(anonymous_1)
FNDA:1,(anonymous_2)
FNDA:1,(anonymous_3)
FNDA:7,(anonymous_4)
FNDA:9,(anonymous_5)
FNDA:1,(anonymous_6)
FNDA:8,(anonymous_7)
FNDA:1,(anonymous_8)
DA:6,2
DA:13,3
DA:21,3
DA:23,3
DA:30,1
DA:38,1
DA:40,1
DA:47,1
DA:52,1
DA:54,1
DA:61,7
DA:70,7
DA:72,7
DA:79,9
DA:80,7
DA:82,2
DA:83,1
DA:86,1
DA:93,8
DA:95,8
DA:96,1
DA:99,7
DA:106,1
DA:110,4
DA:111,4
LF:25
LH:25
BRDA:79,0,0,7
BRDA:79,0,1,2
BRDA:79,1,0,9
BRDA:79,1,1,9
BRDA:82,2,0,1
BRDA:82,2,1,1
BRDA:82,3,0,2
BRDA:82,3,1,2
BRDA:95,4,0,1
BRDA:95,4,1,7
BRDA:95,5,0,8
BRDA:95,5,1,8
BRF:12
BRH:12
end_of_record
TN:
SF:assets/js/components/AddCouponCode.ts
FN:18,(anonymous_0)
FN:24,(anonymous_1)
FN:25,(anonymous_2)
FN:55,(anonymous_3)
FN:64,(anonymous_4)
FNF:5
FNH:0
FNDA:0,(anonymous_0)
FNDA:0,(anonymous_1)
FNDA:0,(anonymous_2)
FNDA:0,(anonymous_3)
FNDA:0,(anonymous_4)
DA:1,1
DA:2,1
DA:3,1
DA:5,1
DA:12,0
DA:14,0
DA:19,0
DA:20,0
DA:21,0
DA:25,0
DA:26,0
DA:28,0
DA:29,0
DA:31,0
DA:32,0
DA:35,0
DA:40,0
DA:41,0
DA:51,0
DA:56,0
DA:57,0
DA:58,0
DA:61,0
DA:65,0
DA:66,0
LF:25
LH:4
BRDA:29,0,0,0
BRDA:29,0,1,0
BRDA:31,1,0,0
BRDA:31,1,1,0
BRDA:31,2,0,0
BRDA:31,2,1,0
BRDA:57,3,0,0
BRDA:57,3,1,0
BRF:8
BRH:0
end_of_record
TN:
SF:assets/js/components/AmountSelector.ts
FN:10,(anonymous_0)
FN:49,(anonymous_1)
FN:16,(anonymous_2)
FN:17,(anonymous_3)
FN:68,(anonymous_4)
FN:82,(anonymous_5)
FNF:6
FNH:0
FNDA:0,(anonymous_0)
FNDA:0,(anonymous_1)
FNDA:0,(anonymous_2)
FNDA:0,(anonymous_3)
FNDA:0,(anonymous_4)
FNDA:0,(anonymous_5)
DA:1,1
DA:2,1
DA:3,1
DA:5,1
DA:6,0
DA:8,0
DA:11,0
DA:13,0
DA:17,0
DA:18,0
DA:19,0
DA:20,0
DA:23,0
DA:24,0
DA:27,0
DA:28,0
DA:31,0
DA:34,0
DA:35,0
DA:36,0
DA:37,0
DA:38,0
DA:41,0
DA:42,0
DA:44,0
DA:45,0
DA:49,0
DA:50,0
DA:51,0
DA:52,0
DA:55,0
DA:56,0
DA:57,0
DA:60,0
DA:61,0
DA:62,0
DA:65,0
DA:69,0
DA:70,0
DA:72,0
DA:73,0
DA:75,0
DA:78,0
DA:79,0
DA:83,0
DA:84,0
LF:46
LH:4
BRDA:10,0,0,0
BRDA:51,1,0,0
BRDA:51,1,1,0
BRDA:51,2,0,0
BRDA:51,2,1,0
BRDA:56,3,0,0
BRDA:56,3,1,0
BRDA:56,4,0,0
BRDA:56,4,1,0
BRDA:61,5,0,0
BRDA:61,5,1,0
BRDA:61,6,0,0
BRDA:61,6,1,0
BRDA:19,7,0,0
BRDA:19,7,1,0
BRDA:23,8,0,0
BRDA:23,8,1,0
BRDA:23,9,0,0
BRDA:23,9,1,0
BRDA:27,10,0,0
BRDA:27,10,1,0
BRDA:27,11,0,0
BRDA:27,11,1,0
BRDA:72,12,0,0
BRDA:72,12,1,0
BRDA:82,13,0,0
BRF:26
BRH:0
end_of_record
TN:
SF:assets/js/components/ChangeVariantPrice.ts
FN:14,(anonymous_0)
FN:19,(anonymous_1)
FN:49,(anonymous_2)
FN:50,(anonymous_3)
FN:70,(anonymous_4)
FN:79,(anonymous_5)
FN:89,(anonymous_6)
FNF:7
FNH:7
FNDA:7,(anonymous_0)
FNDA:6,(anonymous_1)
FNDA:4,(anonymous_2)
FNDA:2,(anonymous_3)
FNDA:2,(anonymous_4)
FNDA:1,(anonymous_5)
FNDA:7,(anonymous_6)
DA:2,1
DA:3,1
DA:5,1
DA:8,7
DA:10,7
DA:12,7
DA:15,7
DA:16,7
DA:20,6
DA:24,6
DA:25,2
DA:30,6
DA:34,6
DA:35,2
DA:38,4
DA:39,4
DA:40,1
DA:43,3
DA:45,3
DA:46,1
DA:49,2
DA:50,4
DA:52,2
DA:53,2
DA:55,2
DA:56,1
DA:59,1
DA:65,1
DA:71,2
DA:72,1
DA:75,1
DA:76,1
DA:78,1
DA:79,1
DA:80,1
DA:84,1
DA:85,1
DA:90,7
DA:93,7
DA:94,1
DA:97,6
DA:98,6
LF:42
LH:42
BRDA:24,0,0,2
BRDA:24,0,1,4
BRDA:34,1,0,2
BRDA:34,1,1,4
BRDA:34,2,0,6
BRDA:34,2,1,2
BRDA:39,3,0,1
BRDA:39,3,1,3
BRDA:45,4,0,1
BRDA:45,4,1,2
BRDA:53,5,0,1
BRDA:53,5,1,1
BRDA:53,6,0,2
BRDA:53,6,1,1
BRDA:55,7,0,1
BRDA:55,7,1,1
BRDA:55,8,0,2
BRDA:55,8,1,1
BRDA:71,9,0,1
BRDA:71,9,1,1
BRDA:71,10,0,2
BRDA:71,10,1,1
BRDA:71,10,2,0
BRDA:78,11,0,1
BRDA:78,11,1,0
BRDA:78,12,0,1
BRDA:78,12,1,1
BRDA:84,13,0,1
BRDA:84,13,1,0
BRDA:84,14,0,1
BRDA:84,14,1,1
BRDA:89,15,0,7
BRDA:93,16,0,1
BRDA:93,16,1,6
BRF:34
BRH:31
end_of_record
TN:
SF:assets/js/components/ConfirmValidation.ts
FN:6,(anonymous_0)
FN:11,(anonymous_1)
FN:19,(anonymous_2)
FNF:3
FNH:0
FNDA:0,(anonymous_0)
FNDA:0,(anonymous_1)
FNDA:0,(anonymous_2)
DA:1,1
DA:7,0
DA:8,0
DA:12,0
DA:13,0
DA:16,0
DA:17,0
DA:18,0
DA:19,0
DA:20,0
DA:21,0
DA:22,0
DA:23,0
DA:25,0
DA:26,0
LF:15
LH:1
BRDA:12,0,0,0
BRDA:12,0,1,0
BRDA:12,1,0,0
BRDA:12,1,1,0
BRDA:20,2,0,0
BRDA:20,2,1,0
BRF:6
BRH:0
end_of_record
TN:
SF:assets/js/components/CookieBar.ts
FN:14,(anonymous_2)
FN:21,(anonymous_3)
FN:51,(anonymous_4)
FN:57,(anonymous_5)
FN:44,_CookieBar_acceptCookies
FNF:5
FNH:3
FNDA:6,(anonymous_2)
FNDA:6,(anonymous_3)
FNDA:0,(anonymous_4)
FNDA:6,(anonymous_5)
FNDA:0,_CookieBar_acceptCookies
DA:1,1
DA:2,1
DA:3,1
DA:5,1
DA:6,6
DA:8,6
DA:10,6
DA:12,1
DA:15,6
DA:16,6
DA:22,6
DA:23,6
DA:26,0
DA:27,0
DA:28,0
DA:31,0
DA:33,0
DA:34,0
DA:38,0
DA:41,0
DA:42,0
DA:43,0
DA:47,0
DA:48,0
DA:52,0
DA:58,6
DA:59,6
LF:27
LH:14
BRDA:14,0,0,0
BRDA:22,1,0,6
BRDA:22,1,1,0
BRDA:26,2,0,0
BRDA:26,2,1,0
BRDA:34,3,0,0
BRDA:34,3,1,0
BRDA:34,4,0,0
BRDA:34,4,1,0
BRDA:57,5,0,0
BRDA:48,6,0,0
BRDA:48,6,1,0
BRDA:48,7,0,0
BRDA:48,7,1,0
BRF:14
BRH:1
end_of_record
TN:
SF:assets/js/components/CopyCoupon.ts
FN:6,(anonymous_2)
FN:11,(anonymous_3)
FN:19,(anonymous_4)
FN:20,(anonymous_5)
FN:25,(anonymous_6)
FN:40,(anonymous_7)
FN:47,(anonymous_8)
FN:55,(anonymous_9)
FN:59,(anonymous_10)
FN:63,(anonymous_11)
FN:72,(anonymous_12)
FNF:11
FNH:1
FNDA:0,(anonymous_2)
FNDA:0,(anonymous_3)
FNDA:0,(anonymous_4)
FNDA:0,(anonymous_5)
FNDA:0,(anonymous_6)
FNDA:0,(anonymous_7)
FNDA:0,(anonymous_8)
FNDA:0,(anonymous_9)
FNDA:0,(anonymous_10)
FNDA:6,(anonymous_11)
FNDA:0,(anonymous_12)
DA:1,1
DA:3,1
DA:4,0
DA:7,0
DA:8,0
DA:12,0
DA:13,0
DA:16,0
DA:20,0
DA:21,0
DA:26,0
DA:28,0
DA:29,0
DA:30,0
DA:32,0
DA:33,0
DA:36,0
DA:38,0
DA:40,0
DA:41,0
DA:44,0
DA:48,0
DA:49,0
DA:52,0
DA:56,0
DA:60,0
DA:64,6
DA:68,6
DA:69,6
DA:72,0
DA:73,0
DA:74,0
LF:32
LH:5
BRDA:12,0,0,0
BRDA:12,0,1,0
BRDA:32,1,0,0
BRDA:32,1,1,0
BRDA:32,2,0,0
BRDA:32,2,1,0
BRDA:32,2,2,0
BRDA:48,3,0,0
BRDA:48,3,1,0
BRDA:63,4,0,0
BRDA:68,5,0,6
BRDA:68,5,1,0
BRF:12
BRH:1
end_of_record
TN:
SF:assets/js/components/Curtain.ts
FN:17,(anonymous_1)
FN:13,(anonymous_2)
FN:33,(anonymous_3)
FN:41,(anonymous_4)
FN:42,(anonymous_5)
FN:54,(anonymous_6)
FN:62,(anonymous_7)
FN:83,(anonymous_8)
FN:100,(anonymous_9)
FNF:9
FNH:8
FNDA:11,(anonymous_1)
FNDA:0,(anonymous_2)
FNDA:10,(anonymous_3)
FNDA:9,(anonymous_4)
FNDA:9,(anonymous_5)
FNDA:2,(anonymous_6)
FNDA:1,(anonymous_7)
FNDA:10,(anonymous_8)
FNDA:8,(anonymous_9)
DA:1,2
DA:2,2
DA:4,2
DA:13,11
DA:14,0
DA:22,11
DA:23,11
DA:24,11
DA:25,11
DA:26,11
DA:34,10
DA:35,1
DA:38,9
DA:42,9
DA:43,9
DA:44,1
DA:47,8
DA:49,8
DA:50,6
DA:51,6
DA:52,6
DA:54,6
DA:55,2
DA:58,2
DA:59,2
DA:60,2
DA:62,2
DA:63,1
DA:67,8
DA:68,5
DA:71,3
DA:72,1
DA:73,1
DA:76,2
DA:79,9
DA:80,9
DA:84,10
DA:85,1
DA:88,9
DA:92,0
DA:93,0
DA:94,0
DA:97,0
DA:101,8
DA:105,8
DA:106,2
DA:107,2
DA:110,2
DA:111,1
DA:114,1
DA:117,1
DA:118,1
LF:52
LH:47
BRDA:20,0,0,8
BRDA:29,1,0,0
BRDA:29,1,1,11
BRDA:27,2,0,11
BRDA:27,2,1,0
BRDA:34,3,0,1
BRDA:34,3,1,9
BRDA:43,4,0,1
BRDA:43,4,1,8
BRDA:43,5,0,9
BRDA:43,5,1,2
BRDA:49,6,0,6
BRDA:49,6,1,2
BRDA:67,7,0,5
BRDA:67,7,1,3
BRDA:67,8,0,8
BRDA:67,8,1,4
BRDA:71,9,0,1
BRDA:71,9,1,2
BRDA:84,10,0,1
BRDA:84,10,1,9
BRDA:84,11,0,10
BRDA:84,11,1,9
BRDA:100,12,0,2
BRDA:110,13,0,1
BRDA:110,13,1,1
BRDA:115,14,0,1
BRDA:115,14,1,0
BRDA:92,15,0,0
BRDA:92,15,1,0
BRF:30
BRH:25
end_of_record
TN:
SF:assets/js/components/EmailValidation.ts
FN:12,(anonymous_0)
FN:18,(anonymous_1)
FN:26,(anonymous_2)
FN:28,(anonymous_3)
FN:33,(anonymous_4)
FN:39,(anonymous_5)
FN:63,(anonymous_6)
FN:67,(anonymous_7)
FN:71,(anonymous_8)
FN:79,(anonymous_9)
FNF:10
FNH:1
FNDA:0,(anonymous_0)
FNDA:0,(anonymous_1)
FNDA:0,(anonymous_2)
FNDA:0,(anonymous_3)
FNDA:0,(anonymous_4)
FNDA:0,(anonymous_5)
FNDA:0,(anonymous_6)
FNDA:0,(anonymous_7)
FNDA:0,(anonymous_8)
FNDA:6,(anonymous_9)
DA:1,1
DA:2,1
DA:3,1
DA:5,1
DA:10,0
DA:13,0
DA:14,0
DA:15,0
DA:19,0
DA:20,0
DA:23,0
DA:27,0
DA:28,0
DA:29,0
DA:30,0
DA:33,0
DA:34,0
DA:40,0
DA:41,0
DA:42,0
DA:44,0
DA:45,0
DA:48,0
DA:54,0
DA:64,0
DA:68,0
DA:72,0
DA:73,0
DA:76,0
DA:80,6
DA:81,6
DA:82,6
DA:84,0
DA:85,0
LF:34
LH:7
BRDA:19,0,0,0
BRDA:19,0,1,0
BRDA:29,1,0,0
BRDA:29,1,1,0
BRDA:42,2,0,0
BRDA:42,2,1,0
BRDA:42,3,0,0
BRDA:42,3,1,0
BRDA:42,4,0,0
BRDA:42,4,1,0
BRDA:44,5,0,0
BRDA:44,5,1,0
BRDA:72,6,0,0
BRDA:72,6,1,0
BRDA:72,7,0,0
BRDA:72,7,1,0
BRDA:79,8,0,0
BRDA:81,9,0,6
BRDA:81,9,1,0
BRF:19
BRH:1
end_of_record
TN:
SF:assets/js/components/FieldValidation.ts
FN:4,(anonymous_0)
FN:8,(anonymous_1)
FN:16,(anonymous_2)
FN:21,(anonymous_3)
FN:26,(anonymous_4)
FN:39,(anonymous_5)
FN:61,(anonymous_6)
FN:69,(anonymous_7)
FN:77,(anonymous_8)
FN:87,(anonymous_9)
FN:92,(anonymous_10)
FN:105,(anonymous_11)
FNF:12
FNH:1
FNDA:0,(anonymous_0)
FNDA:0,(anonymous_1)
FNDA:0,(anonymous_2)
FNDA:0,(anonymous_3)
FNDA:0,(anonymous_4)
FNDA:0,(anonymous_5)
FNDA:0,(anonymous_6)
FNDA:0,(anonymous_7)
FNDA:0,(anonymous_8)
FNDA:6,(anonymous_9)
FNDA:0,(anonymous_10)
FNDA:0,(anonymous_11)
DA:1,1
DA:5,0
DA:9,0
DA:10,0
DA:13,0
DA:14,0
DA:15,0
DA:16,0
DA:17,0
DA:21,0
DA:22,0
DA:27,0
DA:29,0
DA:30,0
DA:31,0
DA:34,0
DA:35,0
DA:36,0
DA:40,0
DA:42,0
DA:43,0
DA:46,0
DA:47,0
DA:50,0
DA:51,0
DA:54,0
DA:55,0
DA:58,0
DA:62,0
DA:63,0
DA:64,0
DA:66,0
DA:70,0
DA:71,0
DA:72,0
DA:74,0
DA:79,0
DA:80,0
DA:81,0
DA:84,0
DA:88,6
DA:92,6
DA:93,0
DA:96,0
DA:97,0
DA:98,0
DA:99,0
DA:102,0
DA:105,0
DA:106,0
DA:108,0
DA:110,0
DA:111,0
DA:112,0
DA:114,0
DA:117,0
DA:118,0
DA:121,0
LF:58
LH:3
BRDA:9,0,0,0
BRDA:9,0,1,0
BRDA:29,1,0,0
BRDA:29,1,1,0
BRDA:42,2,0,0
BRDA:42,2,1,0
BRDA:43,3,0,0
BRDA:43,3,1,0
BRDA:43,3,2,0
BRDA:46,4,0,0
BRDA:46,4,1,0
BRDA:47,5,0,0
BRDA:47,5,1,0
BRDA:47,5,2,0
BRDA:50,6,0,0
BRDA:50,6,1,0
BRDA:51,7,0,0
BRDA:51,7,1,0
BRDA:54,8,0,0
BRDA:54,8,1,0
BRDA:55,9,0,0
BRDA:55,9,1,0
BRDA:66,10,0,0
BRDA:66,10,1,0
BRDA:66,11,0,0
BRDA:66,11,1,0
BRDA:74,12,0,0
BRDA:74,12,1,0
BRDA:74,13,0,0
BRDA:74,13,1,0
BRDA:79,14,0,0
BRDA:79,14,1,0
BRDA:79,15,0,0
BRDA:79,15,1,0
BRDA:79,16,0,0
BRDA:79,16,1,0
BRDA:80,17,0,0
BRDA:80,17,1,0
BRDA:87,18,0,0
BRDA:105,19,0,0
BRDA:105,19,1,0
BRDA:105,20,0,0
BRDA:105,20,1,0
BRDA:117,21,0,0
BRDA:117,21,1,0
BRF:45
BRH:0
end_of_record
TN:
SF:assets/js/components/ForgotPassword.ts
FN:13,(anonymous_0)
FN:19,(anonymous_1)
FN:27,(anonymous_2)
FN:28,(anonymous_3)
FN:60,(anonymous_4)
FN:65,(anonymous_5)
FN:70,(anonymous_6)
FN:78,(anonymous_7)
FNF:8
FNH:1
FNDA:0,(anonymous_0)
FNDA:0,(anonymous_1)
FNDA:0,(anonymous_2)
FNDA:0,(anonymous_3)
FNDA:0,(anonymous_4)
FNDA:0,(anonymous_5)
FNDA:0,(anonymous_6)
FNDA:6,(anonymous_7)
DA:1,1
DA:2,1
DA:3,1
DA:4,1
DA:6,1
DA:7,0
DA:14,0
DA:15,0
DA:16,0
DA:20,0
DA:21,0
DA:24,0
DA:28,0
DA:29,0
DA:31,0
DA:32,0
DA:35,0
DA:36,0
DA:37,0
DA:39,0
DA:41,0
DA:42,0
DA:45,0
DA:50,0
DA:61,0
DA:62,0
DA:66,0
DA:67,0
DA:71,0
DA:72,0
DA:75,0
DA:79,6
DA:82,6
DA:83,0
DA:84,0
DA:85,0
LF:36
LH:7
BRDA:20,0,0,0
BRDA:20,0,1,0
BRDA:32,1,0,0
BRDA:32,1,1,0
BRDA:32,2,0,0
BRDA:32,2,1,0
BRDA:32,3,0,0
BRDA:32,3,1,0
BRDA:41,4,0,0
BRDA:41,4,1,0
BRDA:71,5,0,0
BRDA:71,5,1,0
BRDA:71,6,0,0
BRDA:71,6,1,0
BRDA:78,7,0,0
BRF:15
BRH:0
end_of_record
TN:
SF:assets/js/components/ForgotPasswordToggle.ts
FN:10,(anonymous_0)
FN:18,(anonymous_1)
FN:26,(anonymous_2)
FN:27,(anonymous_3)
FN:35,(anonymous_4)
FN:43,(anonymous_5)
FNF:6
FNH:1
FNDA:0,(anonymous_0)
FNDA:0,(anonymous_1)
FNDA:0,(anonymous_2)
FNDA:0,(anonymous_3)
FNDA:0,(anonymous_4)
FNDA:6,(anonymous_5)
DA:1,1
DA:3,1
DA:11,0
DA:12,0
DA:14,0
DA:15,0
DA:19,0
DA:20,0
DA:23,0
DA:27,0
DA:28,0
DA:30,0
DA:31,0
DA:36,0
DA:37,0
DA:40,0
DA:44,6
DA:47,6
DA:48,0
DA:49,0
DA:50,0
LF:21
LH:4
BRDA:19,0,0,0
BRDA:19,0,1,0
BRDA:36,1,0,0
BRDA:36,1,1,0
BRDA:36,2,0,0
BRDA:36,2,1,0
BRDA:43,3,0,0
BRF:7
BRH:0
end_of_record
TN:
SF:assets/js/components/HeaderSearch.ts
FN:6,(anonymous_0)
FN:11,(anonymous_1)
FN:12,(anonymous_2)
FN:27,(anonymous_3)
FN:43,(anonymous_4)
FNF:5
FNH:1
FNDA:0,(anonymous_0)
FNDA:0,(anonymous_1)
FNDA:0,(anonymous_2)
FNDA:0,(anonymous_3)
FNDA:6,(anonymous_4)
DA:1,1
DA:3,1
DA:7,0
DA:8,0
DA:12,0
DA:13,0
DA:14,0
DA:15,0
DA:18,0
DA:19,0
DA:20,0
DA:23,0
DA:24,0
DA:27,0
DA:28,0
DA:30,0
DA:33,0
DA:34,0
DA:35,0
DA:38,0
DA:39,0
DA:44,6
DA:45,6
DA:46,6
DA:49,0
DA:50,0
LF:26
LH:5
BRDA:14,0,0,0
BRDA:14,0,1,0
BRDA:19,1,0,0
BRDA:19,1,1,0
BRDA:34,2,0,0
BRDA:34,2,1,0
BRDA:43,3,0,0
BRDA:45,4,0,6
BRDA:45,4,1,0
BRF:9
BRH:1
end_of_record
TN:
SF:assets/js/components/InfoPopup.ts
FN:11,(anonymous_0)
FN:18,(anonymous_1)
FN:26,(anonymous_2)
FN:35,(anonymous_3)
FN:48,(anonymous_4)
FN:56,(anonymous_5)
FNF:6
FNH:1
FNDA:0,(anonymous_0)
FNDA:0,(anonymous_1)
FNDA:0,(anonymous_2)
FNDA:0,(anonymous_3)
FNDA:0,(anonymous_4)
FNDA:6,(anonymous_5)
DA:1,1
DA:2,1
DA:4,1
DA:12,0
DA:13,0
DA:14,0
DA:15,0
DA:19,0
DA:20,0
DA:23,0
DA:28,0
DA:36,0
DA:40,0
DA:41,0
DA:44,0
DA:45,0
DA:49,0
DA:50,0
DA:53,0
DA:57,6
DA:61,6
DA:62,0
DA:63,0
DA:64,0
DA:67,0
DA:68,0
LF:26
LH:5
BRDA:11,0,0,0
BRDA:15,1,0,0
BRDA:15,1,1,0
BRDA:19,2,0,0
BRDA:19,2,1,0
BRDA:40,3,0,0
BRDA:40,3,1,0
BRDA:49,4,0,0
BRDA:49,4,1,0
BRDA:49,5,0,0
BRDA:49,5,1,0
BRDA:56,6,0,0
BRDA:63,7,0,0
BRDA:63,7,1,0
BRF:14
BRH:0
end_of_record
TN:
SF:assets/js/components/LazyLoader.ts
FN:8,(anonymous_0)
FN:20,(anonymous_1)
FN:32,(anonymous_2)
FN:39,(anonymous_3)
FN:40,(anonymous_4)
FN:43,(anonymous_5)
FN:60,(anonymous_6)
FN:65,(anonymous_7)
FN:108,(anonymous_8)
FN:127,(anonymous_9)
FN:132,(anonymous_10)
FNF:11
FNH:11
FNDA:9,(anonymous_0)
FNDA:7,(anonymous_1)
FNDA:2,(anonymous_2)
FNDA:2,(anonymous_3)
FNDA:3,(anonymous_4)
FNDA:4,(anonymous_5)
FNDA:1,(anonymous_6)
FNDA:11,(anonymous_7)
FNDA:9,(anonymous_8)
FNDA:17,(anonymous_9)
FNDA:7,(anonymous_10)
DA:1,2
DA:3,2
DA:9,9
DA:10,9
DA:11,9
DA:13,9
DA:14,2
DA:17,7
DA:21,7
DA:22,2
DA:23,2
DA:26,5
DA:27,6
DA:28,6
DA:33,2
DA:39,2
DA:40,2
DA:41,3
DA:42,3
DA:43,2
DA:44,4
DA:47,1
DA:49,3
DA:50,3
DA:55,2
DA:56,1
DA:57,1
DA:60,1
DA:61,1
DA:66,11
DA:67,11
DA:69,11
DA:70,7
DA:71,7
DA:72,1
DA:75,6
DA:78,10
DA:79,10
DA:80,2
DA:83,10
DA:87,6
DA:88,6
DA:91,10
DA:95,8
DA:96,8
DA:99,10
DA:103,6
DA:104,6
DA:109,9
DA:110,1
DA:113,8
DA:117,2
DA:119,6
DA:120,3
DA:124,3
DA:128,17
DA:129,17
DA:133,7
DA:135,7
DA:138,7
DA:139,2
DA:141,2
LF:62
LH:62
BRDA:13,0,0,2
BRDA:13,0,1,7
BRDA:21,1,0,2
BRDA:21,1,1,5
BRDA:32,2,0,0
BRDA:41,3,0,3
BRDA:41,3,1,0
BRDA:42,4,0,2
BRDA:42,4,1,1
BRDA:55,5,0,1
BRDA:55,5,1,1
BRDA:69,6,0,7
BRDA:69,6,1,4
BRDA:69,7,0,11
BRDA:69,7,1,11
BRDA:71,8,0,1
BRDA:71,8,1,6
BRDA:79,9,0,2
BRDA:79,9,1,8
BRDA:83,10,0,6
BRDA:83,10,1,4
BRDA:84,11,0,10
BRDA:84,11,1,3
BRDA:84,11,2,10
BRDA:91,12,0,8
BRDA:91,12,1,2
BRDA:92,13,0,10
BRDA:92,13,1,3
BRDA:92,13,2,10
BRDA:99,14,0,6
BRDA:99,14,1,4
BRDA:100,15,0,10
BRDA:100,15,1,3
BRDA:100,15,2,10
BRDA:109,16,0,1
BRDA:109,16,1,8
BRDA:113,17,0,2
BRDA:113,17,1,6
BRDA:114,18,0,8
BRDA:114,18,1,3
BRDA:114,18,2,1
BRDA:119,19,0,3
BRDA:119,19,1,3
BRDA:119,20,0,6
BRDA:119,20,1,6
BRF:45
BRH:43
end_of_record
TN:
SF:assets/js/components/NewsletterSubscribe.ts
FN:15,(anonymous_0)
FN:21,(anonymous_1)
FN:29,(anonymous_2)
FN:33,(anonymous_3)
FN:63,(anonymous_4)
FN:71,(anonymous_5)
FN:85,(anonymous_6)
FN:90,(anonymous_7)
FNF:8
FNH:1
FNDA:0,(anonymous_0)
FNDA:0,(anonymous_1)
FNDA:0,(anonymous_2)
FNDA:0,(anonymous_3)
FNDA:0,(anonymous_4)
FNDA:0,(anonymous_5)
FNDA:0,(anonymous_6)
FNDA:6,(anonymous_7)
DA:1,1
DA:2,1
DA:3,1
DA:4,1
DA:6,1
DA:7,0
DA:13,0
DA:16,0
DA:17,0
DA:18,0
DA:22,0
DA:23,0
DA:26,0
DA:30,0
DA:31,0
DA:33,0
DA:34,0
DA:36,0
DA:37,0
DA:38,0
DA:39,0
DA:41,0
DA:42,0
DA:45,0
DA:52,0
DA:53,0
DA:64,0
DA:65,0
DA:68,0
DA:72,0
DA:73,0
DA:75,0
DA:82,0
DA:86,0
DA:87,0
DA:92,6
DA:98,6
DA:99,0
DA:100,0
DA:101,0
LF:40
LH:7
BRDA:22,0,0,0
BRDA:22,0,1,0
BRDA:37,1,0,0
BRDA:37,1,1,0
BRDA:37,2,0,0
BRDA:37,2,1,0
BRDA:37,3,0,0
BRDA:37,3,1,0
BRDA:38,4,0,0
BRDA:38,4,1,0
BRDA:38,5,0,0
BRDA:38,5,1,0
BRDA:38,6,0,0
BRDA:38,6,1,0
BRDA:39,7,0,0
BRDA:39,7,1,0
BRDA:39,8,0,0
BRDA:39,8,1,0
BRDA:39,9,0,0
BRDA:39,9,1,0
BRDA:41,10,0,0
BRDA:41,10,1,0
BRDA:64,11,0,0
BRDA:64,11,1,0
BRDA:64,12,0,0
BRDA:64,12,1,0
BRDA:79,13,0,0
BRDA:79,13,1,0
BRDA:90,14,0,0
BRF:29
BRH:0
end_of_record
TN:
SF:assets/js/components/PasswordReveal.ts
FN:8,(anonymous_0)
FN:16,(anonymous_1)
FN:20,(anonymous_2)
FN:32,(anonymous_3)
FN:40,(anonymous_4)
FNF:5
FNH:1
FNDA:0,(anonymous_0)
FNDA:0,(anonymous_1)
FNDA:0,(anonymous_2)
FNDA:0,(anonymous_3)
FNDA:6,(anonymous_4)
DA:1,1
DA:3,1
DA:9,0
DA:10,0
DA:11,0
DA:17,0
DA:18,0
DA:20,0
DA:21,0
DA:23,0
DA:24,0
DA:25,0
DA:28,0
DA:33,0
DA:34,0
DA:35,0
DA:36,0
DA:37,0
DA:41,6
DA:42,6
DA:43,0
DA:44,0
DA:45,0
DA:47,0
DA:48,0
LF:25
LH:4
BRDA:23,0,0,0
BRDA:23,0,1,0
BRDA:40,1,0,0
BRDA:44,2,0,0
BRDA:44,2,1,0
BRF:5
BRH:0
end_of_record
TN:
SF:assets/js/components/RedeemPointsForCoupon.ts
FN:9,(anonymous_2)
FN:14,(anonymous_3)
FN:22,(anonymous_4)
FN:23,(anonymous_5)
FN:28,(anonymous_6)
FN:55,(anonymous_7)
FN:63,(anonymous_8)
FN:67,(anonymous_9)
FN:71,(anonymous_10)
FN:80,(anonymous_11)
FNF:10
FNH:1
FNDA:0,(anonymous_2)
FNDA:0,(anonymous_3)
FNDA:0,(anonymous_4)
FNDA:0,(anonymous_5)
FNDA:0,(anonymous_6)
FNDA:0,(anonymous_7)
FNDA:0,(anonymous_8)
FNDA:0,(anonymous_9)
FNDA:6,(anonymous_10)
FNDA:0,(anonymous_11)
DA:2,1
DA:3,1
DA:4,1
DA:6,1
DA:7,0
DA:10,0
DA:11,0
DA:15,0
DA:16,0
DA:19,0
DA:23,0
DA:24,0
DA:29,0
DA:31,0
DA:33,0
DA:34,0
DA:37,0
DA:42,0
DA:52,0
DA:56,0
DA:57,0
DA:60,0
DA:64,0
DA:68,0
DA:72,6
DA:76,6
DA:77,6
DA:80,0
DA:81,0
DA:82,0
LF:30
LH:7
BRDA:15,0,0,0
BRDA:15,0,1,0
BRDA:33,1,0,0
BRDA:33,1,1,0
BRDA:56,2,0,0
BRDA:56,2,1,0
BRDA:71,3,0,0
BRDA:76,4,0,6
BRDA:76,4,1,0
BRF:9
BRH:1
end_of_record
TN:
SF:assets/js/components/VideoMediaResolver.ts
FN:11,(anonymous_2)
FN:17,(anonymous_3)
FN:25,(anonymous_4)
FN:33,(anonymous_5)
FN:72,(anonymous_6)
FN:77,(anonymous_7)
FN:41,(anonymous_9)
FN:60,_VideoMediaResolver_showSource
FNF:8
FNH:1
FNDA:0,(anonymous_2)
FNDA:0,(anonymous_3)
FNDA:0,(anonymous_4)
FNDA:0,(anonymous_5)
FNDA:6,(anonymous_6)
FNDA:0,(anonymous_7)
FNDA:0,(anonymous_9)
FNDA:0,_VideoMediaResolver_showSource
DA:1,1
DA:2,1
DA:4,1
DA:5,0
DA:7,0
DA:9,0
DA:12,0
DA:13,0
DA:14,0
DA:18,0
DA:20,0
DA:21,0
DA:23,0
DA:26,0
DA:31,0
DA:34,0
DA:41,0
DA:42,0
DA:43,0
DA:45,0
DA:48,0
DA:50,0
DA:51,0
DA:54,0
DA:55,0
DA:58,0
DA:63,0
DA:65,0
DA:66,0
DA:69,0
DA:73,6
DA:77,6
DA:78,0
DA:79,0
LF:34
LH:5
BRDA:72,0,0,0
BRDA:42,1,0,0
BRDA:42,1,1,0
BRDA:43,2,0,0
BRDA:43,2,1,0
BRDA:46,3,0,0
BRDA:46,3,1,0
BRDA:50,4,0,0
BRDA:50,4,1,0
BRDA:54,5,0,0
BRDA:54,5,1,0
BRDA:54,6,0,0
BRDA:54,6,1,0
BRDA:65,7,0,0
BRDA:65,7,1,0
BRF:15
BRH:0
end_of_record
TN:
SF:assets/js/polyfills/matchMedia.ts
FN:1,matchMediaAddEventListener
FN:9,(anonymous_1)
FN:13,matchMediaRemoveEventListener
FN:17,(anonymous_3)
FNF:4
FNH:0
FNDA:0,matchMediaAddEventListener
FNDA:0,(anonymous_1)
FNDA:0,matchMediaRemoveEventListener
FNDA:0,(anonymous_3)
DA:1,1
DA:6,0
DA:7,0
DA:9,0
DA:13,1
DA:14,0
DA:15,0
DA:17,0
LF:8
LH:2
BRDA:4,0,0,0
BRF:1
BRH:0
end_of_record
TN:
SF:assets/js/ui/Dialog.ts
FN:17,(anonymous_0)
FN:22,(anonymous_1)
FN:26,(anonymous_2)
FN:30,(anonymous_3)
FN:35,(anonymous_4)
FN:44,(anonymous_5)
FN:49,(anonymous_6)
FN:50,(anonymous_7)
FN:54,(anonymous_8)
FN:61,(anonymous_9)
FN:62,(anonymous_10)
FN:67,(anonymous_11)
FN:72,(anonymous_12)
FN:98,(anonymous_13)
FN:107,(anonymous_14)
FN:117,(anonymous_15)
FN:122,(anonymous_16)
FN:127,(anonymous_17)
FN:134,(anonymous_18)
FN:144,(anonymous_19)
FNF:20
FNH:0
FNDA:0,(anonymous_0)
FNDA:0,(anonymous_1)
FNDA:0,(anonymous_2)
FNDA:0,(anonymous_3)
FNDA:0,(anonymous_4)
FNDA:0,(anonymous_5)
FNDA:0,(anonymous_6)
FNDA:0,(anonymous_7)
FNDA:0,(anonymous_8)
FNDA:0,(anonymous_9)
FNDA:0,(anonymous_10)
FNDA:0,(anonymous_11)
FNDA:0,(anonymous_12)
FNDA:0,(anonymous_13)
FNDA:0,(anonymous_14)
FNDA:0,(anonymous_15)
FNDA:0,(anonymous_16)
FNDA:0,(anonymous_17)
FNDA:0,(anonymous_18)
FNDA:0,(anonymous_19)
DA:1,2
DA:2,2
DA:3,2
DA:4,2
DA:6,2
DA:9,0
DA:11,0
DA:18,0
DA:19,0
DA:23,0
DA:27,0
DA:31,0
DA:32,0
DA:36,0
DA:37,0
DA:40,0
DA:41,0
DA:45,0
DA:46,0
DA:50,0
DA:51,0
DA:54,0
DA:55,0
DA:58,0
DA:61,0
DA:62,0
DA:63,0
DA:67,0
DA:68,0
DA:73,0
DA:74,0
DA:75,0
DA:77,0
DA:82,0
DA:83,0
DA:86,0
DA:89,0
DA:94,0
DA:99,0
DA:100,0
DA:101,0
DA:104,0
DA:108,0
DA:109,0
DA:112,0
DA:113,0
DA:114,0
DA:115,0
DA:117,0
DA:118,0
DA:123,0
DA:125,0
DA:127,0
DA:128,0
DA:129,0
DA:130,0
DA:135,0
DA:136,0
DA:138,0
DA:141,0
DA:145,0
LF:61
LH:5
BRDA:36,0,0,0
BRDA:36,0,1,0
BRDA:74,1,0,0
BRDA:74,1,1,0
BRDA:77,2,0,0
BRDA:77,2,1,0
BRDA:77,2,2,0
BRDA:77,2,3,0
BRDA:82,3,0,0
BRDA:82,3,1,0
BRDA:89,4,0,0
BRDA:89,4,1,0
BRDA:99,5,0,0
BRDA:99,5,1,0
BRDA:108,6,0,0
BRDA:108,6,1,0
BRDA:136,7,0,0
BRDA:136,7,1,0
BRDA:136,8,0,0
BRDA:136,8,1,0
BRDA:139,9,0,0
BRDA:139,9,1,0
BRDA:141,10,0,0
BRDA:141,10,1,0
BRDA:145,11,0,0
BRDA:145,11,1,0
BRDA:145,12,0,0
BRDA:145,12,1,0
BRF:28
BRH:0
end_of_record
TN:
SF:assets/js/ui/LanguagePopup.ts
FN:6,(anonymous_0)
FN:26,(anonymous_1)
FN:48,(anonymous_2)
FN:52,(anonymous_3)
FN:53,(anonymous_4)
FN:58,(anonymous_5)
FN:64,(anonymous_6)
FNF:7
FNH:1
FNDA:6,(anonymous_0)
FNDA:0,(anonymous_1)
FNDA:0,(anonymous_2)
FNDA:0,(anonymous_3)
FNDA:0,(anonymous_4)
FNDA:0,(anonymous_5)
FNDA:0,(anonymous_6)
DA:1,1
DA:3,1
DA:5,1
DA:7,6
DA:8,0
DA:11,6
DA:12,0
DA:15,6
DA:16,6
DA:17,0
DA:20,6
DA:21,6
DA:22,6
DA:23,6
DA:26,0
DA:27,0
DA:28,0
DA:32,0
DA:33,0
DA:36,0
DA:39,0
DA:41,0
DA:46,0
DA:48,0
DA:49,0
DA:52,0
DA:53,0
DA:54,0
DA:58,0
DA:59,0
DA:64,0
DA:65,0
DA:67,0
DA:68,0
DA:71,0
DA:75,0
DA:77,0
DA:78,0
DA:81,0
LF:39
LH:11
BRDA:6,0,0,0
BRDA:7,1,0,0
BRDA:7,1,1,6
BRDA:11,2,0,0
BRDA:11,2,1,6
BRDA:16,3,0,0
BRDA:16,3,1,6
BRDA:16,4,0,6
BRDA:16,4,1,6
BRDA:16,4,2,6
BRDA:20,5,0,6
BRDA:20,5,1,0
BRDA:20,6,0,6
BRDA:20,6,1,6
BRDA:22,7,0,6
BRDA:22,7,1,0
BRDA:32,8,0,0
BRDA:32,8,1,0
BRDA:39,9,0,0
BRDA:39,9,1,0
BRDA:39,10,0,0
BRDA:39,10,1,0
BRDA:39,11,0,0
BRDA:39,11,1,0
BRDA:39,12,0,0
BRDA:39,12,1,0
BRDA:42,13,0,0
BRDA:42,13,1,0
BRDA:42,14,0,0
BRDA:42,14,1,0
BRDA:46,15,0,0
BRDA:46,15,1,0
BRDA:46,16,0,0
BRDA:46,16,1,0
BRDA:48,17,0,0
BRDA:48,17,1,0
BRDA:48,18,0,0
BRDA:48,18,1,0
BRDA:49,19,0,0
BRDA:49,19,1,0
BRDA:49,20,0,0
BRDA:49,20,1,0
BRDA:53,21,0,0
BRDA:53,21,1,0
BRDA:53,22,0,0
BRDA:53,22,1,0
BRDA:55,23,0,0
BRDA:55,23,1,0
BRDA:55,24,0,0
BRDA:55,24,1,0
BRDA:64,25,0,0
BRDA:64,25,1,0
BRDA:64,26,0,0
BRDA:64,26,1,0
BRDA:65,27,0,0
BRDA:65,27,1,0
BRDA:65,28,0,0
BRDA:65,28,1,0
BRDA:67,29,0,0
BRDA:67,29,1,0
BRDA:67,30,0,0
BRDA:67,30,1,0
BRDA:72,31,0,0
BRDA:72,31,1,0
BRDA:77,32,0,0
BRDA:77,32,1,0
BRF:66
BRH:10
end_of_record
TN:
SF:assets/js/ui/Popup.ts
FN:5,(anonymous_0)
FN:13,(anonymous_1)
FN:59,(anonymous_2)
FN:71,(anonymous_3)
FNF:4
FNH:0
FNDA:0,(anonymous_0)
FNDA:0,(anonymous_1)
FNDA:0,(anonymous_2)
FNDA:0,(anonymous_3)
DA:1,1
DA:2,1
DA:3,1
DA:5,1
DA:6,0
DA:8,0
DA:18,0
DA:21,0
DA:22,0
DA:26,0
DA:27,0
DA:28,0
DA:29,0
DA:32,0
DA:35,0
DA:36,0
DA:38,0
DA:39,0
DA:41,0
DA:43,0
DA:44,0
DA:47,0
DA:48,0
DA:51,0
DA:52,0
DA:53,0
DA:56,0
DA:60,0
DA:62,0
DA:63,0
DA:64,0
DA:66,0
DA:67,0
DA:72,0
DA:73,0
DA:75,0
LF:36
LH:4
BRDA:15,0,0,0
BRDA:16,1,0,0
BRDA:21,2,0,0
BRDA:21,2,1,0
BRDA:26,3,0,0
BRDA:26,3,1,0
BRDA:27,4,0,0
BRDA:27,4,1,0
BRDA:27,5,0,0
BRDA:27,5,1,0
BRDA:38,6,0,0
BRDA:38,6,1,0
BRDA:38,7,0,0
BRDA:38,7,1,0
BRDA:43,8,0,0
BRDA:43,8,1,0
BRDA:51,9,0,0
BRDA:51,9,1,0
BRDA:73,10,0,0
BRDA:73,10,1,0
BRF:20
BRH:0
end_of_record
TN:
SF:assets/js/ui/SidePanel.ts
FN:5,(anonymous_0)
FN:15,(anonymous_1)
FN:53,(anonymous_2)
FN:65,(anonymous_3)
FNF:4
FNH:3
FNDA:0,(anonymous_0)
FNDA:4,(anonymous_1)
FNDA:11,(anonymous_2)
FNDA:5,(anonymous_3)
DA:1,2
DA:2,2
DA:3,2
DA:5,2
DA:6,0
DA:8,0
DA:16,4
DA:19,4
DA:20,4
DA:24,4
DA:25,3
DA:26,1
DA:27,1
DA:30,2
DA:33,1
DA:34,1
DA:36,1
DA:37,1
DA:39,1
DA:41,1
DA:42,1
DA:45,0
DA:46,0
DA:49,0
DA:50,0
DA:54,11
DA:56,11
DA:57,11
DA:58,5
DA:60,5
DA:61,5
DA:66,5
DA:67,5
DA:70,5
DA:75,1
DA:76,1
DA:79,4
LF:37
LH:31
BRDA:15,0,0,0
BRDA:19,1,0,4
BRDA:19,1,1,0
BRDA:24,2,0,3
BRDA:24,2,1,1
BRDA:25,3,0,1
BRDA:25,3,1,2
BRDA:25,4,0,3
BRDA:25,4,1,3
BRDA:36,5,0,0
BRDA:36,5,1,1
BRDA:36,6,0,1
BRDA:36,6,1,1
BRDA:41,7,0,1
BRDA:41,7,1,0
BRDA:67,8,0,5
BRDA:67,8,1,0
BRDA:70,9,0,1
BRDA:70,9,1,4
BRDA:71,10,0,5
BRDA:71,10,1,2
BRDA:71,10,2,1
BRF:22
BRH:17
end_of_record
TN:
SF:assets/js/util/body.ts
FN:4,disableBodyScroll
FN:13,enableBodyScroll
FNF:2
FNH:0
FNDA:0,disableBodyScroll
FNDA:0,enableBodyScroll
DA:1,2
DA:2,2
DA:4,2
DA:5,0
DA:6,0
DA:7,0
DA:8,0
DA:9,0
DA:10,0
DA:13,2
DA:14,0
DA:15,0
DA:16,0
DA:17,0
DA:18,0
DA:19,0
DA:20,0
LF:17
LH:4
BRF:0
BRH:0
end_of_record
TN:
SF:assets/js/util/cart.ts
FN:1,addOrUpdateCartTotals
FNF:1
FNH:1
FNDA:4,addOrUpdateCartTotals
DA:1,2
DA:2,4
DA:3,4
DA:4,1
DA:7,3
DA:9,3
DA:10,2
DA:11,2
DA:14,1
DA:15,1
DA:16,1
DA:18,1
DA:21,1
LF:13
LH:13
BRDA:3,0,0,1
BRDA:3,0,1,3
BRDA:9,1,0,2
BRDA:9,1,1,1
BRDA:9,2,0,3
BRDA:9,2,1,3
BRDA:10,3,0,1
BRDA:10,3,1,1
BRDA:10,4,0,2
BRDA:10,4,1,1
BRDA:14,5,0,1
BRDA:14,5,1,0
BRF:12
BRH:11
end_of_record
TN:
SF:assets/js/util/cookies.ts
FN:1,getCookieValue
FN:4,(anonymous_1)
FN:13,setCookieValue
FNF:3
FNH:3
FNDA:12,getCookieValue
FNDA:12,(anonymous_1)
FNDA:3,setCookieValue
DA:1,2
DA:2,12
DA:4,12
DA:6,12
DA:7,7
DA:10,5
DA:13,2
DA:14,3
DA:19,3
DA:22,3
DA:23,4
DA:24,4
DA:25,4
DA:26,4
DA:30,3
LF:15
LH:15
BRDA:6,0,0,7
BRDA:6,0,1,5
BRDA:25,1,0,4
BRDA:25,1,1,0
BRF:4
BRH:3
end_of_record
TN:
SF:assets/js/util/dateHelper.ts
FN:1,isDateValid
FN:5,formatDate
FN:11,formatNumberWithLeadingZero
FN:15,getFullMonthName
FNF:4
FNH:0
FNDA:0,isDateValid
FNDA:0,formatDate
FNDA:0,formatNumberWithLeadingZero
FNDA:0,getFullMonthName
DA:1,1
DA:2,0
DA:5,1
DA:6,0
DA:7,0
DA:8,0
DA:11,1
DA:12,0
DA:15,1
DA:16,0
LF:10
LH:4
BRDA:15,0,0,0
BRF:1
BRH:0
end_of_record
TN:
SF:assets/js/util/dom.ts
FN:1,parseStringAsHtml
FN:11,getAbsoluteHeight
FNF:2
FNH:1
FNDA:36,parseStringAsHtml
FNDA:0,getAbsoluteHeight
DA:1,10
DA:5,36
DA:6,36
DA:8,36
DA:11,10
DA:12,0
DA:13,0
DA:15,0
LF:8
LH:5
BRDA:3,0,0,1
BRDA:8,1,0,36
BRDA:8,1,1,1
BRF:3
BRH:3
end_of_record
TN:
SF:assets/js/util/endpoints.ts
FNF:0
FNH:0
DA:1,1
DA:5,1
LF:2
LH:2
BRF:0
BRH:0
end_of_record
TN:
SF:assets/js/util/links.ts
FN:1,setCurrentLinkClass
FN:15,(anonymous_1)
FN:20,stripTrailingSlash
FNF:3
FNH:3
FNDA:5,setCurrentLinkClass
FNDA:1,(anonymous_1)
FNDA:10,stripTrailingSlash
DA:1,2
DA:2,5
DA:3,5
DA:4,5
DA:5,5
DA:6,5
DA:15,5
DA:16,1
DA:20,2
DA:21,10
LF:10
LH:10
BRDA:21,0,0,10
BRDA:21,0,1,0
BRF:2
BRH:1
end_of_record
TN:
SF:assets/js/util/loadRecaptcha.ts
FN:4,loadRecaptcha
FN:5,(anonymous_1)
FN:10,insertRecaptchaScript
FN:20,(anonymous_3)
FN:25,loopThroughElements
FN:28,(anonymous_5)
FNF:6
FNH:0
FNDA:0,loadRecaptcha
FNDA:0,(anonymous_1)
FNDA:0,insertRecaptchaScript
FNDA:0,(anonymous_3)
FNDA:0,loopThroughElements
FNDA:0,(anonymous_5)
DA:1,1
DA:2,1
DA:4,1
DA:5,0
DA:6,0
DA:11,0
DA:12,0
DA:13,0
DA:14,0
DA:15,0
DA:16,0
DA:17,0
DA:20,0
DA:21,0
DA:26,0
DA:27,0
DA:29,0
DA:30,0
DA:32,0
LF:19
LH:3
BRDA:11,0,0,0
BRDA:11,0,1,0
BRDA:29,1,0,0
BRDA:29,1,1,0
BRF:4
BRH:0
end_of_record
TN:
SF:assets/js/util/requests.ts
FN:3,sendAjaxRequest
FN:29,(anonymous_1)
FN:30,(anonymous_2)
FN:43,(anonymous_3)
FN:51,addLoadingState
FN:63,removeLoadingState
FN:76,setButtonLoadingState
FN:81,removeButtonLoadingState
FNF:8
FNH:8
FNDA:3,sendAjaxRequest
FNDA:2,(anonymous_1)
FNDA:2,(anonymous_2)
FNDA:1,(anonymous_3)
FNDA:5,addLoadingState
FNDA:4,removeLoadingState
FNDA:3,setButtonLoadingState
FNDA:3,removeButtonLoadingState
DA:1,3
DA:3,3
DA:12,3
DA:14,3
DA:23,3
DA:24,3
DA:26,3
DA:30,2
DA:31,2
DA:32,2
DA:34,2
DA:35,0
DA:38,2
DA:39,2
DA:40,2
DA:45,1
DA:46,1
DA:47,1
DA:51,3
DA:52,5
DA:53,1
DA:56,4
DA:58,4
DA:59,4
DA:60,4
DA:63,3
DA:64,4
DA:65,1
DA:68,3
DA:70,3
DA:71,3
DA:72,3
DA:76,3
DA:77,3
DA:78,3
DA:81,3
DA:82,3
DA:83,3
LF:38
LH:37
BRDA:23,0,0,2
BRDA:23,0,1,1
BRDA:24,1,0,2
BRDA:24,1,1,1
BRDA:34,2,0,0
BRDA:34,2,1,2
BRDA:39,3,0,1
BRDA:39,3,1,1
BRDA:40,4,0,1
BRDA:40,4,1,1
BRDA:45,5,0,1
BRDA:45,5,1,0
BRDA:46,6,0,1
BRDA:46,6,1,0
BRDA:47,7,0,1
BRDA:47,7,1,0
BRDA:52,8,0,1
BRDA:52,8,1,4
BRDA:64,9,0,1
BRDA:64,9,1,3
BRDA:71,10,0,3
BRDA:71,10,1,0
BRF:22
BRH:17
end_of_record
TN:
SF:assets/js/util/string.ts
FN:1,toCamelCase
FN:2,(anonymous_1)
FN:5,toTitleCase
FN:8,(anonymous_3)
FNF:4
FNH:0
FNDA:0,toCamelCase
FNDA:0,(anonymous_1)
FNDA:0,toTitleCase
FNDA:0,(anonymous_3)
DA:1,2
DA:2,0
DA:5,2
DA:6,0
DA:8,0
LF:5
LH:2
BRF:0
BRH:0
end_of_record
TN:
SF:assets/js/util/validation.ts
FN:1,setValidationMessage
FN:17,removeExistingValidationMessages
FN:27,(anonymous_2)
FNF:3
FNH:0
FNDA:0,setValidationMessage
FNDA:0,removeExistingValidationMessages
FNDA:0,(anonymous_2)
DA:1,1
DA:2,0
DA:3,0
DA:4,0
DA:5,0
DA:8,0
DA:10,0
DA:11,0
DA:12,0
DA:14,0
DA:17,1
DA:19,0
DA:20,0
DA:21,0
DA:24,0
DA:27,0
DA:28,0
LF:17
LH:2
BRDA:2,0,0,0
BRDA:2,0,1,0
BRDA:2,1,0,0
BRDA:2,1,1,0
BRDA:3,2,0,0
BRDA:3,2,1,0
BRDA:3,3,0,0
BRDA:3,3,1,0
BRDA:4,4,0,0
BRDA:4,4,1,0
BRDA:4,5,0,0
BRDA:4,5,1,0
BRDA:19,6,0,0
BRDA:19,6,1,0
BRDA:19,7,0,0
BRDA:19,7,1,0
BRDA:19,8,0,0
BRDA:19,8,1,0
BRDA:20,9,0,0
BRDA:20,9,1,0
BRF:20
BRH:0
end_of_record
TN:
SF:assets/js/web-components/AccordionElement.ts
FN:4,(anonymous_2)
FN:21,(anonymous_3)
FN:13,(anonymous_4)
FN:17,(anonymous_5)
FN:42,(anonymous_6)
FN:49,(anonymous_7)
FN:80,(anonymous_8)
FN:101,(anonymous_9)
FN:102,(anonymous_10)
FN:56,(anonymous_12)
FN:57,_CurtainElement_expand
FN:77,(anonymous_14)
FN:78,_CurtainElement_onAnimationFinish
FN:119,(anonymous_16)
FN:122,(anonymous_17)
FN:125,(anonymous_18)
FN:126,(anonymous_19)
FN:136,_AccordionElement_closeOtherCurtains
FN:137,(anonymous_21)
FN:138,(anonymous_22)
FNF:20
FNH:0
FNDA:0,(anonymous_2)
FNDA:0,(anonymous_3)
FNDA:0,(anonymous_4)
FNDA:0,(anonymous_5)
FNDA:0,(anonymous_6)
FNDA:0,(anonymous_7)
FNDA:0,(anonymous_8)
FNDA:0,(anonymous_9)
FNDA:0,(anonymous_10)
FNDA:0,(anonymous_12)
FNDA:0,_CurtainElement_expand
FNDA:0,(anonymous_14)
FNDA:0,_CurtainElement_onAnimationFinish
FNDA:0,(anonymous_16)
FNDA:0,(anonymous_17)
FNDA:0,(anonymous_18)
FNDA:0,(anonymous_19)
FNDA:0,_AccordionElement_closeOtherCurtains
FNDA:0,(anonymous_21)
FNDA:0,(anonymous_22)
DA:1,1
DA:2,1
DA:5,0
DA:7,0
DA:9,0
DA:11,0
DA:14,0
DA:18,0
DA:21,0
DA:25,0
DA:26,0
DA:29,0
DA:30,0
DA:31,0
DA:34,0
DA:35,0
DA:36,0
DA:39,0
DA:50,0
DA:54,0
DA:55,0
DA:56,0
DA:60,0
DA:61,0
DA:63,0
DA:64,0
DA:67,0
DA:77,0
DA:81,0
DA:82,0
DA:84,0
DA:85,0
DA:87,0
DA:88,0
DA:91,0
DA:101,0
DA:102,0
DA:103,0
DA:104,0
DA:109,0
DA:110,0
DA:111,0
DA:112,0
DA:114,0
DA:116,0
DA:120,0
DA:123,0
DA:125,0
DA:126,0
DA:127,0
DA:128,0
DA:131,0
DA:137,0
DA:138,0
DA:139,0
DA:140,0
DA:145,1
DA:146,1
LF:58
LH:4
BRDA:25,0,0,0
BRDA:25,0,1,0
BRDA:29,1,0,0
BRDA:29,1,1,0
BRDA:34,2,0,0
BRDA:34,2,1,0
BRDA:34,3,0,0
BRDA:34,3,1,0
BRDA:87,4,0,0
BRDA:87,4,1,0
BRDA:63,5,0,0
BRDA:63,5,1,0
BRDA:127,6,0,0
BRDA:127,6,1,0
BRF:14
BRH:0
end_of_record
TN:
SF:assets/js/web-components/AjaxForm.ts
FN:2,(anonymous_0)
FN:6,(anonymous_1)
FN:10,(anonymous_2)
FNF:3
FNH:0
FNDA:0,(anonymous_0)
FNDA:0,(anonymous_1)
FNDA:0,(anonymous_2)
DA:1,1
DA:3,0
DA:7,0
LF:3
LH:1
BRF:0
BRH:0
end_of_record
TN:
SF:assets/js/web-components/AjaxLoginForm.ts
FN:9,(anonymous_1)
FN:14,(anonymous_2)
FN:26,(anonymous_3)
FN:44,(anonymous_4)
FN:85,(anonymous_5)
FN:86,(anonymous_6)
FN:117,_AjaxLoginForm_onSuccess
FN:132,_AjaxLoginForm_onFailure
FNF:8
FNH:0
FNDA:0,(anonymous_1)
FNDA:0,(anonymous_2)
FNDA:0,(anonymous_3)
FNDA:0,(anonymous_4)
FNDA:0,(anonymous_5)
FNDA:0,(anonymous_6)
FNDA:0,_AjaxLoginForm_onSuccess
FNDA:0,_AjaxLoginForm_onFailure
DA:1,1
DA:2,1
DA:3,1
DA:4,1
DA:5,1
DA:6,1
DA:7,1
DA:10,0
DA:12,0
DA:15,0
DA:18,0
DA:19,0
DA:22,0
DA:23,0
DA:24,0
DA:26,0
DA:27,0
DA:28,0
DA:32,0
DA:35,0
DA:36,0
DA:37,0
DA:40,0
DA:41,0
DA:45,0
DA:47,0
DA:49,0
DA:50,0
DA:51,0
DA:53,0
DA:56,0
DA:57,0
DA:60,0
DA:61,0
DA:62,0
DA:64,0
DA:65,0
DA:69,0
DA:72,0
DA:80,0
DA:84,0
DA:85,0
DA:86,0
DA:87,0
DA:90,0
DA:93,0
DA:105,0
DA:118,0
DA:119,0
DA:120,0
DA:123,0
DA:128,0
DA:130,0
DA:131,0
DA:135,0
DA:138,0
DA:141,0
DA:145,1
LF:58
LH:8
BRDA:18,0,0,0
BRDA:18,0,1,0
BRDA:27,1,0,0
BRDA:27,1,1,0
BRDA:36,2,0,0
BRDA:36,2,1,0
BRDA:41,3,0,0
BRDA:41,3,1,0
BRDA:41,4,0,0
BRDA:41,4,1,0
BRDA:56,5,0,0
BRDA:56,5,1,0
BRDA:61,6,0,0
BRDA:61,6,1,0
BRDA:61,7,0,0
BRDA:61,7,1,0
BRDA:61,8,0,0
BRDA:61,8,1,0
BRDA:62,9,0,0
BRDA:62,9,1,0
BRDA:62,10,0,0
BRDA:62,10,1,0
BRDA:62,11,0,0
BRDA:62,11,1,0
BRDA:64,12,0,0
BRDA:64,12,1,0
BRDA:64,13,0,0
BRDA:64,13,1,0
BRDA:80,14,0,0
BRDA:80,14,1,0
BRDA:84,15,0,0
BRDA:84,15,1,0
BRDA:90,16,0,0
BRDA:90,16,1,0
BRDA:119,17,0,0
BRDA:119,17,1,0
BRDA:130,18,0,0
BRDA:130,18,1,0
BRDA:138,19,0,0
BRDA:138,19,1,0
BRF:40
BRH:0
end_of_record
TN:
SF:assets/js/web-components/AjaxRegisterForm.ts
FN:10,(anonymous_1)
FN:15,(anonymous_2)
FN:47,(anonymous_3)
FN:89,(anonymous_4)
FN:90,(anonymous_5)
FN:116,_AjaxRegisterForm_onSuccess
FNF:6
FNH:0
FNDA:0,(anonymous_1)
FNDA:0,(anonymous_2)
FNDA:0,(anonymous_3)
FNDA:0,(anonymous_4)
FNDA:0,(anonymous_5)
FNDA:0,_AjaxRegisterForm_onSuccess
DA:1,1
DA:2,1
DA:3,1
DA:4,1
DA:5,1
DA:6,1
DA:7,1
DA:8,1
DA:11,0
DA:13,0
DA:16,0
DA:18,0
DA:19,0
DA:20,0
DA:23,0
DA:25,0
DA:26,0
DA:27,0
DA:31,0
DA:36,0
DA:37,0
DA:40,0
DA:41,0
DA:42,0
DA:43,0
DA:48,0
DA:50,0
DA:52,0
DA:53,0
DA:54,0
DA:56,0
DA:59,0
DA:60,0
DA:63,0
DA:64,0
DA:65,0
DA:66,0
DA:67,0
DA:69,0
DA:70,0
DA:74,0
DA:75,0
DA:85,0
DA:88,0
DA:89,0
DA:90,0
DA:91,0
DA:92,0
DA:104,0
DA:117,0
DA:118,0
DA:119,0
DA:122,0
DA:127,0
DA:129,0
DA:131,0
DA:132,0
DA:135,0
DA:139,1
LF:59
LH:9
BRDA:18,0,0,0
BRDA:18,0,1,0
BRDA:26,1,0,0
BRDA:26,1,1,0
BRDA:26,2,0,0
BRDA:26,2,1,0
BRDA:36,3,0,0
BRDA:36,3,1,0
BRDA:59,4,0,0
BRDA:59,4,1,0
BRDA:64,5,0,0
BRDA:64,5,1,0
BRDA:64,6,0,0
BRDA:64,6,1,0
BRDA:64,7,0,0
BRDA:64,7,1,0
BRDA:65,8,0,0
BRDA:65,8,1,0
BRDA:65,9,0,0
BRDA:65,9,1,0
BRDA:65,10,0,0
BRDA:65,10,1,0
BRDA:66,11,0,0
BRDA:66,11,1,0
BRDA:66,12,0,0
BRDA:66,12,1,0
BRDA:66,13,0,0
BRDA:66,13,1,0
BRDA:67,14,0,0
BRDA:67,14,1,0
BRDA:67,15,0,0
BRDA:67,15,1,0
BRDA:67,16,0,0
BRDA:67,16,1,0
BRDA:69,17,0,0
BRDA:69,17,1,0
BRDA:69,18,0,0
BRDA:69,18,1,0
BRDA:85,19,0,0
BRDA:85,19,1,0
BRDA:88,20,0,0
BRDA:88,20,1,0
BRDA:118,21,0,0
BRDA:118,21,1,0
BRDA:129,22,0,0
BRDA:129,22,1,0
BRDA:131,23,0,0
BRDA:131,23,1,0
BRF:48
BRH:0
end_of_record
TN:
SF:assets/js/web-components/BirthdayForm.ts
FN:7,(anonymous_1)
FN:14,(anonymous_2)
FN:22,(anonymous_3)
FN:51,(anonymous_4)
FN:36,_BirthdayForm_getMonthValues
FN:49,_BirthdayForm_onSubmit
FN:86,_BirthdayForm_onSuccess
FN:95,_BirthdayForm_onFailure
FNF:8
FNH:0
FNDA:0,(anonymous_1)
FNDA:0,(anonymous_2)
FNDA:0,(anonymous_3)
FNDA:0,(anonymous_4)
FNDA:0,_BirthdayForm_getMonthValues
FNDA:0,_BirthdayForm_onSubmit
FNDA:0,_BirthdayForm_onSuccess
FNDA:0,_BirthdayForm_onFailure
DA:1,1
DA:2,1
DA:3,1
DA:8,0
DA:10,0
DA:12,0
DA:15,0
DA:16,0
DA:18,0
DA:19,0
DA:22,0
DA:23,0
DA:24,0
DA:29,0
DA:30,0
DA:31,0
DA:32,0
DA:35,0
DA:39,0
DA:40,0
DA:41,0
DA:42,0
DA:43,0
DA:45,0
DA:48,0
DA:52,0
DA:53,0
DA:57,0
DA:58,0
DA:60,0
DA:61,0
DA:62,0
DA:64,0
DA:65,0
DA:68,0
DA:70,0
DA:75,0
DA:85,0
DA:89,0
DA:90,0
DA:91,0
DA:94,0
DA:102,1
LF:43
LH:4
BRDA:18,0,0,0
BRDA:18,0,1,0
BRDA:18,1,0,0
BRDA:18,1,1,0
BRDA:64,2,0,0
BRDA:64,2,1,0
BRDA:64,3,0,0
BRDA:64,3,1,0
BRDA:90,4,0,0
BRDA:90,4,1,0
BRF:10
BRH:0
end_of_record
TN:
SF:assets/js/web-components/CarouselElement.ts
FN:3,(anonymous_2)
FN:18,(anonymous_3)
FN:22,(anonymous_4)
FN:26,(anonymous_5)
FN:36,(anonymous_6)
FN:40,(anonymous_7)
FN:45,(anonymous_8)
FN:58,(anonymous_9)
FN:64,(anonymous_10)
FN:72,(anonymous_11)
FN:78,(anonymous_12)
FN:87,_CarouselElement_setCurrent
FN:95,_CarouselElement_navigate
FN:113,_CarouselElement_getTranslateX
FN:118,_CarouselElement_getItemWidth
FNF:15
FNH:0
FNDA:0,(anonymous_2)
FNDA:0,(anonymous_3)
FNDA:0,(anonymous_4)
FNDA:0,(anonymous_5)
FNDA:0,(anonymous_6)
FNDA:0,(anonymous_7)
FNDA:0,(anonymous_8)
FNDA:0,(anonymous_9)
FNDA:0,(anonymous_10)
FNDA:0,(anonymous_11)
FNDA:0,(anonymous_12)
FNDA:0,_CarouselElement_setCurrent
FNDA:0,_CarouselElement_navigate
FNDA:0,_CarouselElement_getTranslateX
FNDA:0,_CarouselElement_getItemWidth
DA:1,1
DA:4,0
DA:6,0
DA:8,0
DA:10,0
DA:12,0
DA:14,0
DA:16,0
DA:19,0
DA:23,0
DA:27,0
DA:28,0
DA:29,0
DA:30,0
DA:32,0
DA:33,0
DA:36,0
DA:37,0
DA:40,0
DA:41,0
DA:44,0
DA:45,0
DA:46,0
DA:47,0
DA:48,0
DA:50,0
DA:53,0
DA:55,0
DA:59,0
DA:60,0
DA:61,0
DA:65,0
DA:67,0
DA:68,0
DA:70,0
DA:73,0
DA:78,0
DA:79,0
DA:80,0
DA:83,0
DA:88,0
DA:90,0
DA:91,0
DA:94,0
DA:98,0
DA:99,0
DA:102,0
DA:104,0
DA:105,0
DA:108,0
DA:109,0
DA:112,0
DA:116,0
DA:117,0
DA:121,0
DA:123,0
DA:124,0
DA:127,0
DA:128,0
DA:133,0
DA:137,1
LF:61
LH:2
BRDA:32,0,0,0
BRDA:32,0,1,0
BRDA:46,1,0,0
BRDA:46,1,1,0
BRDA:61,2,0,0
BRDA:61,2,1,0
BRDA:61,3,0,0
BRDA:61,3,1,0
BRDA:79,4,0,0
BRDA:79,4,1,0
BRDA:79,5,0,0
BRDA:79,5,1,0
BRDA:88,6,0,0
BRDA:88,6,1,0
BRDA:90,7,0,0
BRDA:90,7,1,0
BRDA:98,8,0,0
BRDA:98,8,1,0
BRDA:104,9,0,0
BRDA:104,9,1,0
BRDA:108,10,0,0
BRDA:108,10,1,0
BRDA:123,11,0,0
BRDA:123,11,1,0
BRF:24
BRH:0
end_of_record
TN:
SF:assets/js/web-components/LanguageSwitcher.ts
FN:4,(anonymous_1)
FN:19,(anonymous_2)
FN:27,(anonymous_3)
FN:32,(anonymous_4)
FN:56,_LanguageSwitcher_getValue
FN:59,_LanguageSwitcher_onChange
FNF:6
FNH:0
FNDA:0,(anonymous_1)
FNDA:0,(anonymous_2)
FNDA:0,(anonymous_3)
FNDA:0,(anonymous_4)
FNDA:0,_LanguageSwitcher_getValue
FNDA:0,_LanguageSwitcher_onChange
DA:1,1
DA:3,1
DA:5,0
DA:7,0
DA:9,0
DA:10,0
DA:11,0
DA:14,0
DA:15,0
DA:16,0
DA:20,0
DA:22,0
DA:23,0
DA:28,0
DA:29,0
DA:33,0
DA:35,0
DA:38,0
DA:40,0
DA:41,0
DA:43,0
DA:44,0
DA:46,0
DA:47,0
DA:49,0
DA:50,0
DA:53,0
DA:57,0
DA:58,0
DA:62,0
DA:64,0
DA:65,0
DA:68,0
DA:70,0
DA:72,0
DA:73,0
DA:76,0
DA:80,1
LF:38
LH:3
BRDA:10,0,0,0
BRDA:10,0,1,0
BRDA:15,1,0,0
BRDA:15,1,1,0
BRDA:15,2,0,0
BRDA:15,2,1,0
BRDA:15,3,0,0
BRDA:15,3,1,0
BRDA:15,4,0,0
BRDA:15,4,1,0
BRDA:16,5,0,0
BRDA:16,5,1,0
BRDA:22,6,0,0
BRDA:22,6,1,0
BRDA:39,7,0,0
BRDA:39,7,1,0
BRDA:39,7,2,0
BRDA:39,7,3,0
BRDA:53,8,0,0
BRDA:53,8,1,0
BRDA:53,9,0,0
BRDA:53,9,1,0
BRDA:57,10,0,0
BRDA:57,10,1,0
BRDA:58,11,0,0
BRDA:58,11,1,0
BRDA:64,12,0,0
BRDA:64,12,1,0
BRDA:68,13,0,0
BRDA:68,13,1,0
BRDA:72,14,0,0
BRDA:72,14,1,0
BRF:32
BRH:0
end_of_record
TN:
SF:assets/js/web-components/LavandreSelect.ts
FN:93,(anonymous_2)
FN:79,(anonymous_3)
FN:19,(anonymous_4)
FN:23,(anonymous_5)
FN:31,(anonymous_6)
FN:35,(anonymous_7)
FN:41,(anonymous_8)
FN:45,(anonymous_9)
FN:51,(anonymous_10)
FN:55,(anonymous_11)
FN:59,(anonymous_12)
FN:63,(anonymous_13)
FN:68,(anonymous_14)
FN:72,(anonymous_15)
FN:73,(anonymous_16)
FN:120,(anonymous_17)
FN:125,(anonymous_18)
FN:130,(anonymous_19)
FN:158,_LavandreSelect_selectOption
FN:169,_LavandreSelect_filter
FN:179,(anonymous_22)
FN:186,(anonymous_23)
FN:194,_LavandreSelect_showDropdown
FN:200,_LavandreSelect_hideDropdown
FNF:24
FNH:0
FNDA:0,(anonymous_2)
FNDA:0,(anonymous_3)
FNDA:0,(anonymous_4)
FNDA:0,(anonymous_5)
FNDA:0,(anonymous_6)
FNDA:0,(anonymous_7)
FNDA:0,(anonymous_8)
FNDA:0,(anonymous_9)
FNDA:0,(anonymous_10)
FNDA:0,(anonymous_11)
FNDA:0,(anonymous_12)
FNDA:0,(anonymous_13)
FNDA:0,(anonymous_14)
FNDA:0,(anonymous_15)
FNDA:0,(anonymous_16)
FNDA:0,(anonymous_17)
FNDA:0,(anonymous_18)
FNDA:0,(anonymous_19)
FNDA:0,_LavandreSelect_selectOption
FNDA:0,_LavandreSelect_filter
FNDA:0,(anonymous_22)
FNDA:0,(anonymous_23)
FNDA:0,_LavandreSelect_showDropdown
FNDA:0,_LavandreSelect_hideDropdown
DA:1,1
DA:2,1
DA:4,1
DA:5,0
DA:7,0
DA:9,0
DA:11,0
DA:13,0
DA:15,0
DA:17,0
DA:20,0
DA:24,0
DA:25,0
DA:26,0
DA:29,0
DA:32,0
DA:36,0
DA:39,0
DA:42,0
DA:46,0
DA:47,0
DA:48,0
DA:52,0
DA:56,0
DA:60,0
DA:64,0
DA:65,0
DA:69,0
DA:73,0
DA:74,0
DA:76,0
DA:79,0
DA:80,0
DA:82,0
DA:83,0
DA:84,0
DA:87,0
DA:88,0
DA:89,0
DA:94,0
DA:96,0
DA:98,0
DA:99,0
DA:100,0
DA:101,0
DA:102,0
DA:103,0
DA:104,0
DA:105,0
DA:107,0
DA:108,0
DA:109,0
DA:110,0
DA:111,0
DA:113,0
DA:114,0
DA:115,0
DA:117,0
DA:121,0
DA:122,0
DA:126,0
DA:127,0
DA:131,0
DA:132,0
DA:133,0
DA:134,0
DA:136,0
DA:137,0
DA:140,0
DA:141,0
DA:142,0
DA:143,0
DA:145,0
DA:146,0
DA:147,0
DA:150,0
DA:151,0
DA:152,0
DA:155,0
DA:159,0
DA:160,0
DA:162,0
DA:163,0
DA:166,0
DA:167,0
DA:168,0
DA:172,0
DA:176,0
DA:178,0
DA:179,0
DA:180,0
DA:183,0
DA:186,0
DA:187,0
DA:188,0
DA:189,0
DA:191,0
DA:197,0
DA:198,0
DA:199,0
DA:203,0
DA:204,0
DA:205,0
DA:209,1
LF:104
LH:4
BRDA:93,0,0,0
BRDA:93,1,0,0
BRDA:15,2,0,0
BRDA:15,2,1,0
BRDA:82,3,0,0
BRDA:82,3,1,0
BRDA:88,4,0,0
BRDA:88,4,1,0
BRDA:88,5,0,0
BRDA:88,5,1,0
BRDA:88,5,2,0
BRDA:136,6,0,0
BRDA:136,6,1,0
BRDA:151,7,0,0
BRDA:151,7,1,0
BRDA:162,8,0,0
BRDA:162,8,1,0
BRDA:178,9,0,0
BRDA:178,9,1,0
BRDA:188,10,0,0
BRDA:188,10,1,0
BRF:21
BRH:0
end_of_record
TN:
SF:assets/js/web-components/LavandreToggle.ts
FN:1,(anonymous_2)
FN:12,(anonymous_3)
FN:16,(anonymous_4)
FN:7,(anonymous_6)
FNF:4
FNH:0
FNDA:0,(anonymous_2)
FNDA:0,(anonymous_3)
FNDA:0,(anonymous_4)
FNDA:0,(anonymous_6)
DA:1,1
DA:2,0
DA:4,0
DA:7,0
DA:8,0
DA:13,0
DA:14,0
DA:16,0
DA:17,0
DA:20,0
DA:24,1
LF:11
LH:2
BRF:0
BRH:0
end_of_record
TN:
SF:assets/js/web-components/LazyBackground.ts
FN:1,(anonymous_1)
FN:2,(anonymous_2)
FN:12,(anonymous_4)
FN:13,(anonymous_5)
FNF:4
FNH:0
FNDA:0,(anonymous_1)
FNDA:0,(anonymous_2)
FNDA:0,(anonymous_4)
FNDA:0,(anonymous_5)
DA:1,1
DA:3,0
DA:7,0
DA:8,0
DA:9,0
DA:12,0
DA:13,0
DA:14,0
DA:15,0
DA:16,0
DA:21,0
DA:25,1
LF:12
LH:2
BRDA:7,0,0,0
BRDA:7,0,1,0
BRDA:14,1,0,0
BRDA:14,1,1,0
BRF:4
BRH:0
end_of_record
TN:
SF:assets/js/web-components/SignupBlock.ts
FN:5,(anonymous_2)
FN:67,(anonymous_3)
FN:77,(anonymous_4)
FN:85,(anonymous_5)
FN:97,(anonymous_6)
FN:26,(anonymous_7)
FN:30,(anonymous_8)
FN:42,(anonymous_9)
FN:104,(anonymous_10)
FN:133,(anonymous_11)
FN:50,_SignupBlock_setTemplate
FN:65,_SignupBlock_setOverlayEventListeners
FN:131,_SignupBlock_getTemplate
FNF:13
FNH:0
FNDA:0,(anonymous_2)
FNDA:0,(anonymous_3)
FNDA:0,(anonymous_4)
FNDA:0,(anonymous_5)
FNDA:0,(anonymous_6)
FNDA:0,(anonymous_7)
FNDA:0,(anonymous_8)
FNDA:0,(anonymous_9)
FNDA:0,(anonymous_10)
FNDA:0,(anonymous_11)
FNDA:0,_SignupBlock_setTemplate
FNDA:0,_SignupBlock_setOverlayEventListeners
FNDA:0,_SignupBlock_getTemplate
DA:1,1
DA:2,1
DA:3,1
DA:5,1
DA:6,0
DA:8,0
DA:10,0
DA:12,0
DA:14,0
DA:16,0
DA:18,0
DA:22,0
DA:24,0
DA:27,0
DA:31,0
DA:33,0
DA:34,0
DA:35,0
DA:36,0
DA:38,0
DA:42,0
DA:43,0
DA:48,0
DA:49,0
DA:53,0
DA:54,0
DA:57,0
DA:58,0
DA:59,0
DA:60,0
DA:61,0
DA:64,0
DA:67,0
DA:68,0
DA:69,0
DA:70,0
DA:73,0
DA:74,0
DA:77,0
DA:78,0
DA:79,0
DA:82,0
DA:85,0
DA:86,0
DA:87,0
DA:90,0
DA:97,0
DA:98,0
DA:101,0
DA:105,0
DA:107,0
DA:108,0
DA:109,0
DA:110,0
DA:112,0
DA:113,0
DA:114,0
DA:116,0
DA:120,0
DA:121,0
DA:125,0
DA:126,0
DA:129,0
DA:134,0
DA:135,0
DA:136,0
DA:138,0
DA:140,0
DA:141,0
DA:146,0
DA:148,0
DA:149,0
DA:152,0
DA:153,0
DA:161,0
DA:165,0
DA:166,0
DA:169,0
DA:173,1
LF:79
LH:5
BRDA:10,0,0,0
BRDA:10,0,1,0
BRDA:12,1,0,0
BRDA:12,1,1,0
BRDA:14,2,0,0
BRDA:14,2,1,0
BRDA:16,3,0,0
BRDA:16,3,1,0
BRDA:68,4,0,0
BRDA:68,4,1,0
BRDA:78,5,0,0
BRDA:78,5,1,0
BRDA:82,6,0,0
BRDA:82,6,1,0
BRDA:82,7,0,0
BRDA:82,7,1,0
BRDA:86,8,0,0
BRDA:86,8,1,0
BRDA:35,9,0,0
BRDA:35,9,1,0
BRDA:35,10,0,0
BRDA:35,10,1,0
BRDA:107,11,0,0
BRDA:107,11,1,0
BRDA:140,12,0,0
BRDA:140,12,1,0
BRDA:53,13,0,0
BRDA:53,13,1,0
BRDA:57,14,0,0
BRDA:57,14,1,0
BRDA:57,15,0,0
BRDA:57,15,1,0
BRDA:60,16,0,0
BRDA:60,16,1,0
BRDA:120,17,0,0
BRDA:120,17,1,0
BRDA:121,18,0,0
BRDA:121,18,1,0
BRDA:121,19,0,0
BRDA:121,19,1,0
BRDA:125,20,0,0
BRDA:125,20,1,0
BRDA:148,21,0,0
BRDA:148,21,1,0
BRDA:152,22,0,0
BRDA:152,22,1,0
BRDA:154,23,0,0
BRDA:154,23,1,0
BRDA:165,24,0,0
BRDA:165,24,1,0
BRF:50
BRH:0
end_of_record
TN:
SF:mocks/styleMock.js
FNF:0
FNH:0
DA:1,3
LF:1
LH:1
BRF:0
BRH:0
end_of_record
